2024-01-11 13:33:54.825 [info] Extension host with pid 36022 started
2024-01-11 13:33:54.825 [error] Error: EEXIST: file already exists, open '/home/sss/.vscode-server/data/User/workspaceStorage/0d87a762bb5084ee4ce6d3f9b45d894f/vscode.lock'
2024-01-11 13:33:54.833 [info] Lock '/home/sss/.vscode-server/data/User/workspaceStorage/0d87a762bb5084ee4ce6d3f9b45d894f/vscode.lock': Could not acquire lock, checking if the file is stale.
2024-01-11 13:33:54.844 [info] Lock '/home/sss/.vscode-server/data/User/workspaceStorage/0d87a762bb5084ee4ce6d3f9b45d894f/vscode.lock': The lock does not look stale, elapsed: 258 ms, giving up.
2024-01-11 13:33:54.849 [info] Lock '/home/sss/.vscode-server/data/User/workspaceStorage/0d87a762bb5084ee4ce6d3f9b45d894f-1/vscode.lock': Lock acquired.
2024-01-11 13:33:54.944 [info] ExtensionService#_doActivateExtension vscode.emmet, startup: false, activationEvent: 'onLanguage'
2024-01-11 13:33:54.946 [info] ExtensionService#_doActivateExtension vscode.tunnel-forwarding, startup: false, activationEvent: 'onTunnel'
2024-01-11 13:33:54.947 [info] ExtensionService#_doActivateExtension vscode.php-language-features, startup: false, activationEvent: 'onLanguage:php'
2024-01-11 13:33:54.947 [info] ExtensionService#_doActivateExtension vscode.git-base, startup: false, activationEvent: '*', root cause: vscode.git
2024-01-11 13:33:55.125 [info] ExtensionService#_doActivateExtension vscode.git, startup: false, activationEvent: '*'
2024-01-11 13:33:55.125 [info] ExtensionService#_doActivateExtension vscode.github, startup: false, activationEvent: '*'
2024-01-11 13:33:55.589 [info] Eager extensions activated
2024-01-11 13:33:55.589 [info] ExtensionService#_doActivateExtension vscode.debug-auto-launch, startup: false, activationEvent: 'onStartupFinished'
2024-01-11 13:33:55.590 [info] ExtensionService#_doActivateExtension vscode.merge-conflict, startup: false, activationEvent: 'onStartupFinished'
2024-01-11 13:33:56.180 [warning] [Decorations] CAPPING events from decorations provider vscode.git 3892
2024-01-11 13:33:57.453 [warning] [Decorations] CAPPING events from decorations provider vscode.git 3892
2024-01-11 13:38:58.999 [warning] [Decorations] CAPPING events from decorations provider vscode.git 3896
2024-01-11 13:39:07.234 [warning] [Decorations] CAPPING events from decorations provider vscode.git 3896
2024-01-11 13:39:12.418 [warning] [Decorations] CAPPING events from decorations provider vscode.git 3896
2024-01-11 13:39:18.977 [warning] [Decorations] CAPPING events from decorations provider vscode.git 3896
2024-01-11 13:39:24.159 [warning] [Decorations] CAPPING events from decorations provider vscode.git 3896
2024-01-11 13:39:29.337 [warning] [Decorations] CAPPING events from decorations provider vscode.git 3896
2024-01-11 13:39:34.539 [warning] [Decorations] CAPPING events from decorations provider vscode.git 3896
2024-01-11 13:39:48.211 [warning] [Decorations] CAPPING events from decorations provider vscode.git 3898
2024-01-11 13:39:53.369 [warning] [Decorations] CAPPING events from decorations provider vscode.git 3898
2024-01-11 13:39:56.046 [info] ExtensionService#_doActivateExtension vscode.npm, startup: false, activationEvent: 'onTerminalQuickFixRequest:ms-vscode.npm-command'
2024-01-11 13:39:58.529 [warning] [Decorations] CAPPING events from decorations provider vscode.git 3898
2024-01-11 13:40:03.711 [warning] [Decorations] CAPPING events from decorations provider vscode.git 3898
2024-01-11 13:40:08.877 [warning] [Decorations] CAPPING events from decorations provider vscode.git 3898
2024-01-11 13:40:14.050 [warning] [Decorations] CAPPING events from decorations provider vscode.git 3898
2024-01-11 13:40:35.080 [warning] [Decorations] CAPPING events from decorations provider vscode.git 3898
2024-01-11 13:40:40.260 [warning] [Decorations] CAPPING events from decorations provider vscode.git 3898
2024-01-11 13:40:45.416 [warning] [Decorations] CAPPING events from decorations provider vscode.git 3898
2024-01-11 13:40:50.589 [warning] [Decorations] CAPPING events from decorations provider vscode.git 3898
2024-01-11 13:40:55.756 [warning] [Decorations] CAPPING events from decorations provider vscode.git 3898
2024-01-11 13:41:00.927 [warning] [Decorations] CAPPING events from decorations provider vscode.git 3899
2024-01-11 13:41:06.115 [warning] [Decorations] CAPPING events from decorations provider vscode.git 3900
2024-01-11 13:41:11.894 [warning] [Decorations] CAPPING events from decorations provider vscode.git 3900
2024-01-11 13:42:08.825 [warning] [Decorations] CAPPING events from decorations provider vscode.git 3900
2024-01-11 13:42:14.007 [warning] [Decorations] CAPPING events from decorations provider vscode.git 3900
2024-01-11 13:42:19.954 [warning] [Decorations] CAPPING events from decorations provider vscode.git 3900
2024-01-11 13:43:21.470 [warning] [Decorations] CAPPING events from decorations provider vscode.git 3900
2024-01-11 13:43:28.133 [warning] [Decorations] CAPPING events from decorations provider vscode.git 3900
2024-01-11 13:43:33.294 [warning] [Decorations] CAPPING events from decorations provider vscode.git 3900
2024-01-11 13:43:47.070 [warning] [Decorations] CAPPING events from decorations provider vscode.git 3900
2024-01-11 13:43:52.551 [warning] [Decorations] CAPPING events from decorations provider vscode.git 3900
2024-01-11 13:44:54.574 [warning] [Decorations] CAPPING events from decorations provider vscode.git 3902
2024-01-11 13:45:00.412 [warning] [Decorations] CAPPING events from decorations provider vscode.git 3902
2024-01-11 13:45:05.572 [warning] [Decorations] CAPPING events from decorations provider vscode.git 3902
2024-01-11 13:45:10.722 [warning] [Decorations] CAPPING events from decorations provider vscode.git 3902
2024-01-11 13:45:15.913 [warning] [Decorations] CAPPING events from decorations provider vscode.git 3902
2024-01-11 13:45:21.069 [warning] [Decorations] CAPPING events from decorations provider vscode.git 3902
2024-01-11 13:45:26.251 [warning] [Decorations] CAPPING events from decorations provider vscode.git 3902
2024-01-11 13:45:31.414 [warning] [Decorations] CAPPING events from decorations provider vscode.git 3902
2024-01-11 13:45:56.667 [warning] [Decorations] CAPPING events from decorations provider vscode.git 3902
2024-01-11 13:46:01.859 [warning] [Decorations] CAPPING events from decorations provider vscode.git 3902
2024-01-11 13:46:15.257 [warning] [Decorations] CAPPING events from decorations provider vscode.git 3902
2024-01-11 13:46:20.454 [warning] [Decorations] CAPPING events from decorations provider vscode.git 3902
2024-01-11 13:46:53.249 [warning] [Decorations] CAPPING events from decorations provider vscode.git 3902
2024-01-11 13:46:58.420 [warning] [Decorations] CAPPING events from decorations provider vscode.git 3902
2024-01-11 13:47:03.594 [warning] [Decorations] CAPPING events from decorations provider vscode.git 3902
2024-01-11 13:47:08.752 [warning] [Decorations] CAPPING events from decorations provider vscode.git 3902
2024-01-11 13:47:13.920 [warning] [Decorations] CAPPING events from decorations provider vscode.git 3902
2024-01-11 13:47:23.990 [warning] [Decorations] CAPPING events from decorations provider vscode.git 3902
2024-01-11 13:47:29.147 [warning] [Decorations] CAPPING events from decorations provider vscode.git 3902
2024-01-11 13:47:34.311 [warning] [Decorations] CAPPING events from decorations provider vscode.git 3902
2024-01-11 13:47:39.483 [warning] [Decorations] CAPPING events from decorations provider vscode.git 3902
2024-01-11 13:47:44.670 [warning] [Decorations] CAPPING events from decorations provider vscode.git 3902
2024-01-11 13:47:49.836 [warning] [Decorations] CAPPING events from decorations provider vscode.git 3902
2024-01-11 13:47:54.981 [warning] [Decorations] CAPPING events from decorations provider vscode.git 3902
2024-01-11 13:48:00.153 [warning] [Decorations] CAPPING events from decorations provider vscode.git 3902
2024-01-11 13:48:05.318 [warning] [Decorations] CAPPING events from decorations provider vscode.git 3902
2024-01-11 13:48:10.498 [warning] [Decorations] CAPPING events from decorations provider vscode.git 3902
2024-01-11 13:48:15.669 [warning] [Decorations] CAPPING events from decorations provider vscode.git 3902
2024-01-11 13:48:54.125 [warning] [Decorations] CAPPING events from decorations provider vscode.git 3902
2024-01-11 13:48:59.290 [warning] [Decorations] CAPPING events from decorations provider vscode.git 3902
2024-01-11 13:49:04.462 [warning] [Decorations] CAPPING events from decorations provider vscode.git 3902
2024-01-11 13:49:09.633 [warning] [Decorations] CAPPING events from decorations provider vscode.git 3902
2024-01-11 13:49:14.803 [warning] [Decorations] CAPPING events from decorations provider vscode.git 3902
2024-01-11 13:49:19.966 [warning] [Decorations] CAPPING events from decorations provider vscode.git 3904
2024-01-11 13:49:25.146 [warning] [Decorations] CAPPING events from decorations provider vscode.git 3904
2024-01-11 13:49:30.304 [warning] [Decorations] CAPPING events from decorations provider vscode.git 3904
2024-01-11 13:49:38.429 [warning] [Decorations] CAPPING events from decorations provider vscode.git 3904
2024-01-11 13:49:43.581 [warning] [Decorations] CAPPING events from decorations provider vscode.git 3904
2024-01-11 13:49:49.393 [warning] [Decorations] CAPPING events from decorations provider vscode.git 3904
2024-01-11 13:49:54.566 [warning] [Decorations] CAPPING events from decorations provider vscode.git 3904
2024-01-11 13:50:00.566 [warning] [Decorations] CAPPING events from decorations provider vscode.git 3904
2024-01-11 13:50:05.706 [warning] [Decorations] CAPPING events from decorations provider vscode.git 3904
2024-01-11 13:50:10.886 [warning] [Decorations] CAPPING events from decorations provider vscode.git 3904
2024-01-11 13:50:16.062 [warning] [Decorations] CAPPING events from decorations provider vscode.git 3904
2024-01-11 13:50:25.464 [warning] [Decorations] CAPPING events from decorations provider vscode.git 3904
2024-01-11 13:50:30.637 [warning] [Decorations] CAPPING events from decorations provider vscode.git 3904
2024-01-11 13:50:35.806 [warning] [Decorations] CAPPING events from decorations provider vscode.git 3904
2024-01-11 13:50:53.564 [warning] [Decorations] CAPPING events from decorations provider vscode.git 3904
2024-01-11 13:50:58.743 [warning] [Decorations] CAPPING events from decorations provider vscode.git 3904
2024-01-11 13:51:03.915 [warning] [Decorations] CAPPING events from decorations provider vscode.git 3904
2024-01-11 13:51:11.965 [warning] [Decorations] CAPPING events from decorations provider vscode.git 3904
2024-01-11 13:51:17.134 [warning] [Decorations] CAPPING events from decorations provider vscode.git 3904
2024-01-11 13:51:23.261 [warning] [Decorations] CAPPING events from decorations provider vscode.git 3904
2024-01-11 13:51:28.433 [warning] [Decorations] CAPPING events from decorations provider vscode.git 3904
2024-01-11 13:51:33.607 [warning] [Decorations] CAPPING events from decorations provider vscode.git 3904
2024-01-11 13:51:38.781 [warning] [Decorations] CAPPING events from decorations provider vscode.git 3904
2024-01-11 13:51:44.742 [warning] [Decorations] CAPPING events from decorations provider vscode.git 3904
2024-01-11 13:51:50.181 [warning] [Decorations] CAPPING events from decorations provider vscode.git 3904
2024-01-11 13:51:55.324 [warning] [Decorations] CAPPING events from decorations provider vscode.git 3904
2024-01-11 13:52:02.284 [warning] [Decorations] CAPPING events from decorations provider vscode.git 3904
2024-01-11 13:52:07.453 [warning] [Decorations] CAPPING events from decorations provider vscode.git 3904
2024-01-11 13:52:12.627 [warning] [Decorations] CAPPING events from decorations provider vscode.git 3904
2024-01-11 13:52:17.808 [warning] [Decorations] CAPPING events from decorations provider vscode.git 3904
2024-01-11 13:52:22.966 [warning] [Decorations] CAPPING events from decorations provider vscode.git 3904
2024-01-11 13:52:28.125 [warning] [Decorations] CAPPING events from decorations provider vscode.git 3904
2024-01-11 13:52:33.287 [warning] [Decorations] CAPPING events from decorations provider vscode.git 3904
2024-01-11 13:52:38.484 [warning] [Decorations] CAPPING events from decorations provider vscode.git 3904
2024-01-11 13:52:43.654 [warning] [Decorations] CAPPING events from decorations provider vscode.git 3904
2024-01-11 13:52:48.809 [warning] [Decorations] CAPPING events from decorations provider vscode.git 3904
2024-01-11 13:53:02.691 [warning] [Decorations] CAPPING events from decorations provider vscode.git 3904
2024-01-11 13:53:07.858 [warning] [Decorations] CAPPING events from decorations provider vscode.git 3904
2024-01-11 13:53:13.049 [warning] [Decorations] CAPPING events from decorations provider vscode.git 3904
2024-01-11 13:53:50.435 [warning] [Decorations] CAPPING events from decorations provider vscode.git 3904
2024-01-11 13:53:55.619 [warning] [Decorations] CAPPING events from decorations provider vscode.git 3904
2024-01-11 13:54:02.202 [warning] [Decorations] CAPPING events from decorations provider vscode.git 3904
2024-01-11 13:54:07.368 [warning] [Decorations] CAPPING events from decorations provider vscode.git 3904
2024-01-11 13:54:12.552 [warning] [Decorations] CAPPING events from decorations provider vscode.git 3904
2024-01-11 13:54:17.751 [warning] [Decorations] CAPPING events from decorations provider vscode.git 3904
2024-01-11 13:54:22.929 [warning] [Decorations] CAPPING events from decorations provider vscode.git 3904
2024-01-11 13:54:28.893 [warning] [Decorations] CAPPING events from decorations provider vscode.git 3904
2024-01-11 13:54:40.438 [warning] [Decorations] CAPPING events from decorations provider vscode.git 3904
2024-01-11 13:54:45.628 [warning] [Decorations] CAPPING events from decorations provider vscode.git 3904
2024-01-11 13:54:51.314 [warning] [Decorations] CAPPING events from decorations provider vscode.git 3904
2024-01-11 13:54:57.270 [warning] [Decorations] CAPPING events from decorations provider vscode.git 3904
2024-01-11 13:55:02.431 [warning] [Decorations] CAPPING events from decorations provider vscode.git 3904
2024-01-11 13:55:07.587 [warning] [Decorations] CAPPING events from decorations provider vscode.git 3904
2024-01-11 13:55:13.659 [warning] [Decorations] CAPPING events from decorations provider vscode.git 3904
2024-01-11 13:55:18.838 [warning] [Decorations] CAPPING events from decorations provider vscode.git 3904
2024-01-11 13:55:24.020 [warning] [Decorations] CAPPING events from decorations provider vscode.git 3904
2024-01-11 13:55:32.255 [warning] [Decorations] CAPPING events from decorations provider vscode.git 3904
2024-01-11 13:55:37.406 [warning] [Decorations] CAPPING events from decorations provider vscode.git 3904
2024-01-11 13:55:42.567 [warning] [Decorations] CAPPING events from decorations provider vscode.git 3904
2024-01-11 13:55:56.362 [warning] [Decorations] CAPPING events from decorations provider vscode.git 3904
2024-01-11 13:56:30.830 [warning] [Decorations] CAPPING events from decorations provider vscode.git 3904
2024-01-11 13:56:36.009 [warning] [Decorations] CAPPING events from decorations provider vscode.git 3904
2024-01-11 13:56:41.176 [warning] [Decorations] CAPPING events from decorations provider vscode.git 3904
2024-01-11 13:56:46.329 [warning] [Decorations] CAPPING events from decorations provider vscode.git 3904
2024-01-11 13:56:51.530 [warning] [Decorations] CAPPING events from decorations provider vscode.git 3904
2024-01-11 13:56:56.698 [warning] [Decorations] CAPPING events from decorations provider vscode.git 3904
2024-01-11 13:57:01.887 [warning] [Decorations] CAPPING events from decorations provider vscode.git 3904
2024-01-11 13:57:07.058 [warning] [Decorations] CAPPING events from decorations provider vscode.git 3904
2024-01-11 13:57:12.244 [warning] [Decorations] CAPPING events from decorations provider vscode.git 3904
2024-01-11 13:57:17.418 [warning] [Decorations] CAPPING events from decorations provider vscode.git 3904
2024-01-11 13:57:22.574 [warning] [Decorations] CAPPING events from decorations provider vscode.git 3904
2024-01-11 13:57:27.729 [warning] [Decorations] CAPPING events from decorations provider vscode.git 3904
2024-01-11 13:57:32.906 [warning] [Decorations] CAPPING events from decorations provider vscode.git 3904
2024-01-11 13:57:52.383 [warning] [Decorations] CAPPING events from decorations provider vscode.git 3904
2024-01-11 13:57:57.571 [warning] [Decorations] CAPPING events from decorations provider vscode.git 3904
2024-01-11 13:58:02.749 [warning] [Decorations] CAPPING events from decorations provider vscode.git 3904
2024-01-11 13:58:07.906 [warning] [Decorations] CAPPING events from decorations provider vscode.git 3904
2024-01-11 13:58:13.083 [warning] [Decorations] CAPPING events from decorations provider vscode.git 3904
2024-01-11 13:58:18.472 [warning] [Decorations] CAPPING events from decorations provider vscode.git 3904
2024-01-11 13:58:26.018 [warning] [Decorations] CAPPING events from decorations provider vscode.git 3904
2024-01-11 13:58:31.192 [warning] [Decorations] CAPPING events from decorations provider vscode.git 3904
2024-01-11 13:58:36.374 [warning] [Decorations] CAPPING events from decorations provider vscode.git 3904
2024-01-11 13:58:41.528 [warning] [Decorations] CAPPING events from decorations provider vscode.git 3904
2024-01-11 13:58:46.686 [warning] [Decorations] CAPPING events from decorations provider vscode.git 3904
2024-01-11 13:58:51.849 [warning] [Decorations] CAPPING events from decorations provider vscode.git 3904
2024-01-11 13:58:57.035 [warning] [Decorations] CAPPING events from decorations provider vscode.git 3904
2024-01-11 13:59:02.216 [warning] [Decorations] CAPPING events from decorations provider vscode.git 3904
2024-01-11 13:59:07.389 [warning] [Decorations] CAPPING events from decorations provider vscode.git 3904
2024-01-11 13:59:12.556 [warning] [Decorations] CAPPING events from decorations provider vscode.git 3904
2024-01-11 13:59:17.736 [warning] [Decorations] CAPPING events from decorations provider vscode.git 3904
2024-01-11 13:59:22.913 [warning] [Decorations] CAPPING events from decorations provider vscode.git 3904
2024-01-11 13:59:28.949 [warning] [Decorations] CAPPING events from decorations provider vscode.git 3904
2024-01-11 13:59:34.120 [warning] [Decorations] CAPPING events from decorations provider vscode.git 3904
2024-01-11 13:59:39.300 [warning] [Decorations] CAPPING events from decorations provider vscode.git 3904
2024-01-11 13:59:44.476 [warning] [Decorations] CAPPING events from decorations provider vscode.git 3904
2024-01-11 13:59:49.646 [warning] [Decorations] CAPPING events from decorations provider vscode.git 3904
2024-01-11 13:59:54.812 [warning] [Decorations] CAPPING events from decorations provider vscode.git 3904
2024-01-11 13:59:59.970 [warning] [Decorations] CAPPING events from decorations provider vscode.git 3904
2024-01-11 14:00:05.137 [warning] [Decorations] CAPPING events from decorations provider vscode.git 3904
2024-01-11 14:00:10.302 [warning] [Decorations] CAPPING events from decorations provider vscode.git 3904
2024-01-11 14:00:15.468 [warning] [Decorations] CAPPING events from decorations provider vscode.git 3904
2024-01-11 14:00:20.633 [warning] [Decorations] CAPPING events from decorations provider vscode.git 3904
2024-01-11 14:00:25.820 [warning] [Decorations] CAPPING events from decorations provider vscode.git 3904
2024-01-11 14:00:30.993 [warning] [Decorations] CAPPING events from decorations provider vscode.git 3904
2024-01-11 14:00:36.151 [warning] [Decorations] CAPPING events from decorations provider vscode.git 3904
2024-01-11 14:00:41.317 [warning] [Decorations] CAPPING events from decorations provider vscode.git 3904
2024-01-11 14:00:46.486 [warning] [Decorations] CAPPING events from decorations provider vscode.git 3904
2024-01-11 14:00:51.990 [warning] [Decorations] CAPPING events from decorations provider vscode.git 3904
2024-01-11 14:00:57.166 [warning] [Decorations] CAPPING events from decorations provider vscode.git 3904
2024-01-11 14:01:02.349 [warning] [Decorations] CAPPING events from decorations provider vscode.git 3904
2024-01-11 14:01:07.507 [warning] [Decorations] CAPPING events from decorations provider vscode.git 3904
2024-01-11 14:01:12.682 [warning] [Decorations] CAPPING events from decorations provider vscode.git 3904
2024-01-11 14:01:42.880 [warning] [Decorations] CAPPING events from decorations provider vscode.git 3904
2024-01-11 14:01:48.079 [warning] [Decorations] CAPPING events from decorations provider vscode.git 3904
2024-01-11 14:01:53.287 [warning] [Decorations] CAPPING events from decorations provider vscode.git 3904
2024-01-11 14:01:58.459 [warning] [Decorations] CAPPING events from decorations provider vscode.git 3904
2024-01-11 14:02:03.621 [warning] [Decorations] CAPPING events from decorations provider vscode.git 3904
2024-01-11 14:02:08.781 [warning] [Decorations] CAPPING events from decorations provider vscode.git 3904
2024-01-11 14:02:13.943 [warning] [Decorations] CAPPING events from decorations provider vscode.git 3904
2024-01-11 14:02:19.106 [warning] [Decorations] CAPPING events from decorations provider vscode.git 3904
2024-01-11 14:02:24.283 [warning] [Decorations] CAPPING events from decorations provider vscode.git 3904
2024-01-11 14:02:29.464 [warning] [Decorations] CAPPING events from decorations provider vscode.git 3904
2024-01-11 14:02:49.028 [warning] [Decorations] CAPPING events from decorations provider vscode.git 3904
2024-01-11 14:03:40.012 [warning] [Decorations] CAPPING events from decorations provider vscode.git 3904
2024-01-11 14:03:45.187 [warning] [Decorations] CAPPING events from decorations provider vscode.git 3904
2024-01-11 14:03:50.353 [warning] [Decorations] CAPPING events from decorations provider vscode.git 3904
2024-01-11 14:03:55.511 [warning] [Decorations] CAPPING events from decorations provider vscode.git 3904
2024-01-11 14:04:00.684 [warning] [Decorations] CAPPING events from decorations provider vscode.git 3904
2024-01-11 14:04:05.847 [warning] [Decorations] CAPPING events from decorations provider vscode.git 3904
2024-01-11 14:04:12.714 [warning] [Decorations] CAPPING events from decorations provider vscode.git 3904
2024-01-11 14:04:17.919 [warning] [Decorations] CAPPING events from decorations provider vscode.git 3904
2024-01-11 14:04:23.071 [warning] [Decorations] CAPPING events from decorations provider vscode.git 3904
2024-01-11 14:04:35.864 [warning] [Decorations] CAPPING events from decorations provider vscode.git 3904
2024-01-11 14:06:59.950 [warning] [Decorations] CAPPING events from decorations provider vscode.git 3904
2024-01-11 14:07:05.118 [warning] [Decorations] CAPPING events from decorations provider vscode.git 3904
2024-01-11 14:07:10.269 [warning] [Decorations] CAPPING events from decorations provider vscode.git 3904
2024-01-11 14:07:16.890 [warning] [Decorations] CAPPING events from decorations provider vscode.git 3904
2024-01-11 14:07:22.065 [warning] [Decorations] CAPPING events from decorations provider vscode.git 3904
2024-01-11 14:07:27.236 [warning] [Decorations] CAPPING events from decorations provider vscode.git 3904
2024-01-11 14:07:30.161 [warning] [Decorations] CAPPING events from decorations provider vscode.git 3904
2024-01-11 14:07:40.683 [warning] [Decorations] CAPPING events from decorations provider vscode.git 3904
2024-01-11 14:07:45.858 [warning] [Decorations] CAPPING events from decorations provider vscode.git 3904
2024-01-11 14:13:28.144 [warning] [Decorations] CAPPING events from decorations provider vscode.git 3904
2024-01-11 14:13:33.351 [warning] [Decorations] CAPPING events from decorations provider vscode.git 3904
2024-01-11 14:13:38.536 [warning] [Decorations] CAPPING events from decorations provider vscode.git 3904
2024-01-11 14:13:43.721 [warning] [Decorations] CAPPING events from decorations provider vscode.git 3904
2024-01-11 14:13:48.887 [warning] [Decorations] CAPPING events from decorations provider vscode.git 3904
2024-01-11 14:13:51.347 [warning] [Decorations] CAPPING events from decorations provider vscode.git 3904
2024-01-11 14:13:57.319 [warning] [Decorations] CAPPING events from decorations provider vscode.git 3904
2024-01-11 14:14:02.514 [warning] [Decorations] CAPPING events from decorations provider vscode.git 3904
2024-01-11 14:14:07.694 [warning] [Decorations] CAPPING events from decorations provider vscode.git 3904
2024-01-11 14:14:12.858 [warning] [Decorations] CAPPING events from decorations provider vscode.git 3904
2024-01-11 14:17:28.981 [warning] [Decorations] CAPPING events from decorations provider vscode.git 3904
2024-01-11 14:17:34.162 [warning] [Decorations] CAPPING events from decorations provider vscode.git 3904
2024-01-11 14:17:39.339 [warning] [Decorations] CAPPING events from decorations provider vscode.git 3904
2024-01-11 14:17:44.501 [warning] [Decorations] CAPPING events from decorations provider vscode.git 3904
2024-01-11 14:17:49.669 [warning] [Decorations] CAPPING events from decorations provider vscode.git 3904
2024-01-11 14:17:53.783 [warning] [Decorations] CAPPING events from decorations provider vscode.git 3904
2024-01-11 14:17:59.215 [warning] [Decorations] CAPPING events from decorations provider vscode.git 3904
2024-01-11 14:18:04.378 [warning] [Decorations] CAPPING events from decorations provider vscode.git 3904
2024-01-11 14:18:13.335 [warning] [Decorations] CAPPING events from decorations provider vscode.git 3904
2024-01-11 14:18:18.504 [warning] [Decorations] CAPPING events from decorations provider vscode.git 3904
2024-01-11 14:18:26.532 [warning] [Decorations] CAPPING events from decorations provider vscode.git 3904
2024-01-11 14:18:37.320 [warning] [Decorations] CAPPING events from decorations provider vscode.git 3904
2024-01-11 14:18:42.535 [warning] [Decorations] CAPPING events from decorations provider vscode.git 3904
2024-01-11 14:18:47.699 [warning] [Decorations] CAPPING events from decorations provider vscode.git 3904
2024-01-11 14:18:52.891 [warning] [Decorations] CAPPING events from decorations provider vscode.git 3904
2024-01-11 14:21:17.862 [warning] [Decorations] CAPPING events from decorations provider vscode.git 3904
2024-01-11 14:21:23.058 [warning] [Decorations] CAPPING events from decorations provider vscode.git 3904
2024-01-11 14:21:28.223 [warning] [Decorations] CAPPING events from decorations provider vscode.git 3904
2024-01-11 14:21:33.392 [warning] [Decorations] CAPPING events from decorations provider vscode.git 3904
2024-01-11 14:21:38.578 [warning] [Decorations] CAPPING events from decorations provider vscode.git 3904
2024-01-11 14:21:43.731 [warning] [Decorations] CAPPING events from decorations provider vscode.git 3904
2024-01-11 14:21:48.897 [warning] [Decorations] CAPPING events from decorations provider vscode.git 3904
2024-01-11 14:21:49.650 [warning] [Decorations] CAPPING events from decorations provider vscode.git 3904
2024-01-11 14:22:08.799 [warning] [Decorations] CAPPING events from decorations provider vscode.git 3904
2024-01-11 14:22:23.324 [warning] [Decorations] CAPPING events from decorations provider vscode.git 3904
2024-01-11 14:22:28.485 [warning] [Decorations] CAPPING events from decorations provider vscode.git 3904
2024-01-11 14:31:33.213 [warning] [Decorations] CAPPING events from decorations provider vscode.git 3904
2024-01-11 14:31:38.386 [warning] [Decorations] CAPPING events from decorations provider vscode.git 3904
2024-01-11 14:31:43.557 [warning] [Decorations] CAPPING events from decorations provider vscode.git 3904
2024-01-11 14:31:47.736 [warning] [Decorations] CAPPING events from decorations provider vscode.git 3904
2024-01-11 14:33:09.419 [warning] [Decorations] CAPPING events from decorations provider vscode.git 3904
2024-01-11 14:33:14.588 [warning] [Decorations] CAPPING events from decorations provider vscode.git 3904
2024-01-11 14:33:19.761 [warning] [Decorations] CAPPING events from decorations provider vscode.git 3904
2024-01-11 14:33:26.969 [warning] [Decorations] CAPPING events from decorations provider vscode.git 3904
2024-01-11 14:33:34.166 [warning] [Decorations] CAPPING events from decorations provider vscode.git 3904
2024-01-11 14:33:39.326 [warning] [Decorations] CAPPING events from decorations provider vscode.git 3904
2024-01-11 14:33:44.483 [warning] [Decorations] CAPPING events from decorations provider vscode.git 3904
2024-01-11 14:33:49.622 [warning] [Decorations] CAPPING events from decorations provider vscode.git 3904
2024-01-11 14:33:54.790 [warning] [Decorations] CAPPING events from decorations provider vscode.git 3904
2024-01-11 14:33:59.970 [warning] [Decorations] CAPPING events from decorations provider vscode.git 3904
2024-01-11 14:34:05.121 [warning] [Decorations] CAPPING events from decorations provider vscode.git 3904
2024-01-11 14:34:37.356 [warning] [Decorations] CAPPING events from decorations provider vscode.git 3904
2024-01-11 14:34:42.536 [warning] [Decorations] CAPPING events from decorations provider vscode.git 3904
2024-01-11 14:34:47.689 [warning] [Decorations] CAPPING events from decorations provider vscode.git 3904
2024-01-11 14:34:52.842 [warning] [Decorations] CAPPING events from decorations provider vscode.git 3904
2024-01-11 14:35:13.509 [warning] [Decorations] CAPPING events from decorations provider vscode.git 3904
2024-01-11 14:35:18.662 [warning] [Decorations] CAPPING events from decorations provider vscode.git 3904
2024-01-11 14:35:23.823 [warning] [Decorations] CAPPING events from decorations provider vscode.git 3904
2024-01-11 14:35:36.517 [warning] [Decorations] CAPPING events from decorations provider vscode.git 3904
2024-01-11 14:35:46.247 [warning] [Decorations] CAPPING events from decorations provider vscode.git 3904
2024-01-11 14:35:51.406 [warning] [Decorations] CAPPING events from decorations provider vscode.git 3904
2024-01-11 14:35:58.632 [warning] [Decorations] CAPPING events from decorations provider vscode.git 3904
2024-01-11 14:36:03.789 [warning] [Decorations] CAPPING events from decorations provider vscode.git 3904
2024-01-11 14:36:08.975 [warning] [Decorations] CAPPING events from decorations provider vscode.git 3904
2024-01-11 14:36:14.168 [warning] [Decorations] CAPPING events from decorations provider vscode.git 3904
2024-01-11 14:36:15.225 [warning] [Decorations] CAPPING events from decorations provider vscode.git 3904
2024-01-11 14:36:24.031 [warning] [Decorations] CAPPING events from decorations provider vscode.git 3904
2024-01-11 14:36:29.191 [warning] [Decorations] CAPPING events from decorations provider vscode.git 3904
2024-01-11 14:37:40.365 [warning] [Decorations] CAPPING events from decorations provider vscode.git 3904
2024-01-11 14:37:45.578 [warning] [Decorations] CAPPING events from decorations provider vscode.git 3904
2024-01-11 14:37:50.797 [warning] [Decorations] CAPPING events from decorations provider vscode.git 3904
2024-01-11 14:37:55.964 [warning] [Decorations] CAPPING events from decorations provider vscode.git 3904
2024-01-11 14:38:01.157 [warning] [Decorations] CAPPING events from decorations provider vscode.git 3904
2024-01-11 14:38:07.067 [warning] [Decorations] CAPPING events from decorations provider vscode.git 3904
2024-01-11 14:38:39.551 [warning] [Decorations] CAPPING events from decorations provider vscode.git 3904
2024-01-11 14:38:44.710 [warning] [Decorations] CAPPING events from decorations provider vscode.git 3904
2024-01-11 14:39:28.681 [warning] [Decorations] CAPPING events from decorations provider vscode.git 3904
2024-01-11 14:39:33.827 [warning] [Decorations] CAPPING events from decorations provider vscode.git 3904
2024-01-11 14:39:38.987 [warning] [Decorations] CAPPING events from decorations provider vscode.git 3904
2024-01-11 14:39:44.166 [warning] [Decorations] CAPPING events from decorations provider vscode.git 3904
2024-01-11 14:39:49.360 [warning] [Decorations] CAPPING events from decorations provider vscode.git 3904
2024-01-11 14:39:54.535 [warning] [Decorations] CAPPING events from decorations provider vscode.git 3904
2024-01-11 14:41:04.113 [warning] [Decorations] CAPPING events from decorations provider vscode.git 3904
2024-01-11 14:41:09.363 [warning] [Decorations] CAPPING events from decorations provider vscode.git 3904
2024-01-11 14:41:14.531 [warning] [Decorations] CAPPING events from decorations provider vscode.git 3904
2024-01-11 14:41:19.686 [warning] [Decorations] CAPPING events from decorations provider vscode.git 3904
2024-01-11 14:41:55.114 [warning] [Decorations] CAPPING events from decorations provider vscode.git 3904
2024-01-11 14:42:00.291 [warning] [Decorations] CAPPING events from decorations provider vscode.git 3904
2024-01-11 14:42:05.478 [warning] [Decorations] CAPPING events from decorations provider vscode.git 3904
2024-01-11 14:42:10.630 [warning] [Decorations] CAPPING events from decorations provider vscode.git 3904
2024-01-11 14:42:15.799 [warning] [Decorations] CAPPING events from decorations provider vscode.git 3904
2024-01-11 14:42:20.962 [warning] [Decorations] CAPPING events from decorations provider vscode.git 3904
2024-01-11 14:42:26.111 [warning] [Decorations] CAPPING events from decorations provider vscode.git 3904
2024-01-11 14:42:31.283 [warning] [Decorations] CAPPING events from decorations provider vscode.git 3904
2024-01-11 14:42:36.460 [warning] [Decorations] CAPPING events from decorations provider vscode.git 3904
2024-01-11 14:43:07.498 [warning] [Decorations] CAPPING events from decorations provider vscode.git 3904
2024-01-11 14:43:16.359 [warning] [Decorations] CAPPING events from decorations provider vscode.git 3904
