2024-01-12 12:46:49.790 [info] Extension host with pid 17322 started
2024-01-12 12:46:49.801 [info] Lock '/home/sss/.vscode-server/data/User/workspaceStorage/b6c4dcbee2b1c14d7c85b04250f182f4/vscode.lock': Lock acquired.
2024-01-12 12:46:49.988 [info] ExtensionService#_doActivateExtension vscode.tunnel-forwarding, startup: false, activationEvent: 'onTunnel'
2024-01-12 12:46:50.023 [info] ExtensionService#_doActivateExtension vscode.git-base, startup: false, activationEvent: '*', root cause: vscode.git
2024-01-12 12:46:50.024 [info] ExtensionService#_doActivateExtension vscode.php-language-features, startup: false, activationEvent: 'onLanguage:php'
2024-01-12 12:46:50.025 [info] ExtensionService#_doActivateExtension vscode.emmet, startup: false, activationEvent: 'onLanguage'
2024-01-12 12:46:50.133 [info] ExtensionService#_doActivateExtension vscode.git, startup: false, activationEvent: '*'
2024-01-12 12:46:50.133 [info] ExtensionService#_doActivateExtension vscode.github, startup: false, activationEvent: '*'
2024-01-12 12:46:50.487 [info] Eager extensions activated
2024-01-12 12:46:50.487 [info] ExtensionService#_doActivateExtension vscode.debug-auto-launch, startup: false, activationEvent: 'onStartupFinished'
2024-01-12 12:46:50.488 [info] ExtensionService#_doActivateExtension vscode.merge-conflict, startup: false, activationEvent: 'onStartupFinished'
2024-01-12 12:47:17.769 [info] ExtensionService#_doActivateExtension vscode.typescript-language-features, startup: false, activationEvent: 'onLanguage:javascript'
2024-01-12 12:47:18.451 [info] ExtensionService#_doActivateExtension vscode.extension-editing, startup: false, activationEvent: 'onLanguage:markdown'
2024-01-12 12:47:18.452 [info] ExtensionService#_doActivateExtension vscode.markdown-language-features, startup: false, activationEvent: 'onLanguage:markdown'
2024-01-12 12:47:19.673 [info] ExtensionService#_doActivateExtension vscode.json-language-features, startup: false, activationEvent: 'onLanguage:json'
2024-01-12 12:47:19.691 [info] ExtensionService#_doActivateExtension vscode.npm, startup: false, activationEvent: 'onLanguage:json'
2024-01-12 14:57:28.092 [info] Extension host terminating: renderer disconnected for too long (2)
2024-01-12 14:57:28.093 [info] Lock '/home/sss/.vscode-server/data/User/workspaceStorage/b6c4dcbee2b1c14d7c85b04250f182f4/vscode.lock': Marking the lockfile as scheduled to be released in 6000 ms.
2024-01-12 14:57:28.155 [error] Canceled: Canceled
	at new g (/home/sss/.vscode-server/bin/0ee08df0cf4527e40edc9aa28f4b5bd38bbff2b2/out/vs/workbench/api/node/extensionHostProcess.js:141:110274)
	at u.U (/home/sss/.vscode-server/bin/0ee08df0cf4527e40edc9aa28f4b5bd38bbff2b2/out/vs/workbench/api/node/extensionHostProcess.js:150:10866)
	at P.<computed>.j.charCodeAt.P.<computed> (/home/sss/.vscode-server/bin/0ee08df0cf4527e40edc9aa28f4b5bd38bbff2b2/out/vs/workbench/api/node/extensionHostProcess.js:150:8317)
	at d.g (/home/sss/.vscode-server/bin/0ee08df0cf4527e40edc9aa28f4b5bd38bbff2b2/out/vs/workbench/api/node/extensionHostProcess.js:141:139555)
	at d.executeCommand (/home/sss/.vscode-server/bin/0ee08df0cf4527e40edc9aa28f4b5bd38bbff2b2/out/vs/workbench/api/node/extensionHostProcess.js:141:138993)
	at b.registerCommand.description (/home/sss/.vscode-server/bin/0ee08df0cf4527e40edc9aa28f4b5bd38bbff2b2/out/vs/workbench/api/node/extensionHostProcess.js:141:138317)
	at d.h (/home/sss/.vscode-server/bin/0ee08df0cf4527e40edc9aa28f4b5bd38bbff2b2/out/vs/workbench/api/node/extensionHostProcess.js:141:140094)
	at d.g (/home/sss/.vscode-server/bin/0ee08df0cf4527e40edc9aa28f4b5bd38bbff2b2/out/vs/workbench/api/node/extensionHostProcess.js:141:139086)
	at d.executeCommand (/home/sss/.vscode-server/bin/0ee08df0cf4527e40edc9aa28f4b5bd38bbff2b2/out/vs/workbench/api/node/extensionHostProcess.js:141:138993)
	at Object.executeCommand (/home/sss/.vscode-server/bin/0ee08df0cf4527e40edc9aa28f4b5bd38bbff2b2/out/vs/workbench/api/node/extensionHostProcess.js:158:21333)
	at f.I [as value] (/home/sss/.vscode-server/bin/0ee08df0cf4527e40edc9aa28f4b5bd38bbff2b2/extensions/git/dist/main.js:2:924696)
	at n.y (/home/sss/.vscode-server/bin/0ee08df0cf4527e40edc9aa28f4b5bd38bbff2b2/out/vs/workbench/api/node/extensionHostProcess.js:80:1902)
	at n.z (/home/sss/.vscode-server/bin/0ee08df0cf4527e40edc9aa28f4b5bd38bbff2b2/out/vs/workbench/api/node/extensionHostProcess.js:80:1972)
	at n.fire (/home/sss/.vscode-server/bin/0ee08df0cf4527e40edc9aa28f4b5bd38bbff2b2/out/vs/workbench/api/node/extensionHostProcess.js:80:2188)
	at Object.m [as dispose] (/home/sss/.vscode-server/bin/0ee08df0cf4527e40edc9aa28f4b5bd38bbff2b2/extensions/git/dist/main.js:2:940613)
	at /home/sss/.vscode-server/bin/0ee08df0cf4527e40edc9aa28f4b5bd38bbff2b2/extensions/git/dist/main.js:2:945566
	at Array.forEach (<anonymous>)
	at p.dispose (/home/sss/.vscode-server/bin/0ee08df0cf4527e40edc9aa28f4b5bd38bbff2b2/extensions/git/dist/main.js:2:945552)
	at l.<anonymous> (/home/sss/.vscode-server/bin/0ee08df0cf4527e40edc9aa28f4b5bd38bbff2b2/out/vs/workbench/api/node/extensionHostProcess.js:137:3620)
	at l.dispose (/home/sss/.vscode-server/bin/0ee08df0cf4527e40edc9aa28f4b5bd38bbff2b2/out/vs/workbench/api/node/extensionHostProcess.js:137:3717)
	at l.<anonymous> (/home/sss/.vscode-server/bin/0ee08df0cf4527e40edc9aa28f4b5bd38bbff2b2/extensions/git/dist/main.js:2:926708)
	at l.dispose (/home/sss/.vscode-server/bin/0ee08df0cf4527e40edc9aa28f4b5bd38bbff2b2/out/vs/workbench/api/node/extensionHostProcess.js:137:3717)
	at s (/home/sss/.vscode-server/bin/0ee08df0cf4527e40edc9aa28f4b5bd38bbff2b2/out/vs/workbench/api/node/extensionHostProcess.js:30:754)
	at f.cb (/home/sss/.vscode-server/bin/0ee08df0cf4527e40edc9aa28f4b5bd38bbff2b2/out/vs/workbench/api/node/extensionHostProcess.js:154:9873)
	at /home/sss/.vscode-server/bin/0ee08df0cf4527e40edc9aa28f4b5bd38bbff2b2/out/vs/workbench/api/node/extensionHostProcess.js:154:7808
	at Array.map (<anonymous>)
	at f.Y (/home/sss/.vscode-server/bin/0ee08df0cf4527e40edc9aa28f4b5bd38bbff2b2/out/vs/workbench/api/node/extensionHostProcess.js:154:7795)
	at f.terminate (/home/sss/.vscode-server/bin/0ee08df0cf4527e40edc9aa28f4b5bd38bbff2b2/out/vs/workbench/api/node/extensionHostProcess.js:154:8068)
	at s.terminate (/home/sss/.vscode-server/bin/0ee08df0cf4527e40edc9aa28f4b5bd38bbff2b2/out/vs/workbench/api/node/extensionHostProcess.js:158:1513)
	at a (/home/sss/.vscode-server/bin/0ee08df0cf4527e40edc9aa28f4b5bd38bbff2b2/out/vs/workbench/api/node/extensionHostProcess.js:171:9802)
	at N.a (/home/sss/.vscode-server/bin/0ee08df0cf4527e40edc9aa28f4b5bd38bbff2b2/out/vs/workbench/api/node/extensionHostProcess.js:171:6595)
	at N.h (/home/sss/.vscode-server/bin/0ee08df0cf4527e40edc9aa28f4b5bd38bbff2b2/out/vs/workbench/api/node/extensionHostProcess.js:97:20057)
	at listOnTimeout (node:internal/timers:569:17)
	at process.processTimers (node:internal/timers:512:7) setContext undefined
2024-01-12 14:57:28.157 [error] Canceled: Canceled
	at new g (/home/sss/.vscode-server/bin/0ee08df0cf4527e40edc9aa28f4b5bd38bbff2b2/out/vs/workbench/api/node/extensionHostProcess.js:141:110274)
	at u.U (/home/sss/.vscode-server/bin/0ee08df0cf4527e40edc9aa28f4b5bd38bbff2b2/out/vs/workbench/api/node/extensionHostProcess.js:150:10866)
	at P.<computed>.j.charCodeAt.P.<computed> (/home/sss/.vscode-server/bin/0ee08df0cf4527e40edc9aa28f4b5bd38bbff2b2/out/vs/workbench/api/node/extensionHostProcess.js:150:8317)
	at d.g (/home/sss/.vscode-server/bin/0ee08df0cf4527e40edc9aa28f4b5bd38bbff2b2/out/vs/workbench/api/node/extensionHostProcess.js:141:139555)
	at d.executeCommand (/home/sss/.vscode-server/bin/0ee08df0cf4527e40edc9aa28f4b5bd38bbff2b2/out/vs/workbench/api/node/extensionHostProcess.js:141:138993)
	at b.registerCommand.description (/home/sss/.vscode-server/bin/0ee08df0cf4527e40edc9aa28f4b5bd38bbff2b2/out/vs/workbench/api/node/extensionHostProcess.js:141:138317)
	at d.h (/home/sss/.vscode-server/bin/0ee08df0cf4527e40edc9aa28f4b5bd38bbff2b2/out/vs/workbench/api/node/extensionHostProcess.js:141:140094)
	at d.g (/home/sss/.vscode-server/bin/0ee08df0cf4527e40edc9aa28f4b5bd38bbff2b2/out/vs/workbench/api/node/extensionHostProcess.js:141:139086)
	at d.executeCommand (/home/sss/.vscode-server/bin/0ee08df0cf4527e40edc9aa28f4b5bd38bbff2b2/out/vs/workbench/api/node/extensionHostProcess.js:141:138993)
	at Object.executeCommand (/home/sss/.vscode-server/bin/0ee08df0cf4527e40edc9aa28f4b5bd38bbff2b2/out/vs/workbench/api/node/extensionHostProcess.js:158:21333)
	at set b [as b] (/home/sss/.vscode-server/bin/0ee08df0cf4527e40edc9aa28f4b5bd38bbff2b2/extensions/github/dist/extension.js:2:322364)
	at /home/sss/.vscode-server/bin/0ee08df0cf4527e40edc9aa28f4b5bd38bbff2b2/extensions/github/dist/extension.js:2:323005
	at f.value (/home/sss/.vscode-server/bin/0ee08df0cf4527e40edc9aa28f4b5bd38bbff2b2/extensions/git/dist/main.js:2:1016450)
	at n.y (/home/sss/.vscode-server/bin/0ee08df0cf4527e40edc9aa28f4b5bd38bbff2b2/out/vs/workbench/api/node/extensionHostProcess.js:80:1902)
	at n.z (/home/sss/.vscode-server/bin/0ee08df0cf4527e40edc9aa28f4b5bd38bbff2b2/out/vs/workbench/api/node/extensionHostProcess.js:80:1972)
	at n.fire (/home/sss/.vscode-server/bin/0ee08df0cf4527e40edc9aa28f4b5bd38bbff2b2/out/vs/workbench/api/node/extensionHostProcess.js:80:2188)
	at Object.m [as dispose] (/home/sss/.vscode-server/bin/0ee08df0cf4527e40edc9aa28f4b5bd38bbff2b2/extensions/git/dist/main.js:2:940613)
	at /home/sss/.vscode-server/bin/0ee08df0cf4527e40edc9aa28f4b5bd38bbff2b2/extensions/git/dist/main.js:2:945566
	at Array.forEach (<anonymous>)
	at p.dispose (/home/sss/.vscode-server/bin/0ee08df0cf4527e40edc9aa28f4b5bd38bbff2b2/extensions/git/dist/main.js:2:945552)
	at l.<anonymous> (/home/sss/.vscode-server/bin/0ee08df0cf4527e40edc9aa28f4b5bd38bbff2b2/out/vs/workbench/api/node/extensionHostProcess.js:137:3620)
	at l.dispose (/home/sss/.vscode-server/bin/0ee08df0cf4527e40edc9aa28f4b5bd38bbff2b2/out/vs/workbench/api/node/extensionHostProcess.js:137:3717)
	at l.<anonymous> (/home/sss/.vscode-server/bin/0ee08df0cf4527e40edc9aa28f4b5bd38bbff2b2/extensions/git/dist/main.js:2:926708)
	at l.dispose (/home/sss/.vscode-server/bin/0ee08df0cf4527e40edc9aa28f4b5bd38bbff2b2/out/vs/workbench/api/node/extensionHostProcess.js:137:3717)
	at s (/home/sss/.vscode-server/bin/0ee08df0cf4527e40edc9aa28f4b5bd38bbff2b2/out/vs/workbench/api/node/extensionHostProcess.js:30:754)
	at f.cb (/home/sss/.vscode-server/bin/0ee08df0cf4527e40edc9aa28f4b5bd38bbff2b2/out/vs/workbench/api/node/extensionHostProcess.js:154:9873)
	at /home/sss/.vscode-server/bin/0ee08df0cf4527e40edc9aa28f4b5bd38bbff2b2/out/vs/workbench/api/node/extensionHostProcess.js:154:7808
	at Array.map (<anonymous>)
	at f.Y (/home/sss/.vscode-server/bin/0ee08df0cf4527e40edc9aa28f4b5bd38bbff2b2/out/vs/workbench/api/node/extensionHostProcess.js:154:7795)
	at f.terminate (/home/sss/.vscode-server/bin/0ee08df0cf4527e40edc9aa28f4b5bd38bbff2b2/out/vs/workbench/api/node/extensionHostProcess.js:154:8068)
	at s.terminate (/home/sss/.vscode-server/bin/0ee08df0cf4527e40edc9aa28f4b5bd38bbff2b2/out/vs/workbench/api/node/extensionHostProcess.js:158:1513)
	at a (/home/sss/.vscode-server/bin/0ee08df0cf4527e40edc9aa28f4b5bd38bbff2b2/out/vs/workbench/api/node/extensionHostProcess.js:171:9802)
	at N.a (/home/sss/.vscode-server/bin/0ee08df0cf4527e40edc9aa28f4b5bd38bbff2b2/out/vs/workbench/api/node/extensionHostProcess.js:171:6595)
	at N.h (/home/sss/.vscode-server/bin/0ee08df0cf4527e40edc9aa28f4b5bd38bbff2b2/out/vs/workbench/api/node/extensionHostProcess.js:97:20057)
	at listOnTimeout (node:internal/timers:569:17)
	at process.processTimers (node:internal/timers:512:7) setContext undefined
2024-01-12 14:57:28.180 [info] Extension host with pid 17322 exiting with code 0
