2024-01-11 12:27:51.476 [info] Log level: Info
2024-01-11 12:27:51.476 [info] Validating found git in: "git"
2024-01-11 12:27:51.476 [info] Using git "2.34.1" from "git"
2024-01-11 12:27:51.476 [info] > git rev-parse --show-toplevel [37ms]
2024-01-11 12:27:51.476 [info] > git rev-parse --git-dir --git-common-dir [12ms]
2024-01-11 12:27:51.476 [info] Open repository: /home/sss
2024-01-11 12:27:51.476 [info] > git config --get commit.template [11ms]
2024-01-11 12:27:51.476 [info] No remotes found in the git config file.
2024-01-11 12:27:51.476 [info] > git rev-parse --show-toplevel [21ms]
2024-01-11 12:27:51.476 [info] > git rev-parse --git-dir --git-common-dir [20ms]
2024-01-11 12:27:51.476 [info] Open repository: /home/sss/laravelapp
2024-01-11 12:27:51.476 [info] > git for-each-ref --format=%(refname)%00%(upstream:short)%00%(objectname)%00%(upstream:track)%00%(upstream:remotename)%00%(upstream:remoteref) refs/heads/01-orm-setup refs/remotes/01-orm-setup [52ms]
2024-01-11 12:27:51.476 [info] > git config --get commit.template [29ms]
2024-01-11 12:27:51.476 [info] > git rev-parse --show-toplevel [75ms]
2024-01-11 12:27:51.476 [info] > git for-each-ref --format=%(refname)%00%(upstream:short)%00%(objectname)%00%(upstream:track)%00%(upstream:remotename)%00%(upstream:remoteref) refs/heads/08-basic-controllers refs/remotes/08-basic-controllers [52ms]
2024-01-11 12:27:51.476 [info] > git rev-parse --show-toplevel [32ms]
2024-01-11 12:27:51.476 [info] > git status -z -uall [279ms]
2024-01-11 12:27:51.476 [info] > git status -z -uall [72ms]
2024-01-11 12:27:51.476 [info] > git rev-parse --show-toplevel [60ms]
2024-01-11 12:27:51.476 [info] > git rev-parse --show-toplevel [1203ms]
2024-01-11 12:27:51.476 [info] > git config --get commit.template [1212ms]
2024-01-11 12:27:51.476 [info] > git config --get commit.template [48ms]
2024-01-11 12:27:51.476 [info] No remotes found in the git config file.
2024-01-11 12:27:51.476 [info] > git for-each-ref --format=%(refname)%00%(upstream:short)%00%(objectname)%00%(upstream:track)%00%(upstream:remotename)%00%(upstream:remoteref) refs/heads/08-basic-controllers refs/remotes/08-basic-controllers [59ms]
2024-01-11 12:27:51.476 [info] > git rev-parse --show-toplevel [73ms]
2024-01-11 12:27:51.476 [info] > git for-each-ref --format=%(refname)%00%(upstream:short)%00%(objectname)%00%(upstream:track)%00%(upstream:remotename)%00%(upstream:remoteref) refs/heads/01-orm-setup refs/remotes/01-orm-setup [17ms]
2024-01-11 12:27:51.476 [info] > git rev-parse --show-toplevel [12ms]
2024-01-11 12:27:51.476 [info] > git status -z -uall [27ms]
2024-01-11 12:27:51.477 [info] > git rev-parse --show-toplevel [25ms]
2024-01-11 12:27:51.554 [info] > git status -z -uall [142ms]
2024-01-11 12:27:52.468 [info] > git check-ignore -v -z --stdin [6ms]
2024-01-11 12:27:52.554 [info] > git show --textconv :app/Http/Controllers/Controller.php [8ms]
2024-01-11 12:27:52.557 [info] > git ls-files --stage -- /home/sss/laravelapp/app/Http/Controllers/Controller.php [5ms]
2024-01-11 12:27:52.640 [info] > git cat-file -s 77ec359ab4de60f6dd2205cbc5b2aab373d8a185 [77ms]
2024-01-11 12:27:53.021 [info] > git check-ignore -v -z --stdin [12ms]
2024-01-11 12:27:53.023 [info] > git check-ignore -v -z --stdin [4ms]
2024-01-11 12:27:55.568 [info] No remotes found in the git config file.
2024-01-11 12:27:55.569 [info] > git config --get commit.template [16ms]
2024-01-11 12:27:55.573 [info] > git for-each-ref --format=%(refname)%00%(upstream:short)%00%(objectname)%00%(upstream:track)%00%(upstream:remotename)%00%(upstream:remoteref) refs/heads/01-orm-setup refs/remotes/01-orm-setup [6ms]
2024-01-11 12:27:55.668 [info] > git status -z -uall [75ms]
2024-01-11 12:28:00.765 [info] No remotes found in the git config file.
2024-01-11 12:28:00.767 [info] > git config --get commit.template [10ms]
2024-01-11 12:28:00.767 [info] > git for-each-ref --format=%(refname)%00%(upstream:short)%00%(objectname)%00%(upstream:track)%00%(upstream:remotename)%00%(upstream:remoteref) refs/heads/01-orm-setup refs/remotes/01-orm-setup [2ms]
2024-01-11 12:28:00.847 [info] > git status -z -uall [73ms]
2024-01-11 12:28:05.930 [info] > git config --get commit.template [3ms]
2024-01-11 12:28:05.938 [info] No remotes found in the git config file.
2024-01-11 12:28:05.941 [info] > git for-each-ref --format=%(refname)%00%(upstream:short)%00%(objectname)%00%(upstream:track)%00%(upstream:remotename)%00%(upstream:remoteref) refs/heads/01-orm-setup refs/remotes/01-orm-setup [4ms]
2024-01-11 12:28:06.016 [info] > git status -z -uall [66ms]
2024-01-11 12:28:08.508 [info] > git check-ignore -v -z --stdin [13ms]
2024-01-11 12:28:08.509 [info] > git check-ignore -v -z --stdin [4ms]
2024-01-11 12:28:11.096 [info] No remotes found in the git config file.
2024-01-11 12:28:11.097 [info] > git config --get commit.template [13ms]
2024-01-11 12:28:11.098 [info] > git for-each-ref --format=%(refname)%00%(upstream:short)%00%(objectname)%00%(upstream:track)%00%(upstream:remotename)%00%(upstream:remoteref) refs/heads/01-orm-setup refs/remotes/01-orm-setup [3ms]
2024-01-11 12:28:11.168 [info] > git status -z -uall [63ms]
2024-01-11 12:28:12.925 [info] > git show --textconv :resources/views/contacts/index.blade.php [10ms]
2024-01-11 12:28:12.928 [info] > git ls-files --stage -- /home/sss/laravelapp/resources/views/contacts/index.blade.php [3ms]
2024-01-11 12:28:12.940 [info] > git cat-file -s d61f05aa886e6c3c5c81ee3ca06f66525ec663dd [6ms]
2024-01-11 12:28:13.552 [info] > git show --textconv :resources/views/contacts/create.blade.php [15ms]
2024-01-11 12:28:13.553 [info] > git ls-files --stage -- /home/sss/laravelapp/resources/views/contacts/create.blade.php [2ms]
2024-01-11 12:28:13.572 [info] > git cat-file -s d2dacaf0d8d919923541550bc2bd0020b632a6d7 [10ms]
2024-01-11 12:28:14.274 [info] > git show --textconv :resources/views/contacts/_filter.blade.php [7ms]
2024-01-11 12:28:14.275 [info] > git ls-files --stage -- /home/sss/laravelapp/resources/views/contacts/_filter.blade.php [2ms]
2024-01-11 12:28:15.802 [info] > git show --textconv :app/Http/Controllers/Controller.php [7ms]
2024-01-11 12:28:15.804 [info] > git ls-files --stage -- /home/sss/laravelapp/app/Http/Controllers/Controller.php [3ms]
2024-01-11 12:28:15.816 [info] > git cat-file -s 77ec359ab4de60f6dd2205cbc5b2aab373d8a185 [5ms]
2024-01-11 12:28:16.276 [info] No remotes found in the git config file.
2024-01-11 12:28:16.277 [info] > git config --get commit.template [12ms]
2024-01-11 12:28:16.278 [info] > git for-each-ref --format=%(refname)%00%(upstream:short)%00%(objectname)%00%(upstream:track)%00%(upstream:remotename)%00%(upstream:remoteref) refs/heads/01-orm-setup refs/remotes/01-orm-setup [3ms]
2024-01-11 12:28:16.309 [info] > git show --textconv :app/Http/Controllers/ContactController.php [12ms]
2024-01-11 12:28:16.315 [info] > git ls-files --stage -- /home/sss/laravelapp/app/Http/Controllers/ContactController.php [7ms]
2024-01-11 12:28:16.326 [info] > git cat-file -s 6976bd8379ceab6ab1c3fa3c082dbc58ccdd3d8b [3ms]
2024-01-11 12:28:16.355 [info] > git status -z -uall [70ms]
2024-01-11 12:28:19.771 [info] > git check-ignore -v -z --stdin [4ms]
2024-01-11 12:28:20.838 [info] > git check-ignore -v -z --stdin [7ms]
2024-01-11 12:28:21.436 [info] > git config --get commit.template [1ms]
2024-01-11 12:28:21.445 [info] No remotes found in the git config file.
2024-01-11 12:28:21.453 [info] > git for-each-ref --format=%(refname)%00%(upstream:short)%00%(objectname)%00%(upstream:track)%00%(upstream:remotename)%00%(upstream:remoteref) refs/heads/01-orm-setup refs/remotes/01-orm-setup [8ms]
2024-01-11 12:28:21.527 [info] > git status -z -uall [64ms]
2024-01-11 12:28:26.606 [info] No remotes found in the git config file.
2024-01-11 12:28:26.607 [info] > git config --get commit.template [11ms]
2024-01-11 12:28:26.608 [info] > git for-each-ref --format=%(refname)%00%(upstream:short)%00%(objectname)%00%(upstream:track)%00%(upstream:remotename)%00%(upstream:remoteref) refs/heads/01-orm-setup refs/remotes/01-orm-setup [2ms]
2024-01-11 12:28:26.682 [info] > git status -z -uall [64ms]
2024-01-11 12:28:30.018 [info] > git check-ignore -v -z --stdin [7ms]
2024-01-11 12:28:30.848 [info] > git check-ignore -v -z --stdin [2ms]
2024-01-11 12:28:31.778 [info] No remotes found in the git config file.
2024-01-11 12:28:31.783 [info] > git config --get commit.template [13ms]
2024-01-11 12:28:31.783 [info] > git for-each-ref --format=%(refname)%00%(upstream:short)%00%(objectname)%00%(upstream:track)%00%(upstream:remotename)%00%(upstream:remoteref) refs/heads/01-orm-setup refs/remotes/01-orm-setup [6ms]
2024-01-11 12:28:31.863 [info] > git status -z -uall [66ms]
2024-01-11 12:28:32.517 [info] > git check-ignore -v -z --stdin [4ms]
2024-01-11 12:28:33.048 [info] > git check-ignore -v -z --stdin [7ms]
2024-01-11 12:28:34.665 [info] > git check-ignore -v -z --stdin [3ms]
2024-01-11 12:28:36.383 [info] > git check-ignore -v -z --stdin [2ms]
2024-01-11 12:28:36.961 [info] No remotes found in the git config file.
2024-01-11 12:28:36.962 [info] > git config --get commit.template [14ms]
2024-01-11 12:28:36.963 [info] > git for-each-ref --format=%(refname)%00%(upstream:short)%00%(objectname)%00%(upstream:track)%00%(upstream:remotename)%00%(upstream:remoteref) refs/heads/01-orm-setup refs/remotes/01-orm-setup [3ms]
2024-01-11 12:28:37.052 [info] > git status -z -uall [73ms]
2024-01-11 12:28:37.120 [info] > git check-ignore -v -z --stdin [71ms]
2024-01-11 12:28:39.561 [info] > git check-ignore -v -z --stdin [4ms]
2024-01-11 12:28:40.780 [info] > git show --textconv :SSS-HA/public/index.php [8ms]
2024-01-11 12:28:40.782 [info] > git ls-files --stage -- /home/sss/SSS-HA/public/index.php [3ms]
2024-01-11 12:28:42.145 [info] No remotes found in the git config file.
2024-01-11 12:28:42.146 [info] > git config --get commit.template [12ms]
2024-01-11 12:28:42.152 [info] > git for-each-ref --format=%(refname)%00%(upstream:short)%00%(objectname)%00%(upstream:track)%00%(upstream:remotename)%00%(upstream:remoteref) refs/heads/01-orm-setup refs/remotes/01-orm-setup [6ms]
2024-01-11 12:28:42.227 [info] > git status -z -uall [66ms]
2024-01-11 12:28:45.124 [info] > git check-ignore -v -z --stdin [4ms]
2024-01-11 12:28:53.245 [info] No remotes found in the git config file.
2024-01-11 12:28:53.246 [info] > git config --get commit.template [11ms]
2024-01-11 12:28:53.251 [info] > git for-each-ref --format=%(refname)%00%(upstream:short)%00%(objectname)%00%(upstream:track)%00%(upstream:remotename)%00%(upstream:remoteref) refs/heads/01-orm-setup refs/remotes/01-orm-setup [7ms]
2024-01-11 12:28:53.334 [info] > git status -z -uall [75ms]
2024-01-11 12:28:58.410 [info] > git config --get commit.template [4ms]
2024-01-11 12:28:58.418 [info] No remotes found in the git config file.
2024-01-11 12:28:58.422 [info] > git for-each-ref --format=%(refname)%00%(upstream:short)%00%(objectname)%00%(upstream:track)%00%(upstream:remotename)%00%(upstream:remoteref) refs/heads/01-orm-setup refs/remotes/01-orm-setup [4ms]
2024-01-11 12:28:58.504 [info] > git status -z -uall [72ms]
2024-01-11 12:29:03.588 [info] No remotes found in the git config file.
2024-01-11 12:29:03.589 [info] > git config --get commit.template [17ms]
2024-01-11 12:29:03.590 [info] > git for-each-ref --format=%(refname)%00%(upstream:short)%00%(objectname)%00%(upstream:track)%00%(upstream:remotename)%00%(upstream:remoteref) refs/heads/01-orm-setup refs/remotes/01-orm-setup [2ms]
2024-01-11 12:29:03.676 [info] > git status -z -uall [76ms]
2024-01-11 12:29:31.140 [info] No remotes found in the git config file.
2024-01-11 12:29:31.141 [info] > git config --get commit.template [12ms]
2024-01-11 12:29:31.146 [info] > git for-each-ref --format=%(refname)%00%(upstream:short)%00%(objectname)%00%(upstream:track)%00%(upstream:remotename)%00%(upstream:remoteref) refs/heads/01-orm-setup refs/remotes/01-orm-setup [7ms]
2024-01-11 12:29:31.254 [info] > git status -z -uall [96ms]
2024-01-11 12:29:45.545 [info] No remotes found in the git config file.
2024-01-11 12:29:45.548 [info] > git config --get commit.template [12ms]
2024-01-11 12:29:45.549 [info] > git for-each-ref --format=%(refname)%00%(upstream:short)%00%(objectname)%00%(upstream:track)%00%(upstream:remotename)%00%(upstream:remoteref) refs/heads/01-orm-setup refs/remotes/01-orm-setup [4ms]
2024-01-11 12:29:45.636 [info] > git status -z -uall [79ms]
2024-01-11 12:39:59.748 [info] No remotes found in the git config file.
2024-01-11 12:39:59.749 [info] > git config --get commit.template [11ms]
2024-01-11 12:39:59.752 [info] > git for-each-ref --format=%(refname)%00%(upstream:short)%00%(objectname)%00%(upstream:track)%00%(upstream:remotename)%00%(upstream:remoteref) refs/heads/01-orm-setup refs/remotes/01-orm-setup [5ms]
2024-01-11 12:39:59.838 [info] > git status -z -uall [79ms]
2024-01-11 12:40:01.844 [info] > git check-ignore -v -z --stdin [2ms]
2024-01-11 12:40:02.483 [info] > git show --textconv :SSS-HA/routes/api.php [11ms]
2024-01-11 12:40:02.484 [info] > git ls-files --stage -- /home/sss/SSS-HA/routes/api.php [2ms]
2024-01-11 12:40:02.923 [info] > git show --textconv :SSS-HA/routes/channels.php [10ms]
2024-01-11 12:40:02.923 [info] > git ls-files --stage -- /home/sss/SSS-HA/routes/channels.php [2ms]
2024-01-11 12:40:03.333 [info] > git show --textconv :SSS-HA/routes/console.php [6ms]
2024-01-11 12:40:03.335 [info] > git ls-files --stage -- /home/sss/SSS-HA/routes/console.php [2ms]
2024-01-11 12:40:03.759 [info] > git show --textconv :SSS-HA/routes/web.php [10ms]
2024-01-11 12:40:03.760 [info] > git ls-files --stage -- /home/sss/SSS-HA/routes/web.php [3ms]
2024-01-11 12:40:04.939 [info] No remotes found in the git config file.
2024-01-11 12:40:04.940 [info] > git config --get commit.template [12ms]
2024-01-11 12:40:04.941 [info] > git for-each-ref --format=%(refname)%00%(upstream:short)%00%(objectname)%00%(upstream:track)%00%(upstream:remotename)%00%(upstream:remoteref) refs/heads/01-orm-setup refs/remotes/01-orm-setup [2ms]
2024-01-11 12:40:05.023 [info] > git status -z -uall [74ms]
2024-01-11 12:42:03.376 [info] No remotes found in the git config file.
2024-01-11 12:42:03.377 [info] > git config --get commit.template [12ms]
2024-01-11 12:42:03.379 [info] > git for-each-ref --format=%(refname)%00%(upstream:short)%00%(objectname)%00%(upstream:track)%00%(upstream:remotename)%00%(upstream:remoteref) refs/heads/01-orm-setup refs/remotes/01-orm-setup [3ms]
2024-01-11 12:42:03.474 [info] > git status -z -uall [84ms]
2024-01-11 12:42:05.199 [info] > git show --textconv :SSS-HA/.env [9ms]
2024-01-11 12:42:05.202 [info] > git ls-files --stage -- /home/sss/SSS-HA/.env [3ms]
2024-01-11 12:42:08.593 [info] No remotes found in the git config file.
2024-01-11 12:42:08.598 [info] > git config --get commit.template [16ms]
2024-01-11 12:42:08.598 [info] > git for-each-ref --format=%(refname)%00%(upstream:short)%00%(objectname)%00%(upstream:track)%00%(upstream:remotename)%00%(upstream:remoteref) refs/heads/01-orm-setup refs/remotes/01-orm-setup [6ms]
2024-01-11 12:42:08.678 [info] > git status -z -uall [69ms]
2024-01-11 12:42:30.595 [info] No remotes found in the git config file.
2024-01-11 12:42:30.596 [info] > git config --get commit.template [13ms]
2024-01-11 12:42:30.598 [info] > git for-each-ref --format=%(refname)%00%(upstream:short)%00%(objectname)%00%(upstream:track)%00%(upstream:remotename)%00%(upstream:remoteref) refs/heads/01-orm-setup refs/remotes/01-orm-setup [4ms]
2024-01-11 12:42:30.695 [info] > git status -z -uall [86ms]
2024-01-11 12:42:46.696 [info] No remotes found in the git config file.
2024-01-11 12:42:46.699 [info] > git config --get commit.template [22ms]
2024-01-11 12:42:46.700 [info] > git for-each-ref --format=%(refname)%00%(upstream:short)%00%(objectname)%00%(upstream:track)%00%(upstream:remotename)%00%(upstream:remoteref) refs/heads/01-orm-setup refs/remotes/01-orm-setup [5ms]
2024-01-11 12:42:46.781 [info] > git status -z -uall [70ms]
2024-01-11 12:42:58.463 [info] No remotes found in the git config file.
2024-01-11 12:42:58.465 [info] > git config --get commit.template [15ms]
2024-01-11 12:42:58.470 [info] > git for-each-ref --format=%(refname)%00%(upstream:short)%00%(objectname)%00%(upstream:track)%00%(upstream:remotename)%00%(upstream:remoteref) refs/heads/01-orm-setup refs/remotes/01-orm-setup [8ms]
2024-01-11 12:42:58.561 [info] > git status -z -uall [81ms]
2024-01-11 12:43:03.661 [info] > git config --get commit.template [2ms]
2024-01-11 12:43:03.670 [info] No remotes found in the git config file.
2024-01-11 12:43:03.673 [info] > git for-each-ref --format=%(refname)%00%(upstream:short)%00%(objectname)%00%(upstream:track)%00%(upstream:remotename)%00%(upstream:remoteref) refs/heads/01-orm-setup refs/remotes/01-orm-setup [3ms]
2024-01-11 12:43:03.748 [info] > git status -z -uall [63ms]
2024-01-11 12:43:21.956 [info] No remotes found in the git config file.
2024-01-11 12:43:21.957 [info] > git config --get commit.template [15ms]
2024-01-11 12:43:21.961 [info] > git for-each-ref --format=%(refname)%00%(upstream:short)%00%(objectname)%00%(upstream:track)%00%(upstream:remotename)%00%(upstream:remoteref) refs/heads/01-orm-setup refs/remotes/01-orm-setup [6ms]
2024-01-11 12:43:22.080 [info] > git status -z -uall [106ms]
2024-01-11 12:43:27.189 [info] No remotes found in the git config file.
2024-01-11 12:43:27.191 [info] > git config --get commit.template [17ms]
2024-01-11 12:43:27.194 [info] > git for-each-ref --format=%(refname)%00%(upstream:short)%00%(objectname)%00%(upstream:track)%00%(upstream:remotename)%00%(upstream:remoteref) refs/heads/01-orm-setup refs/remotes/01-orm-setup [5ms]
2024-01-11 12:43:27.282 [info] > git status -z -uall [79ms]
2024-01-11 12:43:54.118 [info] No remotes found in the git config file.
2024-01-11 12:43:54.120 [info] > git config --get commit.template [17ms]
2024-01-11 12:43:54.123 [info] > git for-each-ref --format=%(refname)%00%(upstream:short)%00%(objectname)%00%(upstream:track)%00%(upstream:remotename)%00%(upstream:remoteref) refs/heads/01-orm-setup refs/remotes/01-orm-setup [6ms]
2024-01-11 12:43:54.227 [info] > git status -z -uall [94ms]
2024-01-11 12:43:59.328 [info] No remotes found in the git config file.
2024-01-11 12:43:59.330 [info] > git config --get commit.template [10ms]
2024-01-11 12:43:59.330 [info] > git for-each-ref --format=%(refname)%00%(upstream:short)%00%(objectname)%00%(upstream:track)%00%(upstream:remotename)%00%(upstream:remoteref) refs/heads/01-orm-setup refs/remotes/01-orm-setup [2ms]
2024-01-11 12:43:59.400 [info] > git status -z -uall [64ms]
2024-01-11 12:44:10.558 [info] No remotes found in the git config file.
2024-01-11 12:44:10.560 [info] > git config --get commit.template [12ms]
2024-01-11 12:44:10.562 [info] > git for-each-ref --format=%(refname)%00%(upstream:short)%00%(objectname)%00%(upstream:track)%00%(upstream:remotename)%00%(upstream:remoteref) refs/heads/01-orm-setup refs/remotes/01-orm-setup [5ms]
2024-01-11 12:44:10.660 [info] > git status -z -uall [87ms]
2024-01-11 12:45:05.838 [info] No remotes found in the git config file.
2024-01-11 12:45:05.840 [info] > git config --get commit.template [11ms]
2024-01-11 12:45:05.881 [info] > git for-each-ref --format=%(refname)%00%(upstream:short)%00%(objectname)%00%(upstream:track)%00%(upstream:remotename)%00%(upstream:remoteref) refs/heads/01-orm-setup refs/remotes/01-orm-setup [44ms]
2024-01-11 12:45:05.979 [info] > git status -z -uall [83ms]
2024-01-11 12:45:11.073 [info] No remotes found in the git config file.
2024-01-11 12:45:11.082 [info] > git config --get commit.template [9ms]
2024-01-11 12:45:11.082 [info] > git for-each-ref --format=%(refname)%00%(upstream:short)%00%(objectname)%00%(upstream:track)%00%(upstream:remotename)%00%(upstream:remoteref) refs/heads/01-orm-setup refs/remotes/01-orm-setup [2ms]
2024-01-11 12:45:11.166 [info] > git status -z -uall [77ms]
2024-01-11 12:45:16.236 [info] No remotes found in the git config file.
2024-01-11 12:45:16.237 [info] > git config --get commit.template [10ms]
2024-01-11 12:45:16.238 [info] > git for-each-ref --format=%(refname)%00%(upstream:short)%00%(objectname)%00%(upstream:track)%00%(upstream:remotename)%00%(upstream:remoteref) refs/heads/01-orm-setup refs/remotes/01-orm-setup [2ms]
2024-01-11 12:45:16.324 [info] > git status -z -uall [76ms]
2024-01-11 12:45:18.095 [info] > git check-ignore -v -z --stdin [3ms]
2024-01-11 12:45:21.221 [info] > git check-ignore -v -z --stdin [6ms]
2024-01-11 12:45:21.399 [info] No remotes found in the git config file.
2024-01-11 12:45:21.400 [info] > git config --get commit.template [9ms]
2024-01-11 12:45:21.404 [info] > git for-each-ref --format=%(refname)%00%(upstream:short)%00%(objectname)%00%(upstream:track)%00%(upstream:remotename)%00%(upstream:remoteref) refs/heads/01-orm-setup refs/remotes/01-orm-setup [5ms]
2024-01-11 12:45:21.475 [info] > git status -z -uall [65ms]
2024-01-11 12:45:25.557 [info] > git show --textconv :SSS-HA/routes/web.php [22ms]
2024-01-11 12:45:25.558 [info] > git ls-files --stage -- /home/sss/SSS-HA/routes/web.php [1ms]
2024-01-11 12:45:26.550 [info] No remotes found in the git config file.
2024-01-11 12:45:26.551 [info] > git config --get commit.template [10ms]
2024-01-11 12:45:26.551 [info] > git for-each-ref --format=%(refname)%00%(upstream:short)%00%(objectname)%00%(upstream:track)%00%(upstream:remotename)%00%(upstream:remoteref) refs/heads/01-orm-setup refs/remotes/01-orm-setup [2ms]
2024-01-11 12:45:26.626 [info] > git status -z -uall [67ms]
2024-01-11 12:45:31.707 [info] No remotes found in the git config file.
2024-01-11 12:45:31.710 [info] > git config --get commit.template [16ms]
2024-01-11 12:45:31.712 [info] > git for-each-ref --format=%(refname)%00%(upstream:short)%00%(objectname)%00%(upstream:track)%00%(upstream:remotename)%00%(upstream:remoteref) refs/heads/01-orm-setup refs/remotes/01-orm-setup [7ms]
2024-01-11 12:45:31.790 [info] > git status -z -uall [66ms]
2024-01-11 12:45:35.195 [info] > git check-ignore -v -z --stdin [3ms]
2024-01-11 12:45:36.153 [info] > git show --textconv :SSS-HA/resources/views/welcome.blade.php [9ms]
2024-01-11 12:45:36.157 [info] > git ls-files --stage -- /home/sss/SSS-HA/resources/views/welcome.blade.php [5ms]
2024-01-11 12:45:36.860 [info] No remotes found in the git config file.
2024-01-11 12:45:36.861 [info] > git config --get commit.template [8ms]
2024-01-11 12:45:36.861 [info] > git for-each-ref --format=%(refname)%00%(upstream:short)%00%(objectname)%00%(upstream:track)%00%(upstream:remotename)%00%(upstream:remoteref) refs/heads/01-orm-setup refs/remotes/01-orm-setup [1ms]
2024-01-11 12:45:36.914 [info] > git status -z -uall [48ms]
2024-01-11 12:45:42.003 [info] No remotes found in the git config file.
2024-01-11 12:45:42.006 [info] > git for-each-ref --format=%(refname)%00%(upstream:short)%00%(objectname)%00%(upstream:track)%00%(upstream:remotename)%00%(upstream:remoteref) refs/heads/01-orm-setup refs/remotes/01-orm-setup [2ms]
2024-01-11 12:45:42.006 [info] > git config --get commit.template [13ms]
2024-01-11 12:45:42.086 [info] > git status -z -uall [59ms]
2024-01-11 12:45:47.165 [info] No remotes found in the git config file.
2024-01-11 12:45:47.166 [info] > git config --get commit.template [11ms]
2024-01-11 12:45:47.167 [info] > git for-each-ref --format=%(refname)%00%(upstream:short)%00%(objectname)%00%(upstream:track)%00%(upstream:remotename)%00%(upstream:remoteref) refs/heads/01-orm-setup refs/remotes/01-orm-setup [2ms]
2024-01-11 12:45:47.250 [info] > git status -z -uall [70ms]
2024-01-11 12:45:48.098 [info] > git show --textconv :SSS-HA/routes/web.php [11ms]
2024-01-11 12:45:48.100 [info] > git ls-files --stage -- /home/sss/SSS-HA/routes/web.php [5ms]
2024-01-11 12:45:52.335 [info] No remotes found in the git config file.
2024-01-11 12:45:52.336 [info] > git config --get commit.template [11ms]
2024-01-11 12:45:52.337 [info] > git for-each-ref --format=%(refname)%00%(upstream:short)%00%(objectname)%00%(upstream:track)%00%(upstream:remotename)%00%(upstream:remoteref) refs/heads/01-orm-setup refs/remotes/01-orm-setup [3ms]
2024-01-11 12:45:52.414 [info] > git status -z -uall [66ms]
2024-01-11 12:45:53.497 [info] > git show --textconv :SSS-HA/resources/views/welcome.blade.php [13ms]
2024-01-11 12:45:53.501 [info] > git ls-files --stage -- /home/sss/SSS-HA/resources/views/welcome.blade.php [6ms]
2024-01-11 12:45:58.082 [info] No remotes found in the git config file.
2024-01-11 12:45:58.083 [info] > git config --get commit.template [15ms]
2024-01-11 12:45:58.088 [info] > git for-each-ref --format=%(refname)%00%(upstream:short)%00%(objectname)%00%(upstream:track)%00%(upstream:remotename)%00%(upstream:remoteref) refs/heads/01-orm-setup refs/remotes/01-orm-setup [6ms]
2024-01-11 12:45:58.163 [info] > git status -z -uall [64ms]
2024-01-11 12:46:15.304 [info] No remotes found in the git config file.
2024-01-11 12:46:15.308 [info] > git for-each-ref --format=%(refname)%00%(upstream:short)%00%(objectname)%00%(upstream:track)%00%(upstream:remotename)%00%(upstream:remoteref) refs/heads/01-orm-setup refs/remotes/01-orm-setup [4ms]
2024-01-11 12:46:15.308 [info] > git config --get commit.template [24ms]
2024-01-11 12:46:15.388 [info] > git status -z -uall [68ms]
2024-01-11 12:46:20.464 [info] No remotes found in the git config file.
2024-01-11 12:46:20.465 [info] > git config --get commit.template [11ms]
2024-01-11 12:46:20.465 [info] > git for-each-ref --format=%(refname)%00%(upstream:short)%00%(objectname)%00%(upstream:track)%00%(upstream:remotename)%00%(upstream:remoteref) refs/heads/01-orm-setup refs/remotes/01-orm-setup [2ms]
2024-01-11 12:46:20.538 [info] > git status -z -uall [64ms]
2024-01-11 12:46:32.296 [info] No remotes found in the git config file.
2024-01-11 12:46:32.297 [info] > git config --get commit.template [14ms]
2024-01-11 12:46:32.306 [info] > git for-each-ref --format=%(refname)%00%(upstream:short)%00%(objectname)%00%(upstream:track)%00%(upstream:remotename)%00%(upstream:remoteref) refs/heads/01-orm-setup refs/remotes/01-orm-setup [10ms]
2024-01-11 12:46:32.400 [info] > git status -z -uall [84ms]
2024-01-11 12:46:37.967 [info] No remotes found in the git config file.
2024-01-11 12:46:37.968 [info] > git config --get commit.template [16ms]
2024-01-11 12:46:37.970 [info] > git for-each-ref --format=%(refname)%00%(upstream:short)%00%(objectname)%00%(upstream:track)%00%(upstream:remotename)%00%(upstream:remoteref) refs/heads/01-orm-setup refs/remotes/01-orm-setup [4ms]
2024-01-11 12:46:38.061 [info] > git status -z -uall [77ms]
2024-01-11 12:46:45.751 [info] No remotes found in the git config file.
2024-01-11 12:46:45.752 [info] > git config --get commit.template [16ms]
2024-01-11 12:46:45.754 [info] > git for-each-ref --format=%(refname)%00%(upstream:short)%00%(objectname)%00%(upstream:track)%00%(upstream:remotename)%00%(upstream:remoteref) refs/heads/01-orm-setup refs/remotes/01-orm-setup [3ms]
2024-01-11 12:46:45.839 [info] > git status -z -uall [70ms]
2024-01-11 12:46:48.784 [info] > git ls-files --stage -- /home/sss/SSS-HA/resources/views/welcome.blade.php [4ms]
2024-01-11 12:46:48.803 [info] > git show --textconv :SSS-HA/resources/views/welcome.blade.php [1ms]
2024-01-11 12:46:51.717 [info] > git config --get commit.template [12ms]
2024-01-11 12:46:51.721 [info] > git for-each-ref --format=%(refname)%00%(upstream:short)%00%(objectname)%00%(upstream:track)%00%(upstream:remotename)%00%(upstream:remoteref) refs/heads/01-orm-setup refs/remotes/01-orm-setup [5ms]
2024-01-11 12:46:51.804 [info] > git status -z -uall [71ms]
2024-01-11 12:46:56.894 [info] > git config --get commit.template [17ms]
2024-01-11 12:46:56.895 [info] > git for-each-ref --format=%(refname)%00%(upstream:short)%00%(objectname)%00%(upstream:track)%00%(upstream:remotename)%00%(upstream:remoteref) refs/heads/01-orm-setup refs/remotes/01-orm-setup [2ms]
2024-01-11 12:46:56.965 [info] > git status -z -uall [62ms]
2024-01-11 12:47:02.052 [info] > git config --get commit.template [19ms]
2024-01-11 12:47:02.053 [info] > git for-each-ref --format=%(refname)%00%(upstream:short)%00%(objectname)%00%(upstream:track)%00%(upstream:remotename)%00%(upstream:remoteref) refs/heads/01-orm-setup refs/remotes/01-orm-setup [4ms]
2024-01-11 12:47:02.138 [info] > git status -z -uall [71ms]
2024-01-11 12:47:04.132 [info] > git show --textconv :SSS-HA/routes/web.php [14ms]
2024-01-11 12:47:04.132 [info] > git ls-files --stage -- /home/sss/SSS-HA/routes/web.php [2ms]
2024-01-11 12:47:25.163 [info] > git config --get commit.template [14ms]
2024-01-11 12:47:25.169 [info] > git for-each-ref --format=%(refname)%00%(upstream:short)%00%(objectname)%00%(upstream:track)%00%(upstream:remotename)%00%(upstream:remoteref) refs/heads/01-orm-setup refs/remotes/01-orm-setup [7ms]
2024-01-11 12:47:25.279 [info] > git status -z -uall [94ms]
2024-01-11 12:50:16.787 [info] > git config --get commit.template [13ms]
2024-01-11 12:50:16.791 [info] > git for-each-ref --format=%(refname)%00%(upstream:short)%00%(objectname)%00%(upstream:track)%00%(upstream:remotename)%00%(upstream:remoteref) refs/heads/01-orm-setup refs/remotes/01-orm-setup [6ms]
2024-01-11 12:50:16.882 [info] > git status -z -uall [82ms]
2024-01-11 12:50:21.988 [info] > git config --get commit.template [11ms]
2024-01-11 12:50:21.990 [info] > git for-each-ref --format=%(refname)%00%(upstream:short)%00%(objectname)%00%(upstream:track)%00%(upstream:remotename)%00%(upstream:remoteref) refs/heads/01-orm-setup refs/remotes/01-orm-setup [5ms]
2024-01-11 12:50:22.073 [info] > git status -z -uall [77ms]
2024-01-11 12:50:30.563 [info] > git config --get commit.template [12ms]
2024-01-11 12:50:30.565 [info] > git for-each-ref --format=%(refname)%00%(upstream:short)%00%(objectname)%00%(upstream:track)%00%(upstream:remotename)%00%(upstream:remoteref) refs/heads/01-orm-setup refs/remotes/01-orm-setup [4ms]
2024-01-11 12:50:30.642 [info] > git status -z -uall [68ms]
2024-01-11 12:50:35.722 [info] > git config --get commit.template [17ms]
2024-01-11 12:50:35.723 [info] > git for-each-ref --format=%(refname)%00%(upstream:short)%00%(objectname)%00%(upstream:track)%00%(upstream:remotename)%00%(upstream:remoteref) refs/heads/01-orm-setup refs/remotes/01-orm-setup [2ms]
2024-01-11 12:50:35.804 [info] > git status -z -uall [73ms]
2024-01-11 12:50:39.469 [info] > git show --textconv :SSS-HA/resources/views/welcome.blade.php [12ms]
2024-01-11 12:50:39.474 [info] > git ls-files --stage -- /home/sss/SSS-HA/resources/views/welcome.blade.php [6ms]
2024-01-11 12:56:00.356 [info] > git config --get commit.template [10ms]
2024-01-11 12:56:00.358 [info] > git for-each-ref --format=%(refname)%00%(upstream:short)%00%(objectname)%00%(upstream:track)%00%(upstream:remotename)%00%(upstream:remoteref) refs/heads/01-orm-setup refs/remotes/01-orm-setup [4ms]
2024-01-11 12:56:00.442 [info] > git status -z -uall [78ms]
2024-01-11 12:56:05.543 [info] > git config --get commit.template [9ms]
2024-01-11 12:56:05.547 [info] > git for-each-ref --format=%(refname)%00%(upstream:short)%00%(objectname)%00%(upstream:track)%00%(upstream:remotename)%00%(upstream:remoteref) refs/heads/01-orm-setup refs/remotes/01-orm-setup [5ms]
2024-01-11 12:56:05.624 [info] > git status -z -uall [65ms]
2024-01-11 12:56:07.733 [info] > git check-ignore -v -z --stdin [3ms]
2024-01-11 12:56:07.980 [info] > git show --textconv :SSS-HA/database/migrations/2014_10_12_000000_create_users_table.php [11ms]
2024-01-11 12:56:07.982 [info] > git ls-files --stage -- /home/sss/SSS-HA/database/migrations/2014_10_12_000000_create_users_table.php [3ms]
2024-01-11 12:56:08.985 [info] > git show --textconv :SSS-HA/database/migrations/2014_10_12_100000_create_password_reset_tokens_table.php [6ms]
2024-01-11 12:56:08.987 [info] > git ls-files --stage -- /home/sss/SSS-HA/database/migrations/2014_10_12_100000_create_password_reset_tokens_table.php [2ms]
2024-01-11 12:56:09.510 [info] > git show --textconv :SSS-HA/database/migrations/2019_08_19_000000_create_failed_jobs_table.php [10ms]
2024-01-11 12:56:09.513 [info] > git ls-files --stage -- /home/sss/SSS-HA/database/migrations/2019_08_19_000000_create_failed_jobs_table.php [4ms]
2024-01-11 12:56:10.204 [info] > git show --textconv :SSS-HA/database/migrations/2019_12_14_000001_create_personal_access_tokens_table.php [9ms]
2024-01-11 12:56:10.213 [info] > git ls-files --stage -- /home/sss/SSS-HA/database/migrations/2019_12_14_000001_create_personal_access_tokens_table.php [11ms]
2024-01-11 12:56:10.706 [info] > git config --get commit.template [13ms]
2024-01-11 12:56:10.707 [info] > git for-each-ref --format=%(refname)%00%(upstream:short)%00%(objectname)%00%(upstream:track)%00%(upstream:remotename)%00%(upstream:remoteref) refs/heads/01-orm-setup refs/remotes/01-orm-setup [3ms]
2024-01-11 12:56:10.784 [info] > git status -z -uall [67ms]
2024-01-11 12:56:22.895 [info] > git config --get commit.template [10ms]
2024-01-11 12:56:22.899 [info] > git for-each-ref --format=%(refname)%00%(upstream:short)%00%(objectname)%00%(upstream:track)%00%(upstream:remotename)%00%(upstream:remoteref) refs/heads/01-orm-setup refs/remotes/01-orm-setup [6ms]
2024-01-11 12:56:22.985 [info] > git status -z -uall [78ms]
2024-01-11 12:57:10.318 [info] > git config --get commit.template [11ms]
2024-01-11 12:57:10.320 [info] > git for-each-ref --format=%(refname)%00%(upstream:short)%00%(objectname)%00%(upstream:track)%00%(upstream:remotename)%00%(upstream:remoteref) refs/heads/01-orm-setup refs/remotes/01-orm-setup [4ms]
2024-01-11 12:57:10.408 [info] > git status -z -uall [79ms]
2024-01-11 12:57:15.506 [info] > git config --get commit.template [2ms]
2024-01-11 12:57:15.517 [info] > git for-each-ref --format=%(refname)%00%(upstream:short)%00%(objectname)%00%(upstream:track)%00%(upstream:remotename)%00%(upstream:remoteref) refs/heads/01-orm-setup refs/remotes/01-orm-setup [3ms]
2024-01-11 12:57:15.595 [info] > git status -z -uall [67ms]
2024-01-11 12:57:22.375 [info] > git config --get commit.template [12ms]
2024-01-11 12:57:22.379 [info] > git for-each-ref --format=%(refname)%00%(upstream:short)%00%(objectname)%00%(upstream:track)%00%(upstream:remotename)%00%(upstream:remoteref) refs/heads/01-orm-setup refs/remotes/01-orm-setup [6ms]
2024-01-11 12:57:22.499 [info] > git status -z -uall [111ms]
2024-01-11 12:58:07.348 [info] > git config --get commit.template [14ms]
2024-01-11 12:58:07.351 [info] > git for-each-ref --format=%(refname)%00%(upstream:short)%00%(objectname)%00%(upstream:track)%00%(upstream:remotename)%00%(upstream:remoteref) refs/heads/01-orm-setup refs/remotes/01-orm-setup [5ms]
2024-01-11 12:58:07.445 [info] > git status -z -uall [85ms]
2024-01-11 12:58:12.550 [info] > git config --get commit.template [10ms]
2024-01-11 12:58:12.551 [info] > git for-each-ref --format=%(refname)%00%(upstream:short)%00%(objectname)%00%(upstream:track)%00%(upstream:remotename)%00%(upstream:remoteref) refs/heads/01-orm-setup refs/remotes/01-orm-setup [3ms]
2024-01-11 12:58:12.634 [info] > git status -z -uall [77ms]
2024-01-11 12:58:17.723 [info] > git config --get commit.template [15ms]
2024-01-11 12:58:17.723 [info] > git for-each-ref --format=%(refname)%00%(upstream:short)%00%(objectname)%00%(upstream:track)%00%(upstream:remotename)%00%(upstream:remoteref) refs/heads/01-orm-setup refs/remotes/01-orm-setup [2ms]
2024-01-11 12:58:17.812 [info] > git status -z -uall [76ms]
2024-01-11 12:58:36.194 [info] > git config --get commit.template [16ms]
2024-01-11 12:58:36.195 [info] > git for-each-ref --format=%(refname)%00%(upstream:short)%00%(objectname)%00%(upstream:track)%00%(upstream:remotename)%00%(upstream:remoteref) refs/heads/01-orm-setup refs/remotes/01-orm-setup [3ms]
2024-01-11 12:58:36.286 [info] > git status -z -uall [76ms]
2024-01-11 12:58:41.411 [info] > git for-each-ref --format=%(refname)%00%(upstream:short)%00%(objectname)%00%(upstream:track)%00%(upstream:remotename)%00%(upstream:remoteref) refs/heads/01-orm-setup refs/remotes/01-orm-setup [3ms]
2024-01-11 12:58:41.412 [info] > git config --get commit.template [18ms]
2024-01-11 12:58:41.491 [info] > git status -z -uall [63ms]
2024-01-11 12:58:48.861 [info] > git config --get commit.template [12ms]
2024-01-11 12:58:48.865 [info] > git for-each-ref --format=%(refname)%00%(upstream:short)%00%(objectname)%00%(upstream:track)%00%(upstream:remotename)%00%(upstream:remoteref) refs/heads/01-orm-setup refs/remotes/01-orm-setup [5ms]
2024-01-11 12:58:48.953 [info] > git status -z -uall [77ms]
2024-01-11 12:59:40.201 [info] > git config --get commit.template [11ms]
2024-01-11 12:59:40.206 [info] > git for-each-ref --format=%(refname)%00%(upstream:short)%00%(objectname)%00%(upstream:track)%00%(upstream:remotename)%00%(upstream:remoteref) refs/heads/01-orm-setup refs/remotes/01-orm-setup [7ms]
2024-01-11 12:59:40.287 [info] > git status -z -uall [72ms]
2024-01-11 12:59:43.096 [info] > git check-ignore -v -z --stdin [4ms]
2024-01-11 12:59:44.498 [info] > git show --textconv :SSS-HA/database/migrations/2024_01_11_125941_create_manufacturers.php [12ms]
2024-01-11 12:59:44.501 [info] > git ls-files --stage -- /home/sss/SSS-HA/database/migrations/2024_01_11_125941_create_manufacturers.php [3ms]
2024-01-11 12:59:45.396 [info] > git config --get commit.template [14ms]
2024-01-11 12:59:45.397 [info] > git for-each-ref --format=%(refname)%00%(upstream:short)%00%(objectname)%00%(upstream:track)%00%(upstream:remotename)%00%(upstream:remoteref) refs/heads/01-orm-setup refs/remotes/01-orm-setup [3ms]
2024-01-11 12:59:45.474 [info] > git status -z -uall [68ms]
2024-01-11 13:01:02.212 [info] > git config --get commit.template [2ms]
2024-01-11 13:01:02.230 [info] > git for-each-ref --format=%(refname)%00%(upstream:short)%00%(objectname)%00%(upstream:track)%00%(upstream:remotename)%00%(upstream:remoteref) refs/heads/01-orm-setup refs/remotes/01-orm-setup [7ms]
2024-01-11 13:01:02.315 [info] > git status -z -uall [78ms]
2024-01-11 13:01:07.418 [info] > git config --get commit.template [10ms]
2024-01-11 13:01:07.419 [info] > git for-each-ref --format=%(refname)%00%(upstream:short)%00%(objectname)%00%(upstream:track)%00%(upstream:remotename)%00%(upstream:remoteref) refs/heads/01-orm-setup refs/remotes/01-orm-setup [3ms]
2024-01-11 13:01:07.492 [info] > git status -z -uall [65ms]
2024-01-11 13:01:24.010 [info] > git config --get commit.template [13ms]
2024-01-11 13:01:24.014 [info] > git for-each-ref --format=%(refname)%00%(upstream:short)%00%(objectname)%00%(upstream:track)%00%(upstream:remotename)%00%(upstream:remoteref) refs/heads/01-orm-setup refs/remotes/01-orm-setup [7ms]
2024-01-11 13:01:24.127 [info] > git status -z -uall [101ms]
2024-01-11 13:01:29.247 [info] > git config --get commit.template [13ms]
2024-01-11 13:01:29.248 [info] > git for-each-ref --format=%(refname)%00%(upstream:short)%00%(objectname)%00%(upstream:track)%00%(upstream:remotename)%00%(upstream:remoteref) refs/heads/01-orm-setup refs/remotes/01-orm-setup [3ms]
2024-01-11 13:01:29.321 [info] > git status -z -uall [66ms]
2024-01-11 13:01:34.416 [info] > git config --get commit.template [14ms]
2024-01-11 13:01:34.419 [info] > git for-each-ref --format=%(refname)%00%(upstream:short)%00%(objectname)%00%(upstream:track)%00%(upstream:remotename)%00%(upstream:remoteref) refs/heads/01-orm-setup refs/remotes/01-orm-setup [5ms]
2024-01-11 13:01:34.490 [info] > git status -z -uall [63ms]
2024-01-11 13:01:48.301 [info] > git config --get commit.template [20ms]
2024-01-11 13:01:48.303 [info] > git for-each-ref --format=%(refname)%00%(upstream:short)%00%(objectname)%00%(upstream:track)%00%(upstream:remotename)%00%(upstream:remoteref) refs/heads/01-orm-setup refs/remotes/01-orm-setup [7ms]
2024-01-11 13:01:48.384 [info] > git status -z -uall [66ms]
2024-01-11 13:01:54.365 [info] > git config --get commit.template [11ms]
2024-01-11 13:01:54.369 [info] > git for-each-ref --format=%(refname)%00%(upstream:short)%00%(objectname)%00%(upstream:track)%00%(upstream:remotename)%00%(upstream:remoteref) refs/heads/01-orm-setup refs/remotes/01-orm-setup [5ms]
2024-01-11 13:01:54.453 [info] > git status -z -uall [72ms]
2024-01-11 13:01:59.531 [info] > git config --get commit.template [2ms]
2024-01-11 13:01:59.546 [info] > git for-each-ref --format=%(refname)%00%(upstream:short)%00%(objectname)%00%(upstream:track)%00%(upstream:remotename)%00%(upstream:remoteref) refs/heads/01-orm-setup refs/remotes/01-orm-setup [4ms]
2024-01-11 13:01:59.630 [info] > git status -z -uall [75ms]
2024-01-11 13:02:04.717 [info] > git config --get commit.template [15ms]
2024-01-11 13:02:04.718 [info] > git for-each-ref --format=%(refname)%00%(upstream:short)%00%(objectname)%00%(upstream:track)%00%(upstream:remotename)%00%(upstream:remoteref) refs/heads/01-orm-setup refs/remotes/01-orm-setup [2ms]
2024-01-11 13:02:04.804 [info] > git status -z -uall [77ms]
2024-01-11 13:02:09.883 [info] > git config --get commit.template [2ms]
2024-01-11 13:02:09.909 [info] > git for-each-ref --format=%(refname)%00%(upstream:short)%00%(objectname)%00%(upstream:track)%00%(upstream:remotename)%00%(upstream:remoteref) refs/heads/01-orm-setup refs/remotes/01-orm-setup [1ms]
2024-01-11 13:02:09.997 [info] > git status -z -uall [81ms]
2024-01-11 13:02:15.084 [info] > git config --get commit.template [16ms]
2024-01-11 13:02:15.088 [info] > git for-each-ref --format=%(refname)%00%(upstream:short)%00%(objectname)%00%(upstream:track)%00%(upstream:remotename)%00%(upstream:remoteref) refs/heads/01-orm-setup refs/remotes/01-orm-setup [5ms]
2024-01-11 13:02:15.180 [info] > git status -z -uall [73ms]
2024-01-11 13:02:20.261 [info] > git for-each-ref --format=%(refname)%00%(upstream:short)%00%(objectname)%00%(upstream:track)%00%(upstream:remotename)%00%(upstream:remoteref) refs/heads/01-orm-setup refs/remotes/01-orm-setup [2ms]
2024-01-11 13:02:20.262 [info] > git config --get commit.template [17ms]
2024-01-11 13:02:20.339 [info] > git status -z -uall [70ms]
2024-01-11 13:02:25.413 [info] > git config --get commit.template [1ms]
2024-01-11 13:02:25.426 [info] > git for-each-ref --format=%(refname)%00%(upstream:short)%00%(objectname)%00%(upstream:track)%00%(upstream:remotename)%00%(upstream:remoteref) refs/heads/01-orm-setup refs/remotes/01-orm-setup [1ms]
2024-01-11 13:02:25.509 [info] > git status -z -uall [74ms]
2024-01-11 13:02:30.600 [info] > git config --get commit.template [11ms]
2024-01-11 13:02:30.601 [info] > git for-each-ref --format=%(refname)%00%(upstream:short)%00%(objectname)%00%(upstream:track)%00%(upstream:remotename)%00%(upstream:remoteref) refs/heads/01-orm-setup refs/remotes/01-orm-setup [2ms]
2024-01-11 13:02:30.679 [info] > git status -z -uall [71ms]
