2023-12-10 13:09:55.158 [info] Extension host with pid 1656 started
2023-12-10 13:09:55.190 [info] Lock '/home/sss/.vscode-server/data/User/workspaceStorage/0d87a762bb5084ee4ce6d3f9b45d894f/vscode.lock': Lock acquired.
2023-12-10 13:09:55.341 [info] ExtensionService#_doActivateExtension vscode.tunnel-forwarding, startup: false, activationEvent: 'onTunnel'
2023-12-10 13:09:55.344 [info] ExtensionService#_doActivateExtension vscode.emmet, startup: false, activationEvent: 'onLanguage'
2023-12-10 13:09:55.345 [info] ExtensionService#_doActivateExtension vscode.php-language-features, startup: false, activationEvent: 'onLanguage:php'
2023-12-10 13:09:55.345 [info] ExtensionService#_doActivateExtension vscode.git-base, startup: false, activationEvent: '*', root cause: vscode.git
2023-12-10 13:09:55.664 [info] ExtensionService#_doActivateExtension vscode.git, startup: false, activationEvent: '*'
2023-12-10 13:09:55.674 [info] ExtensionService#_doActivateExtension vscode.github, startup: false, activationEvent: '*'
2023-12-10 13:09:56.727 [info] Eager extensions activated
2023-12-10 13:09:56.728 [info] ExtensionService#_doActivateExtension vscode.debug-auto-launch, startup: false, activationEvent: 'onStartupFinished'
2023-12-10 13:09:56.737 [info] ExtensionService#_doActivateExtension vscode.merge-conflict, startup: false, activationEvent: 'onStartupFinished'
2023-12-10 13:09:58.416 [warning] [Decorations] CAPPING events from decorations provider vscode.git 2602
2023-12-10 13:09:59.309 [error] Error: Git error
	at ChildProcess.<anonymous> (/home/sss/.vscode-server/bin/af28b32d7e553898b2a91af498b1fb666fdebe0c/extensions/git/dist/main.js:2:990935)
	at ChildProcess.emit (node:events:525:35)
	at ChildProcess._handle.onexit (node:internal/child_process:291:12)
2023-12-10 13:09:59.309 [error] Error: Git error
	at ChildProcess.<anonymous> (/home/sss/.vscode-server/bin/af28b32d7e553898b2a91af498b1fb666fdebe0c/extensions/git/dist/main.js:2:990935)
	at ChildProcess.emit (node:events:525:35)
	at ChildProcess._handle.onexit (node:internal/child_process:291:12)
2023-12-10 13:09:59.309 [error] Error: Git error
	at ChildProcess.<anonymous> (/home/sss/.vscode-server/bin/af28b32d7e553898b2a91af498b1fb666fdebe0c/extensions/git/dist/main.js:2:990935)
	at ChildProcess.emit (node:events:525:35)
	at ChildProcess._handle.onexit (node:internal/child_process:291:12)
2023-12-10 13:09:59.309 [error] Error: Git error
	at ChildProcess.<anonymous> (/home/sss/.vscode-server/bin/af28b32d7e553898b2a91af498b1fb666fdebe0c/extensions/git/dist/main.js:2:990935)
	at ChildProcess.emit (node:events:525:35)
	at ChildProcess._handle.onexit (node:internal/child_process:291:12)
2023-12-10 13:09:59.309 [error] Error: Git error
	at ChildProcess.<anonymous> (/home/sss/.vscode-server/bin/af28b32d7e553898b2a91af498b1fb666fdebe0c/extensions/git/dist/main.js:2:990935)
	at ChildProcess.emit (node:events:525:35)
	at ChildProcess._handle.onexit (node:internal/child_process:291:12)
2023-12-10 13:09:59.541 [warning] [Decorations] CAPPING events from decorations provider vscode.git 2602
2023-12-10 13:10:00.312 [error] Error: Git error
	at ChildProcess.<anonymous> (/home/sss/.vscode-server/bin/af28b32d7e553898b2a91af498b1fb666fdebe0c/extensions/git/dist/main.js:2:990935)
	at ChildProcess.emit (node:events:525:35)
	at ChildProcess._handle.onexit (node:internal/child_process:291:12)
2023-12-10 13:10:00.314 [error] Error: Git error
	at ChildProcess.<anonymous> (/home/sss/.vscode-server/bin/af28b32d7e553898b2a91af498b1fb666fdebe0c/extensions/git/dist/main.js:2:990935)
	at ChildProcess.emit (node:events:525:35)
	at ChildProcess._handle.onexit (node:internal/child_process:291:12)
2023-12-10 13:10:00.315 [error] Error: Git error
	at ChildProcess.<anonymous> (/home/sss/.vscode-server/bin/af28b32d7e553898b2a91af498b1fb666fdebe0c/extensions/git/dist/main.js:2:990935)
	at ChildProcess.emit (node:events:525:35)
	at ChildProcess._handle.onexit (node:internal/child_process:291:12)
2023-12-10 13:10:00.316 [error] Error: Git error
	at ChildProcess.<anonymous> (/home/sss/.vscode-server/bin/af28b32d7e553898b2a91af498b1fb666fdebe0c/extensions/git/dist/main.js:2:990935)
	at ChildProcess.emit (node:events:525:35)
	at ChildProcess._handle.onexit (node:internal/child_process:291:12)
2023-12-10 13:10:00.317 [error] Error: Git error
	at ChildProcess.<anonymous> (/home/sss/.vscode-server/bin/af28b32d7e553898b2a91af498b1fb666fdebe0c/extensions/git/dist/main.js:2:990935)
	at ChildProcess.emit (node:events:525:35)
	at ChildProcess._handle.onexit (node:internal/child_process:291:12)
2023-12-10 13:10:02.480 [warning] [Decorations] CAPPING events from decorations provider vscode.git 2602
2023-12-10 13:10:07.611 [warning] [Decorations] CAPPING events from decorations provider vscode.git 2602
2023-12-10 13:10:12.725 [warning] [Decorations] CAPPING events from decorations provider vscode.git 2602
2023-12-10 13:10:13.515 [info] Extension host terminating: received terminate message from renderer
2023-12-10 13:10:13.519 [info] Lock '/home/sss/.vscode-server/data/User/workspaceStorage/0d87a762bb5084ee4ce6d3f9b45d894f/vscode.lock': Marking the lockfile as scheduled to be released in 6000 ms.
2023-12-10 13:10:13.553 [error] Canceled: Canceled
	at new g (/home/sss/.vscode-server/bin/af28b32d7e553898b2a91af498b1fb666fdebe0c/out/vs/workbench/api/node/extensionHostProcess.js:141:110274)
	at u.U (/home/sss/.vscode-server/bin/af28b32d7e553898b2a91af498b1fb666fdebe0c/out/vs/workbench/api/node/extensionHostProcess.js:150:10866)
	at P.<computed>.j.charCodeAt.P.<computed> (/home/sss/.vscode-server/bin/af28b32d7e553898b2a91af498b1fb666fdebe0c/out/vs/workbench/api/node/extensionHostProcess.js:150:8317)
	at d.g (/home/sss/.vscode-server/bin/af28b32d7e553898b2a91af498b1fb666fdebe0c/out/vs/workbench/api/node/extensionHostProcess.js:141:139555)
	at d.executeCommand (/home/sss/.vscode-server/bin/af28b32d7e553898b2a91af498b1fb666fdebe0c/out/vs/workbench/api/node/extensionHostProcess.js:141:138993)
	at b.registerCommand.description (/home/sss/.vscode-server/bin/af28b32d7e553898b2a91af498b1fb666fdebe0c/out/vs/workbench/api/node/extensionHostProcess.js:141:138317)
	at d.h (/home/sss/.vscode-server/bin/af28b32d7e553898b2a91af498b1fb666fdebe0c/out/vs/workbench/api/node/extensionHostProcess.js:141:140094)
	at d.g (/home/sss/.vscode-server/bin/af28b32d7e553898b2a91af498b1fb666fdebe0c/out/vs/workbench/api/node/extensionHostProcess.js:141:139086)
	at d.executeCommand (/home/sss/.vscode-server/bin/af28b32d7e553898b2a91af498b1fb666fdebe0c/out/vs/workbench/api/node/extensionHostProcess.js:141:138993)
	at Object.executeCommand (/home/sss/.vscode-server/bin/af28b32d7e553898b2a91af498b1fb666fdebe0c/out/vs/workbench/api/node/extensionHostProcess.js:158:21333)
	at f.I [as value] (/home/sss/.vscode-server/bin/af28b32d7e553898b2a91af498b1fb666fdebe0c/extensions/git/dist/main.js:2:924696)
	at n.y (/home/sss/.vscode-server/bin/af28b32d7e553898b2a91af498b1fb666fdebe0c/out/vs/workbench/api/node/extensionHostProcess.js:80:1902)
	at n.z (/home/sss/.vscode-server/bin/af28b32d7e553898b2a91af498b1fb666fdebe0c/out/vs/workbench/api/node/extensionHostProcess.js:80:1972)
	at n.fire (/home/sss/.vscode-server/bin/af28b32d7e553898b2a91af498b1fb666fdebe0c/out/vs/workbench/api/node/extensionHostProcess.js:80:2188)
	at Object.m [as dispose] (/home/sss/.vscode-server/bin/af28b32d7e553898b2a91af498b1fb666fdebe0c/extensions/git/dist/main.js:2:940613)
	at /home/sss/.vscode-server/bin/af28b32d7e553898b2a91af498b1fb666fdebe0c/extensions/git/dist/main.js:2:945566
	at Array.forEach (<anonymous>)
	at p.dispose (/home/sss/.vscode-server/bin/af28b32d7e553898b2a91af498b1fb666fdebe0c/extensions/git/dist/main.js:2:945552)
	at l.<anonymous> (/home/sss/.vscode-server/bin/af28b32d7e553898b2a91af498b1fb666fdebe0c/out/vs/workbench/api/node/extensionHostProcess.js:137:3620)
	at l.dispose (/home/sss/.vscode-server/bin/af28b32d7e553898b2a91af498b1fb666fdebe0c/out/vs/workbench/api/node/extensionHostProcess.js:137:3717)
	at l.<anonymous> (/home/sss/.vscode-server/bin/af28b32d7e553898b2a91af498b1fb666fdebe0c/extensions/git/dist/main.js:2:926708)
	at l.dispose (/home/sss/.vscode-server/bin/af28b32d7e553898b2a91af498b1fb666fdebe0c/out/vs/workbench/api/node/extensionHostProcess.js:137:3717)
	at s (/home/sss/.vscode-server/bin/af28b32d7e553898b2a91af498b1fb666fdebe0c/out/vs/workbench/api/node/extensionHostProcess.js:30:754)
	at f.cb (/home/sss/.vscode-server/bin/af28b32d7e553898b2a91af498b1fb666fdebe0c/out/vs/workbench/api/node/extensionHostProcess.js:154:9873)
	at /home/sss/.vscode-server/bin/af28b32d7e553898b2a91af498b1fb666fdebe0c/out/vs/workbench/api/node/extensionHostProcess.js:154:7808
	at Array.map (<anonymous>)
	at f.Y (/home/sss/.vscode-server/bin/af28b32d7e553898b2a91af498b1fb666fdebe0c/out/vs/workbench/api/node/extensionHostProcess.js:154:7795)
	at f.terminate (/home/sss/.vscode-server/bin/af28b32d7e553898b2a91af498b1fb666fdebe0c/out/vs/workbench/api/node/extensionHostProcess.js:154:8068)
	at s.terminate (/home/sss/.vscode-server/bin/af28b32d7e553898b2a91af498b1fb666fdebe0c/out/vs/workbench/api/node/extensionHostProcess.js:158:1513)
	at a (/home/sss/.vscode-server/bin/af28b32d7e553898b2a91af498b1fb666fdebe0c/out/vs/workbench/api/node/extensionHostProcess.js:171:9802)
	at f.value (/home/sss/.vscode-server/bin/af28b32d7e553898b2a91af498b1fb666fdebe0c/out/vs/workbench/api/node/extensionHostProcess.js:171:7849)
	at n.y (/home/sss/.vscode-server/bin/af28b32d7e553898b2a91af498b1fb666fdebe0c/out/vs/workbench/api/node/extensionHostProcess.js:80:1902)
	at n.fire (/home/sss/.vscode-server/bin/af28b32d7e553898b2a91af498b1fb666fdebe0c/out/vs/workbench/api/node/extensionHostProcess.js:80:2119)
	at o.fire (/home/sss/.vscode-server/bin/af28b32d7e553898b2a91af498b1fb666fdebe0c/out/vs/workbench/api/node/extensionHostProcess.js:103:14039)
	at d.z (/home/sss/.vscode-server/bin/af28b32d7e553898b2a91af498b1fb666fdebe0c/out/vs/workbench/api/node/extensionHostProcess.js:103:17104)
	at f.value (/home/sss/.vscode-server/bin/af28b32d7e553898b2a91af498b1fb666fdebe0c/out/vs/workbench/api/node/extensionHostProcess.js:103:15556)
	at n.y (/home/sss/.vscode-server/bin/af28b32d7e553898b2a91af498b1fb666fdebe0c/out/vs/workbench/api/node/extensionHostProcess.js:80:1902)
	at n.fire (/home/sss/.vscode-server/bin/af28b32d7e553898b2a91af498b1fb666fdebe0c/out/vs/workbench/api/node/extensionHostProcess.js:80:2119)
	at f.acceptChunk (/home/sss/.vscode-server/bin/af28b32d7e553898b2a91af498b1fb666fdebe0c/out/vs/workbench/api/node/extensionHostProcess.js:103:11813)
	at f.value (/home/sss/.vscode-server/bin/af28b32d7e553898b2a91af498b1fb666fdebe0c/out/vs/workbench/api/node/extensionHostProcess.js:103:11100)
	at n.y (/home/sss/.vscode-server/bin/af28b32d7e553898b2a91af498b1fb666fdebe0c/out/vs/workbench/api/node/extensionHostProcess.js:80:1902)
	at n.fire (/home/sss/.vscode-server/bin/af28b32d7e553898b2a91af498b1fb666fdebe0c/out/vs/workbench/api/node/extensionHostProcess.js:80:2119)
	at n.z (/home/sss/.vscode-server/bin/af28b32d7e553898b2a91af498b1fb666fdebe0c/out/vs/workbench/api/node/extensionHostProcess.js:168:19507) setContext undefined
2023-12-10 13:10:13.554 [error] Canceled: Canceled
	at new g (/home/sss/.vscode-server/bin/af28b32d7e553898b2a91af498b1fb666fdebe0c/out/vs/workbench/api/node/extensionHostProcess.js:141:110274)
	at u.U (/home/sss/.vscode-server/bin/af28b32d7e553898b2a91af498b1fb666fdebe0c/out/vs/workbench/api/node/extensionHostProcess.js:150:10866)
	at P.<computed>.j.charCodeAt.P.<computed> (/home/sss/.vscode-server/bin/af28b32d7e553898b2a91af498b1fb666fdebe0c/out/vs/workbench/api/node/extensionHostProcess.js:150:8317)
	at d.g (/home/sss/.vscode-server/bin/af28b32d7e553898b2a91af498b1fb666fdebe0c/out/vs/workbench/api/node/extensionHostProcess.js:141:139555)
	at d.executeCommand (/home/sss/.vscode-server/bin/af28b32d7e553898b2a91af498b1fb666fdebe0c/out/vs/workbench/api/node/extensionHostProcess.js:141:138993)
	at b.registerCommand.description (/home/sss/.vscode-server/bin/af28b32d7e553898b2a91af498b1fb666fdebe0c/out/vs/workbench/api/node/extensionHostProcess.js:141:138317)
	at d.h (/home/sss/.vscode-server/bin/af28b32d7e553898b2a91af498b1fb666fdebe0c/out/vs/workbench/api/node/extensionHostProcess.js:141:140094)
	at d.g (/home/sss/.vscode-server/bin/af28b32d7e553898b2a91af498b1fb666fdebe0c/out/vs/workbench/api/node/extensionHostProcess.js:141:139086)
	at d.executeCommand (/home/sss/.vscode-server/bin/af28b32d7e553898b2a91af498b1fb666fdebe0c/out/vs/workbench/api/node/extensionHostProcess.js:141:138993)
	at Object.executeCommand (/home/sss/.vscode-server/bin/af28b32d7e553898b2a91af498b1fb666fdebe0c/out/vs/workbench/api/node/extensionHostProcess.js:158:21333)
	at set b [as b] (/home/sss/.vscode-server/bin/af28b32d7e553898b2a91af498b1fb666fdebe0c/extensions/github/dist/extension.js:2:322364)
	at /home/sss/.vscode-server/bin/af28b32d7e553898b2a91af498b1fb666fdebe0c/extensions/github/dist/extension.js:2:323005
	at f.value (/home/sss/.vscode-server/bin/af28b32d7e553898b2a91af498b1fb666fdebe0c/extensions/git/dist/main.js:2:1016450)
	at n.y (/home/sss/.vscode-server/bin/af28b32d7e553898b2a91af498b1fb666fdebe0c/out/vs/workbench/api/node/extensionHostProcess.js:80:1902)
	at n.z (/home/sss/.vscode-server/bin/af28b32d7e553898b2a91af498b1fb666fdebe0c/out/vs/workbench/api/node/extensionHostProcess.js:80:1972)
	at n.fire (/home/sss/.vscode-server/bin/af28b32d7e553898b2a91af498b1fb666fdebe0c/out/vs/workbench/api/node/extensionHostProcess.js:80:2188)
	at Object.m [as dispose] (/home/sss/.vscode-server/bin/af28b32d7e553898b2a91af498b1fb666fdebe0c/extensions/git/dist/main.js:2:940613)
	at /home/sss/.vscode-server/bin/af28b32d7e553898b2a91af498b1fb666fdebe0c/extensions/git/dist/main.js:2:945566
	at Array.forEach (<anonymous>)
	at p.dispose (/home/sss/.vscode-server/bin/af28b32d7e553898b2a91af498b1fb666fdebe0c/extensions/git/dist/main.js:2:945552)
	at l.<anonymous> (/home/sss/.vscode-server/bin/af28b32d7e553898b2a91af498b1fb666fdebe0c/out/vs/workbench/api/node/extensionHostProcess.js:137:3620)
	at l.dispose (/home/sss/.vscode-server/bin/af28b32d7e553898b2a91af498b1fb666fdebe0c/out/vs/workbench/api/node/extensionHostProcess.js:137:3717)
	at l.<anonymous> (/home/sss/.vscode-server/bin/af28b32d7e553898b2a91af498b1fb666fdebe0c/extensions/git/dist/main.js:2:926708)
	at l.dispose (/home/sss/.vscode-server/bin/af28b32d7e553898b2a91af498b1fb666fdebe0c/out/vs/workbench/api/node/extensionHostProcess.js:137:3717)
	at s (/home/sss/.vscode-server/bin/af28b32d7e553898b2a91af498b1fb666fdebe0c/out/vs/workbench/api/node/extensionHostProcess.js:30:754)
	at f.cb (/home/sss/.vscode-server/bin/af28b32d7e553898b2a91af498b1fb666fdebe0c/out/vs/workbench/api/node/extensionHostProcess.js:154:9873)
	at /home/sss/.vscode-server/bin/af28b32d7e553898b2a91af498b1fb666fdebe0c/out/vs/workbench/api/node/extensionHostProcess.js:154:7808
	at Array.map (<anonymous>)
	at f.Y (/home/sss/.vscode-server/bin/af28b32d7e553898b2a91af498b1fb666fdebe0c/out/vs/workbench/api/node/extensionHostProcess.js:154:7795)
	at f.terminate (/home/sss/.vscode-server/bin/af28b32d7e553898b2a91af498b1fb666fdebe0c/out/vs/workbench/api/node/extensionHostProcess.js:154:8068)
	at s.terminate (/home/sss/.vscode-server/bin/af28b32d7e553898b2a91af498b1fb666fdebe0c/out/vs/workbench/api/node/extensionHostProcess.js:158:1513)
	at a (/home/sss/.vscode-server/bin/af28b32d7e553898b2a91af498b1fb666fdebe0c/out/vs/workbench/api/node/extensionHostProcess.js:171:9802)
	at f.value (/home/sss/.vscode-server/bin/af28b32d7e553898b2a91af498b1fb666fdebe0c/out/vs/workbench/api/node/extensionHostProcess.js:171:7849)
	at n.y (/home/sss/.vscode-server/bin/af28b32d7e553898b2a91af498b1fb666fdebe0c/out/vs/workbench/api/node/extensionHostProcess.js:80:1902)
	at n.fire (/home/sss/.vscode-server/bin/af28b32d7e553898b2a91af498b1fb666fdebe0c/out/vs/workbench/api/node/extensionHostProcess.js:80:2119)
	at o.fire (/home/sss/.vscode-server/bin/af28b32d7e553898b2a91af498b1fb666fdebe0c/out/vs/workbench/api/node/extensionHostProcess.js:103:14039)
	at d.z (/home/sss/.vscode-server/bin/af28b32d7e553898b2a91af498b1fb666fdebe0c/out/vs/workbench/api/node/extensionHostProcess.js:103:17104)
	at f.value (/home/sss/.vscode-server/bin/af28b32d7e553898b2a91af498b1fb666fdebe0c/out/vs/workbench/api/node/extensionHostProcess.js:103:15556)
	at n.y (/home/sss/.vscode-server/bin/af28b32d7e553898b2a91af498b1fb666fdebe0c/out/vs/workbench/api/node/extensionHostProcess.js:80:1902)
	at n.fire (/home/sss/.vscode-server/bin/af28b32d7e553898b2a91af498b1fb666fdebe0c/out/vs/workbench/api/node/extensionHostProcess.js:80:2119)
	at f.acceptChunk (/home/sss/.vscode-server/bin/af28b32d7e553898b2a91af498b1fb666fdebe0c/out/vs/workbench/api/node/extensionHostProcess.js:103:11813)
	at f.value (/home/sss/.vscode-server/bin/af28b32d7e553898b2a91af498b1fb666fdebe0c/out/vs/workbench/api/node/extensionHostProcess.js:103:11100)
	at n.y (/home/sss/.vscode-server/bin/af28b32d7e553898b2a91af498b1fb666fdebe0c/out/vs/workbench/api/node/extensionHostProcess.js:80:1902)
	at n.fire (/home/sss/.vscode-server/bin/af28b32d7e553898b2a91af498b1fb666fdebe0c/out/vs/workbench/api/node/extensionHostProcess.js:80:2119)
	at n.z (/home/sss/.vscode-server/bin/af28b32d7e553898b2a91af498b1fb666fdebe0c/out/vs/workbench/api/node/extensionHostProcess.js:168:19507) setContext undefined
2023-12-10 13:10:13.554 [error] Canceled: Canceled
	at new g (/home/sss/.vscode-server/bin/af28b32d7e553898b2a91af498b1fb666fdebe0c/out/vs/workbench/api/node/extensionHostProcess.js:141:110274)
	at u.U (/home/sss/.vscode-server/bin/af28b32d7e553898b2a91af498b1fb666fdebe0c/out/vs/workbench/api/node/extensionHostProcess.js:150:10866)
	at P.<computed>.j.charCodeAt.P.<computed> (/home/sss/.vscode-server/bin/af28b32d7e553898b2a91af498b1fb666fdebe0c/out/vs/workbench/api/node/extensionHostProcess.js:150:8317)
	at d.g (/home/sss/.vscode-server/bin/af28b32d7e553898b2a91af498b1fb666fdebe0c/out/vs/workbench/api/node/extensionHostProcess.js:141:139555)
	at d.executeCommand (/home/sss/.vscode-server/bin/af28b32d7e553898b2a91af498b1fb666fdebe0c/out/vs/workbench/api/node/extensionHostProcess.js:141:138993)
	at b.registerCommand.description (/home/sss/.vscode-server/bin/af28b32d7e553898b2a91af498b1fb666fdebe0c/out/vs/workbench/api/node/extensionHostProcess.js:141:138317)
	at d.h (/home/sss/.vscode-server/bin/af28b32d7e553898b2a91af498b1fb666fdebe0c/out/vs/workbench/api/node/extensionHostProcess.js:141:140094)
	at d.g (/home/sss/.vscode-server/bin/af28b32d7e553898b2a91af498b1fb666fdebe0c/out/vs/workbench/api/node/extensionHostProcess.js:141:139086)
	at d.executeCommand (/home/sss/.vscode-server/bin/af28b32d7e553898b2a91af498b1fb666fdebe0c/out/vs/workbench/api/node/extensionHostProcess.js:141:138993)
	at Object.executeCommand (/home/sss/.vscode-server/bin/af28b32d7e553898b2a91af498b1fb666fdebe0c/out/vs/workbench/api/node/extensionHostProcess.js:158:21333)
	at f.I [as value] (/home/sss/.vscode-server/bin/af28b32d7e553898b2a91af498b1fb666fdebe0c/extensions/git/dist/main.js:2:924696)
	at n.y (/home/sss/.vscode-server/bin/af28b32d7e553898b2a91af498b1fb666fdebe0c/out/vs/workbench/api/node/extensionHostProcess.js:80:1902)
	at n.z (/home/sss/.vscode-server/bin/af28b32d7e553898b2a91af498b1fb666fdebe0c/out/vs/workbench/api/node/extensionHostProcess.js:80:1972)
	at n.fire (/home/sss/.vscode-server/bin/af28b32d7e553898b2a91af498b1fb666fdebe0c/out/vs/workbench/api/node/extensionHostProcess.js:80:2188)
	at Object.m [as dispose] (/home/sss/.vscode-server/bin/af28b32d7e553898b2a91af498b1fb666fdebe0c/extensions/git/dist/main.js:2:940613)
	at /home/sss/.vscode-server/bin/af28b32d7e553898b2a91af498b1fb666fdebe0c/extensions/git/dist/main.js:2:945566
	at Array.forEach (<anonymous>)
	at p.dispose (/home/sss/.vscode-server/bin/af28b32d7e553898b2a91af498b1fb666fdebe0c/extensions/git/dist/main.js:2:945552)
	at l.<anonymous> (/home/sss/.vscode-server/bin/af28b32d7e553898b2a91af498b1fb666fdebe0c/out/vs/workbench/api/node/extensionHostProcess.js:137:3620)
	at l.dispose (/home/sss/.vscode-server/bin/af28b32d7e553898b2a91af498b1fb666fdebe0c/out/vs/workbench/api/node/extensionHostProcess.js:137:3717)
	at l.<anonymous> (/home/sss/.vscode-server/bin/af28b32d7e553898b2a91af498b1fb666fdebe0c/extensions/git/dist/main.js:2:926708)
	at l.dispose (/home/sss/.vscode-server/bin/af28b32d7e553898b2a91af498b1fb666fdebe0c/out/vs/workbench/api/node/extensionHostProcess.js:137:3717)
	at s (/home/sss/.vscode-server/bin/af28b32d7e553898b2a91af498b1fb666fdebe0c/out/vs/workbench/api/node/extensionHostProcess.js:30:754)
	at f.cb (/home/sss/.vscode-server/bin/af28b32d7e553898b2a91af498b1fb666fdebe0c/out/vs/workbench/api/node/extensionHostProcess.js:154:9873)
	at /home/sss/.vscode-server/bin/af28b32d7e553898b2a91af498b1fb666fdebe0c/out/vs/workbench/api/node/extensionHostProcess.js:154:7808
	at Array.map (<anonymous>)
	at f.Y (/home/sss/.vscode-server/bin/af28b32d7e553898b2a91af498b1fb666fdebe0c/out/vs/workbench/api/node/extensionHostProcess.js:154:7795)
	at f.terminate (/home/sss/.vscode-server/bin/af28b32d7e553898b2a91af498b1fb666fdebe0c/out/vs/workbench/api/node/extensionHostProcess.js:154:8068)
	at s.terminate (/home/sss/.vscode-server/bin/af28b32d7e553898b2a91af498b1fb666fdebe0c/out/vs/workbench/api/node/extensionHostProcess.js:158:1513)
	at a (/home/sss/.vscode-server/bin/af28b32d7e553898b2a91af498b1fb666fdebe0c/out/vs/workbench/api/node/extensionHostProcess.js:171:9802)
	at f.value (/home/sss/.vscode-server/bin/af28b32d7e553898b2a91af498b1fb666fdebe0c/out/vs/workbench/api/node/extensionHostProcess.js:171:7849)
	at n.y (/home/sss/.vscode-server/bin/af28b32d7e553898b2a91af498b1fb666fdebe0c/out/vs/workbench/api/node/extensionHostProcess.js:80:1902)
	at n.fire (/home/sss/.vscode-server/bin/af28b32d7e553898b2a91af498b1fb666fdebe0c/out/vs/workbench/api/node/extensionHostProcess.js:80:2119)
	at o.fire (/home/sss/.vscode-server/bin/af28b32d7e553898b2a91af498b1fb666fdebe0c/out/vs/workbench/api/node/extensionHostProcess.js:103:14039)
	at d.z (/home/sss/.vscode-server/bin/af28b32d7e553898b2a91af498b1fb666fdebe0c/out/vs/workbench/api/node/extensionHostProcess.js:103:17104)
	at f.value (/home/sss/.vscode-server/bin/af28b32d7e553898b2a91af498b1fb666fdebe0c/out/vs/workbench/api/node/extensionHostProcess.js:103:15556)
	at n.y (/home/sss/.vscode-server/bin/af28b32d7e553898b2a91af498b1fb666fdebe0c/out/vs/workbench/api/node/extensionHostProcess.js:80:1902)
	at n.fire (/home/sss/.vscode-server/bin/af28b32d7e553898b2a91af498b1fb666fdebe0c/out/vs/workbench/api/node/extensionHostProcess.js:80:2119)
	at f.acceptChunk (/home/sss/.vscode-server/bin/af28b32d7e553898b2a91af498b1fb666fdebe0c/out/vs/workbench/api/node/extensionHostProcess.js:103:11813)
	at f.value (/home/sss/.vscode-server/bin/af28b32d7e553898b2a91af498b1fb666fdebe0c/out/vs/workbench/api/node/extensionHostProcess.js:103:11100)
	at n.y (/home/sss/.vscode-server/bin/af28b32d7e553898b2a91af498b1fb666fdebe0c/out/vs/workbench/api/node/extensionHostProcess.js:80:1902)
	at n.fire (/home/sss/.vscode-server/bin/af28b32d7e553898b2a91af498b1fb666fdebe0c/out/vs/workbench/api/node/extensionHostProcess.js:80:2119)
	at n.z (/home/sss/.vscode-server/bin/af28b32d7e553898b2a91af498b1fb666fdebe0c/out/vs/workbench/api/node/extensionHostProcess.js:168:19507) setContext undefined
2023-12-10 13:10:13.554 [error] Canceled: Canceled
	at new g (/home/sss/.vscode-server/bin/af28b32d7e553898b2a91af498b1fb666fdebe0c/out/vs/workbench/api/node/extensionHostProcess.js:141:110274)
	at u.U (/home/sss/.vscode-server/bin/af28b32d7e553898b2a91af498b1fb666fdebe0c/out/vs/workbench/api/node/extensionHostProcess.js:150:10866)
	at P.<computed>.j.charCodeAt.P.<computed> (/home/sss/.vscode-server/bin/af28b32d7e553898b2a91af498b1fb666fdebe0c/out/vs/workbench/api/node/extensionHostProcess.js:150:8317)
	at d.g (/home/sss/.vscode-server/bin/af28b32d7e553898b2a91af498b1fb666fdebe0c/out/vs/workbench/api/node/extensionHostProcess.js:141:139555)
	at d.executeCommand (/home/sss/.vscode-server/bin/af28b32d7e553898b2a91af498b1fb666fdebe0c/out/vs/workbench/api/node/extensionHostProcess.js:141:138993)
	at b.registerCommand.description (/home/sss/.vscode-server/bin/af28b32d7e553898b2a91af498b1fb666fdebe0c/out/vs/workbench/api/node/extensionHostProcess.js:141:138317)
	at d.h (/home/sss/.vscode-server/bin/af28b32d7e553898b2a91af498b1fb666fdebe0c/out/vs/workbench/api/node/extensionHostProcess.js:141:140094)
	at d.g (/home/sss/.vscode-server/bin/af28b32d7e553898b2a91af498b1fb666fdebe0c/out/vs/workbench/api/node/extensionHostProcess.js:141:139086)
	at d.executeCommand (/home/sss/.vscode-server/bin/af28b32d7e553898b2a91af498b1fb666fdebe0c/out/vs/workbench/api/node/extensionHostProcess.js:141:138993)
	at Object.executeCommand (/home/sss/.vscode-server/bin/af28b32d7e553898b2a91af498b1fb666fdebe0c/out/vs/workbench/api/node/extensionHostProcess.js:158:21333)
	at set b [as b] (/home/sss/.vscode-server/bin/af28b32d7e553898b2a91af498b1fb666fdebe0c/extensions/github/dist/extension.js:2:322364)
	at /home/sss/.vscode-server/bin/af28b32d7e553898b2a91af498b1fb666fdebe0c/extensions/github/dist/extension.js:2:323005
	at f.value (/home/sss/.vscode-server/bin/af28b32d7e553898b2a91af498b1fb666fdebe0c/extensions/git/dist/main.js:2:1016450)
	at n.y (/home/sss/.vscode-server/bin/af28b32d7e553898b2a91af498b1fb666fdebe0c/out/vs/workbench/api/node/extensionHostProcess.js:80:1902)
	at n.z (/home/sss/.vscode-server/bin/af28b32d7e553898b2a91af498b1fb666fdebe0c/out/vs/workbench/api/node/extensionHostProcess.js:80:1972)
	at n.fire (/home/sss/.vscode-server/bin/af28b32d7e553898b2a91af498b1fb666fdebe0c/out/vs/workbench/api/node/extensionHostProcess.js:80:2188)
	at Object.m [as dispose] (/home/sss/.vscode-server/bin/af28b32d7e553898b2a91af498b1fb666fdebe0c/extensions/git/dist/main.js:2:940613)
	at /home/sss/.vscode-server/bin/af28b32d7e553898b2a91af498b1fb666fdebe0c/extensions/git/dist/main.js:2:945566
	at Array.forEach (<anonymous>)
	at p.dispose (/home/sss/.vscode-server/bin/af28b32d7e553898b2a91af498b1fb666fdebe0c/extensions/git/dist/main.js:2:945552)
	at l.<anonymous> (/home/sss/.vscode-server/bin/af28b32d7e553898b2a91af498b1fb666fdebe0c/out/vs/workbench/api/node/extensionHostProcess.js:137:3620)
	at l.dispose (/home/sss/.vscode-server/bin/af28b32d7e553898b2a91af498b1fb666fdebe0c/out/vs/workbench/api/node/extensionHostProcess.js:137:3717)
	at l.<anonymous> (/home/sss/.vscode-server/bin/af28b32d7e553898b2a91af498b1fb666fdebe0c/extensions/git/dist/main.js:2:926708)
	at l.dispose (/home/sss/.vscode-server/bin/af28b32d7e553898b2a91af498b1fb666fdebe0c/out/vs/workbench/api/node/extensionHostProcess.js:137:3717)
	at s (/home/sss/.vscode-server/bin/af28b32d7e553898b2a91af498b1fb666fdebe0c/out/vs/workbench/api/node/extensionHostProcess.js:30:754)
	at f.cb (/home/sss/.vscode-server/bin/af28b32d7e553898b2a91af498b1fb666fdebe0c/out/vs/workbench/api/node/extensionHostProcess.js:154:9873)
	at /home/sss/.vscode-server/bin/af28b32d7e553898b2a91af498b1fb666fdebe0c/out/vs/workbench/api/node/extensionHostProcess.js:154:7808
	at Array.map (<anonymous>)
	at f.Y (/home/sss/.vscode-server/bin/af28b32d7e553898b2a91af498b1fb666fdebe0c/out/vs/workbench/api/node/extensionHostProcess.js:154:7795)
	at f.terminate (/home/sss/.vscode-server/bin/af28b32d7e553898b2a91af498b1fb666fdebe0c/out/vs/workbench/api/node/extensionHostProcess.js:154:8068)
	at s.terminate (/home/sss/.vscode-server/bin/af28b32d7e553898b2a91af498b1fb666fdebe0c/out/vs/workbench/api/node/extensionHostProcess.js:158:1513)
	at a (/home/sss/.vscode-server/bin/af28b32d7e553898b2a91af498b1fb666fdebe0c/out/vs/workbench/api/node/extensionHostProcess.js:171:9802)
	at f.value (/home/sss/.vscode-server/bin/af28b32d7e553898b2a91af498b1fb666fdebe0c/out/vs/workbench/api/node/extensionHostProcess.js:171:7849)
	at n.y (/home/sss/.vscode-server/bin/af28b32d7e553898b2a91af498b1fb666fdebe0c/out/vs/workbench/api/node/extensionHostProcess.js:80:1902)
	at n.fire (/home/sss/.vscode-server/bin/af28b32d7e553898b2a91af498b1fb666fdebe0c/out/vs/workbench/api/node/extensionHostProcess.js:80:2119)
	at o.fire (/home/sss/.vscode-server/bin/af28b32d7e553898b2a91af498b1fb666fdebe0c/out/vs/workbench/api/node/extensionHostProcess.js:103:14039)
	at d.z (/home/sss/.vscode-server/bin/af28b32d7e553898b2a91af498b1fb666fdebe0c/out/vs/workbench/api/node/extensionHostProcess.js:103:17104)
	at f.value (/home/sss/.vscode-server/bin/af28b32d7e553898b2a91af498b1fb666fdebe0c/out/vs/workbench/api/node/extensionHostProcess.js:103:15556)
	at n.y (/home/sss/.vscode-server/bin/af28b32d7e553898b2a91af498b1fb666fdebe0c/out/vs/workbench/api/node/extensionHostProcess.js:80:1902)
	at n.fire (/home/sss/.vscode-server/bin/af28b32d7e553898b2a91af498b1fb666fdebe0c/out/vs/workbench/api/node/extensionHostProcess.js:80:2119)
	at f.acceptChunk (/home/sss/.vscode-server/bin/af28b32d7e553898b2a91af498b1fb666fdebe0c/out/vs/workbench/api/node/extensionHostProcess.js:103:11813)
	at f.value (/home/sss/.vscode-server/bin/af28b32d7e553898b2a91af498b1fb666fdebe0c/out/vs/workbench/api/node/extensionHostProcess.js:103:11100)
	at n.y (/home/sss/.vscode-server/bin/af28b32d7e553898b2a91af498b1fb666fdebe0c/out/vs/workbench/api/node/extensionHostProcess.js:80:1902)
	at n.fire (/home/sss/.vscode-server/bin/af28b32d7e553898b2a91af498b1fb666fdebe0c/out/vs/workbench/api/node/extensionHostProcess.js:80:2119)
	at n.z (/home/sss/.vscode-server/bin/af28b32d7e553898b2a91af498b1fb666fdebe0c/out/vs/workbench/api/node/extensionHostProcess.js:168:19507) setContext undefined
2023-12-10 13:10:13.554 [info] Extension host with pid 1656 exiting with code 0
