2024-01-13 13:00:32.830 [info] Log level: Info
2024-01-13 13:00:32.830 [info] Validating found git in: "git"
2024-01-13 13:00:32.830 [info] Using git "2.34.1" from "git"
2024-01-13 13:00:32.830 [info] > git rev-parse --show-toplevel [167ms]
2024-01-13 13:00:32.830 [info] > git rev-parse --git-dir --git-common-dir [8ms]
2024-01-13 13:00:32.830 [info] Open repository: /home/sss
2024-01-13 13:00:32.830 [info] > git config --get commit.template [73ms]
2024-01-13 13:00:32.830 [info] > git rev-parse --show-toplevel [28ms]
2024-01-13 13:00:32.830 [info] > git for-each-ref --format=%(refname)%00%(upstream:short)%00%(objectname)%00%(upstream:track)%00%(upstream:remotename)%00%(upstream:remoteref) refs/heads/Task03-Reading-data-from-db refs/remotes/Task03-Reading-data-from-db [61ms]
2024-01-13 13:00:32.830 [info] > git rev-parse --show-toplevel [7ms]
2024-01-13 13:00:32.830 [info] > git rev-parse --show-toplevel [27ms]
2024-01-13 13:00:32.830 [info] > git rev-parse --show-toplevel [24ms]
2024-01-13 13:00:32.830 [info] > git rev-parse --show-toplevel [41ms]
2024-01-13 13:00:32.830 [info] > git rev-parse --show-toplevel [6ms]
2024-01-13 13:00:32.830 [info] > git status -z -uall [188ms]
2024-01-13 13:00:32.830 [info] > git config --get commit.template [10ms]
2024-01-13 13:00:32.832 [info] > git for-each-ref --format=%(refname)%00%(upstream:short)%00%(objectname)%00%(upstream:track)%00%(upstream:remotename)%00%(upstream:remoteref) refs/heads/Task03-Reading-data-from-db refs/remotes/Task03-Reading-data-from-db [17ms]
2024-01-13 13:00:32.976 [info] > git status -z -uall [120ms]
2024-01-13 13:00:33.817 [info] > git check-ignore -v -z --stdin [37ms]
2024-01-13 13:00:37.062 [info] > git config --get commit.template [7ms]
2024-01-13 13:00:37.064 [info] > git for-each-ref --format=%(refname)%00%(upstream:short)%00%(objectname)%00%(upstream:track)%00%(upstream:remotename)%00%(upstream:remoteref) refs/heads/Task03-Reading-data-from-db refs/remotes/Task03-Reading-data-from-db [3ms]
2024-01-13 13:00:37.092 [info] > git status -z -uall [24ms]
2024-01-13 13:00:42.121 [info] > git config --get commit.template [12ms]
2024-01-13 13:00:42.127 [info] > git for-each-ref --format=%(refname)%00%(upstream:short)%00%(objectname)%00%(upstream:track)%00%(upstream:remotename)%00%(upstream:remoteref) refs/heads/Task03-Reading-data-from-db refs/remotes/Task03-Reading-data-from-db [8ms]
2024-01-13 13:00:42.185 [info] > git status -z -uall [53ms]
2024-01-13 13:00:47.213 [info] > git config --get commit.template [12ms]
2024-01-13 13:00:47.216 [info] > git for-each-ref --format=%(refname)%00%(upstream:short)%00%(objectname)%00%(upstream:track)%00%(upstream:remotename)%00%(upstream:remoteref) refs/heads/Task03-Reading-data-from-db refs/remotes/Task03-Reading-data-from-db [4ms]
2024-01-13 13:00:47.271 [info] > git status -z -uall [46ms]
2024-01-13 13:00:52.298 [info] > git config --get commit.template [12ms]
2024-01-13 13:00:52.304 [info] > git for-each-ref --format=%(refname)%00%(upstream:short)%00%(objectname)%00%(upstream:track)%00%(upstream:remotename)%00%(upstream:remoteref) refs/heads/Task03-Reading-data-from-db refs/remotes/Task03-Reading-data-from-db [8ms]
2024-01-13 13:00:52.363 [info] > git status -z -uall [47ms]
2024-01-13 13:00:57.397 [info] > git for-each-ref --format=%(refname)%00%(upstream:short)%00%(objectname)%00%(upstream:track)%00%(upstream:remotename)%00%(upstream:remoteref) refs/heads/Task03-Reading-data-from-db refs/remotes/Task03-Reading-data-from-db [1ms]
2024-01-13 13:00:57.398 [info] > git config --get commit.template [15ms]
2024-01-13 13:00:57.453 [info] > git status -z -uall [49ms]
2024-01-13 13:01:02.475 [info] > git config --get commit.template [3ms]
2024-01-13 13:01:02.491 [info] > git for-each-ref --format=%(refname)%00%(upstream:short)%00%(objectname)%00%(upstream:track)%00%(upstream:remotename)%00%(upstream:remoteref) refs/heads/Task03-Reading-data-from-db refs/remotes/Task03-Reading-data-from-db [4ms]
2024-01-13 13:01:02.548 [info] > git status -z -uall [43ms]
2024-01-13 13:01:07.573 [info] > git config --get commit.template [11ms]
2024-01-13 13:01:07.577 [info] > git for-each-ref --format=%(refname)%00%(upstream:short)%00%(objectname)%00%(upstream:track)%00%(upstream:remotename)%00%(upstream:remoteref) refs/heads/Task03-Reading-data-from-db refs/remotes/Task03-Reading-data-from-db [8ms]
2024-01-13 13:01:07.634 [info] > git status -z -uall [46ms]
2024-01-13 13:01:08.530 [info] > git check-ignore -v -z --stdin [3ms]
2024-01-13 13:01:09.549 [info] > git show --textconv :SSS-HA/app/Http/Controllers/CarController.php [12ms]
2024-01-13 13:01:09.553 [info] > git ls-files --stage -- /home/sss/SSS-HA/app/Http/Controllers/CarController.php [10ms]
2024-01-13 13:01:09.560 [info] > git cat-file -s 03bd839e45b3bfff75c0c5d1a2ffb4981f21dac2 [3ms]
2024-01-13 13:01:12.655 [info] > git config --get commit.template [1ms]
2024-01-13 13:01:12.665 [info] > git for-each-ref --format=%(refname)%00%(upstream:short)%00%(objectname)%00%(upstream:track)%00%(upstream:remotename)%00%(upstream:remoteref) refs/heads/Task03-Reading-data-from-db refs/remotes/Task03-Reading-data-from-db [5ms]
2024-01-13 13:01:12.724 [info] > git status -z -uall [48ms]
2024-01-13 13:01:17.739 [info] > git config --get commit.template [2ms]
2024-01-13 13:01:17.748 [info] > git for-each-ref --format=%(refname)%00%(upstream:short)%00%(objectname)%00%(upstream:track)%00%(upstream:remotename)%00%(upstream:remoteref) refs/heads/Task03-Reading-data-from-db refs/remotes/Task03-Reading-data-from-db [3ms]
2024-01-13 13:01:17.801 [info] > git status -z -uall [41ms]
