2024-01-12 12:46:50.615 [info] Log level: Info
2024-01-12 12:46:50.615 [info] Validating found git in: "git"
2024-01-12 12:46:50.615 [info] Using git "2.34.1" from "git"
2024-01-12 12:46:50.615 [info] > git rev-parse --show-toplevel [68ms]
2024-01-12 12:46:50.615 [info] > git rev-parse --git-dir --git-common-dir [17ms]
2024-01-12 12:46:50.615 [info] Open repository: /home/sss
2024-01-12 12:46:50.617 [info] > git config --get commit.template [9ms]
2024-01-12 12:46:50.629 [info] > git rev-parse --show-toplevel [14ms]
2024-01-12 12:46:50.638 [info] > git for-each-ref --format=%(refname)%00%(upstream:short)%00%(objectname)%00%(upstream:track)%00%(upstream:remotename)%00%(upstream:remoteref) refs/heads/Task02-Creating-A-mockup-Layout refs/remotes/Task02-Creating-A-mockup-Layout [12ms]
2024-01-12 12:46:50.650 [info] > git rev-parse --git-dir --git-common-dir [13ms]
2024-01-12 12:46:50.665 [info] Open repository: /home/sss/SSS-HA/SSS-HA
2024-01-12 12:46:50.708 [info] > git rev-parse --show-toplevel [10ms]
2024-01-12 12:46:50.709 [info] > git config --get commit.template [31ms]
2024-01-12 12:46:50.738 [info] > git rev-parse --show-toplevel [14ms]
2024-01-12 12:46:50.750 [info] > git status -z -uall [101ms]
2024-01-12 12:46:50.750 [info] > git for-each-ref --format=%(refname)%00%(upstream:short)%00%(objectname)%00%(upstream:track)%00%(upstream:remotename)%00%(upstream:remoteref) refs/heads/main refs/remotes/main [14ms]
2024-01-12 12:46:50.820 [info] > git status -z -uall [60ms]
2024-01-12 12:46:50.836 [info] > git rev-parse --show-toplevel [88ms]
2024-01-12 12:46:50.859 [info] > git config --get commit.template [56ms]
2024-01-12 12:46:50.861 [info] > git config --get commit.template [17ms]
2024-01-12 12:46:51.101 [info] > git for-each-ref --format=%(refname)%00%(upstream:short)%00%(objectname)%00%(upstream:track)%00%(upstream:remotename)%00%(upstream:remoteref) refs/heads/Task02-Creating-A-mockup-Layout refs/remotes/Task02-Creating-A-mockup-Layout [205ms]
2024-01-12 12:46:51.101 [info] > git rev-parse --show-toplevel [244ms]
2024-01-12 12:46:51.115 [info] > git for-each-ref --format=%(refname)%00%(upstream:short)%00%(objectname)%00%(upstream:track)%00%(upstream:remotename)%00%(upstream:remoteref) refs/heads/main refs/remotes/main [33ms]
2024-01-12 12:46:51.129 [info] > git rev-parse --show-toplevel [15ms]
2024-01-12 12:46:51.157 [info] > git status -z -uall [30ms]
2024-01-12 12:46:51.205 [info] > git rev-parse --show-toplevel [66ms]
2024-01-12 12:46:51.231 [info] > git rev-parse --show-toplevel [8ms]
2024-01-12 12:46:51.348 [info] > git status -z -uall [192ms]
2024-01-12 12:46:51.937 [info] > git log --format=%H%n%aN%n%aE%n%at%n%ct%n%P%n%D%n%B -z -n120 -- /home/sss/SSS-HA/resources/views/layouts/main.blade.php [115ms]
2024-01-12 12:46:51.962 [info] > git show --textconv :SSS-HA/resources/views/layouts/main.blade.php [10ms]
2024-01-12 12:46:51.967 [info] > git ls-files --stage -- /home/sss/SSS-HA/resources/views/layouts/main.blade.php [9ms]
2024-01-12 12:46:52.262 [info] > git check-ignore -v -z --stdin [9ms]
2024-01-12 12:46:52.265 [info] > git check-ignore -v -z --stdin [6ms]
2024-01-12 12:46:54.056 [info] > git config --get commit.template [11ms]
2024-01-12 12:46:54.074 [info] > git for-each-ref --format=%(refname)%00%(upstream:short)%00%(objectname)%00%(upstream:track)%00%(upstream:remotename)%00%(upstream:remoteref) refs/heads/Task02-Creating-A-mockup-Layout refs/remotes/Task02-Creating-A-mockup-Layout [10ms]
2024-01-12 12:46:54.144 [info] > git status -z -uall [54ms]
2024-01-12 12:46:59.175 [info] > git config --get commit.template [14ms]
2024-01-12 12:46:59.176 [info] > git for-each-ref --format=%(refname)%00%(upstream:short)%00%(objectname)%00%(upstream:track)%00%(upstream:remotename)%00%(upstream:remoteref) refs/heads/Task02-Creating-A-mockup-Layout refs/remotes/Task02-Creating-A-mockup-Layout [4ms]
2024-01-12 12:46:59.237 [info] > git status -z -uall [53ms]
2024-01-12 12:47:00.901 [info] > git check-ignore -v -z --stdin [6ms]
2024-01-12 12:47:02.030 [info] > git log --format=%H%n%aN%n%aE%n%at%n%ct%n%P%n%D%n%B -z -n120 -- /home/sss/SSS-HA/master.zip [4ms]
2024-01-12 12:47:04.270 [info] > git config --get commit.template [9ms]
2024-01-12 12:47:04.271 [info] > git for-each-ref --format=%(refname)%00%(upstream:short)%00%(objectname)%00%(upstream:track)%00%(upstream:remotename)%00%(upstream:remoteref) refs/heads/Task02-Creating-A-mockup-Layout refs/remotes/Task02-Creating-A-mockup-Layout [3ms]
2024-01-12 12:47:04.334 [info] > git status -z -uall [56ms]
2024-01-12 12:47:08.706 [info] > git log --format=%H%n%aN%n%aE%n%at%n%ct%n%P%n%D%n%B -z -n120 -- /home/sss/SSS-HA/resources/views/layouts/main.blade.php [5ms]
2024-01-12 12:47:08.899 [info] > git show --textconv :SSS-HA/resources/views/layouts/main.blade.php [11ms]
2024-01-12 12:47:08.903 [info] > git ls-files --stage -- /home/sss/SSS-HA/resources/views/layouts/main.blade.php [6ms]
2024-01-12 12:47:09.275 [info] > git check-ignore -v -z --stdin [3ms]
2024-01-12 12:47:09.363 [info] > git config --get commit.template [10ms]
2024-01-12 12:47:09.364 [info] > git for-each-ref --format=%(refname)%00%(upstream:short)%00%(objectname)%00%(upstream:track)%00%(upstream:remotename)%00%(upstream:remoteref) refs/heads/Task02-Creating-A-mockup-Layout refs/remotes/Task02-Creating-A-mockup-Layout [2ms]
2024-01-12 12:47:09.417 [info] > git status -z -uall [47ms]
2024-01-12 12:47:10.148 [info] > git check-ignore -v -z --stdin [7ms]
2024-01-12 12:47:11.616 [info] > git log --format=%H%n%aN%n%aE%n%at%n%ct%n%P%n%D%n%B -z -n120 -- /home/sss/.wget-hsts [5ms]
2024-01-12 12:47:11.821 [info] > git show --textconv :.wget-hsts [9ms]
2024-01-12 12:47:11.827 [info] > git ls-files --stage -- /home/sss/.wget-hsts [6ms]
2024-01-12 12:47:11.836 [info] > git cat-file -s c096f0cd4e4ca4afe31b6301dc36b813efa9f412 [1ms]
2024-01-12 12:47:12.337 [info] > git log --format=%H%n%aN%n%aE%n%at%n%ct%n%P%n%D%n%B -z -n120 -- /home/sss/.sudo_as_admin_successful [3ms]
2024-01-12 12:47:12.549 [info] > git show --textconv :.sudo_as_admin_successful [10ms]
2024-01-12 12:47:12.552 [info] > git ls-files --stage -- /home/sss/.sudo_as_admin_successful [4ms]
2024-01-12 12:47:12.564 [info] > git cat-file -s e69de29bb2d1d6434b8b29ae775ad8c2e48c5391 [1ms]
2024-01-12 12:47:13.246 [info] > git log --format=%H%n%aN%n%aE%n%at%n%ct%n%P%n%D%n%B -z -n120 -- /home/sss/.wget-hsts [4ms]
2024-01-12 12:47:13.459 [info] > git show --textconv :.wget-hsts [16ms]
2024-01-12 12:47:13.467 [info] > git ls-files --stage -- /home/sss/.wget-hsts [10ms]
2024-01-12 12:47:13.481 [info] > git cat-file -s c096f0cd4e4ca4afe31b6301dc36b813efa9f412 [2ms]
2024-01-12 12:47:13.837 [info] > git log --format=%H%n%aN%n%aE%n%at%n%ct%n%P%n%D%n%B -z -n120 -- /home/sss/.profile [5ms]
2024-01-12 12:47:14.061 [info] > git show --textconv :.profile [15ms]
2024-01-12 12:47:14.063 [info] > git ls-files --stage -- /home/sss/.profile [5ms]
2024-01-12 12:47:14.072 [info] > git cat-file -s d89ea5a6e83a2956d7461b547fa0d7d68103b9c9 [4ms]
2024-01-12 12:47:14.445 [info] > git config --get commit.template [11ms]
2024-01-12 12:47:14.449 [info] > git for-each-ref --format=%(refname)%00%(upstream:short)%00%(objectname)%00%(upstream:track)%00%(upstream:remotename)%00%(upstream:remoteref) refs/heads/Task02-Creating-A-mockup-Layout refs/remotes/Task02-Creating-A-mockup-Layout [4ms]
2024-01-12 12:47:14.470 [info] > git log --format=%H%n%aN%n%aE%n%at%n%ct%n%P%n%D%n%B -z -n120 -- /home/sss/.lesshst [9ms]
2024-01-12 12:47:14.527 [info] > git status -z -uall [47ms]
2024-01-12 12:47:14.691 [info] > git show --textconv :.lesshst [8ms]
2024-01-12 12:47:14.700 [info] > git ls-files --stage -- /home/sss/.lesshst [10ms]
2024-01-12 12:47:14.709 [info] > git cat-file -s 4d1c30b7a5849ed583fdcd6367ab3e2377e84cb0 [3ms]
2024-01-12 12:47:14.912 [info] > git log --format=%H%n%aN%n%aE%n%at%n%ct%n%P%n%D%n%B -z -n120 -- /home/sss/.gitconfig [5ms]
2024-01-12 12:47:15.110 [info] > git show --textconv :.gitconfig [9ms]
2024-01-12 12:47:15.118 [info] > git ls-files --stage -- /home/sss/.gitconfig [7ms]
2024-01-12 12:47:15.129 [info] > git cat-file -s 5d68d68e39f5af3ef8e693bc4e9823feb3a61534 [5ms]
2024-01-12 12:47:15.411 [info] > git log --format=%H%n%aN%n%aE%n%at%n%ct%n%P%n%D%n%B -z -n120 -- /home/sss/.bashrc [4ms]
2024-01-12 12:47:15.599 [info] > git show --textconv :.bashrc [9ms]
2024-01-12 12:47:15.603 [info] > git ls-files --stage -- /home/sss/.bashrc [6ms]
2024-01-12 12:47:15.614 [info] > git cat-file -s b488fcc4cee656840d7a756298456eaa243b3e46 [5ms]
2024-01-12 12:47:15.917 [info] > git log --format=%H%n%aN%n%aE%n%at%n%ct%n%P%n%D%n%B -z -n120 -- /home/sss/.bash_logout [4ms]
2024-01-12 12:47:16.119 [info] > git show --textconv :.bash_logout [7ms]
2024-01-12 12:47:16.127 [info] > git ls-files --stage -- /home/sss/.bash_logout [7ms]
2024-01-12 12:47:16.136 [info] > git cat-file -s de4f5f75d7ccd3a5b62bd2ce683ed678a5cb72c2 [0ms]
2024-01-12 12:47:16.543 [info] > git log --format=%H%n%aN%n%aE%n%at%n%ct%n%P%n%D%n%B -z -n120 -- /home/sss/.bash_history [8ms]
2024-01-12 12:47:16.762 [info] > git ls-files --stage -- /home/sss/.bash_history [7ms]
2024-01-12 12:47:16.769 [info] > git show --textconv :.bash_history [24ms]
2024-01-12 12:47:16.773 [info] > git cat-file -s fd54941c3ffd18662ce974431502e51f6ba33609 [5ms]
2024-01-12 12:47:17.880 [info] > git log --format=%H%n%aN%n%aE%n%at%n%ct%n%P%n%D%n%B -z -n120 -- /home/sss/SSS-HA/vite.config.js [103ms]
2024-01-12 12:47:18.257 [info] > git show --textconv :SSS-HA/vite.config.js [28ms]
2024-01-12 12:47:18.290 [info] > git ls-files --stage -- /home/sss/SSS-HA/vite.config.js [48ms]
2024-01-12 12:47:18.315 [info] > git cat-file -s 421b5695627db43c022947cfc7c0ecce6b9689be [12ms]
2024-01-12 12:47:18.987 [info] > git log --format=%H%n%aN%n%aE%n%at%n%ct%n%P%n%D%n%B -z -n120 -- /home/sss/SSS-HA/README.md [517ms]
2024-01-12 12:47:19.394 [info] > git show --textconv :SSS-HA/README.md [169ms]
2024-01-12 12:47:19.410 [info] > git ls-files --stage -- /home/sss/SSS-HA/README.md [131ms]
2024-01-12 12:47:19.443 [info] > git log --format=%H%n%aN%n%aE%n%at%n%ct%n%P%n%D%n%B -z -n120 -- /home/sss/SSS-HA/phpunit.xml [62ms]
2024-01-12 12:47:19.454 [info] > git cat-file -s 1824fc1baf2cfab39dda47feed1a3e0f3d228735 [30ms]
2024-01-12 12:47:19.647 [info] > git show --textconv :SSS-HA/phpunit.xml [112ms]
2024-01-12 12:47:19.648 [info] > git config --get commit.template [34ms]
2024-01-12 12:47:20.561 [info] > git log --format=%H%n%aN%n%aE%n%at%n%ct%n%P%n%D%n%B -z -n120 -- /home/sss/SSS-HA/package.json [829ms]
2024-01-12 12:47:20.567 [info] > git for-each-ref --format=%(refname)%00%(upstream:short)%00%(objectname)%00%(upstream:track)%00%(upstream:remotename)%00%(upstream:remoteref) refs/heads/Task02-Creating-A-mockup-Layout refs/remotes/Task02-Creating-A-mockup-Layout [924ms]
2024-01-12 12:47:20.578 [info] > git ls-files --stage -- /home/sss/SSS-HA/phpunit.xml [1006ms]
2024-01-12 12:47:20.678 [info] > git cat-file -s bc86714bdccded03d4d9ce3ef4676c4b67d463fd [40ms]
2024-01-12 12:47:20.926 [info] > git status -z -uall [249ms]
2024-01-12 12:47:20.941 [info] > git log --format=%H%n%aN%n%aE%n%at%n%ct%n%P%n%D%n%B -z -n120 -- /home/sss/SSS-HA/composer.lock [40ms]
2024-01-12 12:47:21.496 [info] > git show --textconv :SSS-HA/composer.lock [173ms]
2024-01-12 12:47:21.496 [info] > git ls-files --stage -- /home/sss/SSS-HA/composer.lock [146ms]
2024-01-12 12:47:21.562 [info] > git cat-file -s 356a7037ef6eff3883b41d551dbf070102f2c86d [28ms]
2024-01-12 12:47:25.956 [info] > git config --get commit.template [14ms]
2024-01-12 12:47:25.963 [info] > git for-each-ref --format=%(refname)%00%(upstream:short)%00%(objectname)%00%(upstream:track)%00%(upstream:remotename)%00%(upstream:remoteref) refs/heads/Task02-Creating-A-mockup-Layout refs/remotes/Task02-Creating-A-mockup-Layout [8ms]
2024-01-12 12:47:26.038 [info] > git status -z -uall [44ms]
2024-01-12 12:47:26.933 [info] > git log --format=%H%n%aN%n%aE%n%at%n%ct%n%P%n%D%n%B -z -n120 -- /home/sss/SSS-HA/composer.json [45ms]
2024-01-12 12:47:27.119 [info] > git show --textconv :SSS-HA/composer.json [30ms]
2024-01-12 12:47:27.119 [info] > git ls-files --stage -- /home/sss/SSS-HA/composer.json [21ms]
2024-01-12 12:47:27.137 [info] > git cat-file -s 8a3d72d422b80a197e628cbe436a0afedcdad183 [4ms]
2024-01-12 12:47:30.181 [info] > git log --format=%H%n%aN%n%aE%n%at%n%ct%n%P%n%D%n%B -z -n120 -- /home/sss/SSS-HA/.env.example [4ms]
2024-01-12 12:47:30.407 [info] > git show --textconv :SSS-HA/.env.example [10ms]
2024-01-12 12:47:30.411 [info] > git ls-files --stage -- /home/sss/SSS-HA/.env.example [5ms]
2024-01-12 12:47:30.421 [info] > git cat-file -s ea0665b0a60cfaafaa7b2c80992a0e406700e1a2 [4ms]
2024-01-12 12:47:31.076 [info] > git config --get commit.template [16ms]
2024-01-12 12:47:31.078 [info] > git for-each-ref --format=%(refname)%00%(upstream:short)%00%(objectname)%00%(upstream:track)%00%(upstream:remotename)%00%(upstream:remoteref) refs/heads/Task02-Creating-A-mockup-Layout refs/remotes/Task02-Creating-A-mockup-Layout [5ms]
2024-01-12 12:47:31.139 [info] > git status -z -uall [51ms]
2024-01-12 12:47:32.022 [info] > git check-ignore -v -z --stdin [4ms]
2024-01-12 12:47:33.647 [info] > git check-ignore -v -z --stdin [7ms]
2024-01-12 12:47:33.959 [info] > git log --format=%H%n%aN%n%aE%n%at%n%ct%n%P%n%D%n%B -z -n120 -- /home/sss/SSS-HA/.editorconfig [4ms]
2024-01-12 12:47:34.157 [info] > git show --textconv :SSS-HA/.editorconfig [12ms]
2024-01-12 12:47:34.157 [info] > git ls-files --stage -- /home/sss/SSS-HA/.editorconfig [2ms]
2024-01-12 12:47:34.170 [info] > git cat-file -s 8f0de65c560259bd171d746d12aa187f666893a3 [7ms]
2024-01-12 12:47:34.908 [info] > git log --format=%H%n%aN%n%aE%n%at%n%ct%n%P%n%D%n%B -z -n120 -- /home/sss/SSS-HA/.env [7ms]
2024-01-12 12:47:35.094 [info] > git show --textconv :SSS-HA/.env [9ms]
2024-01-12 12:47:35.096 [info] > git ls-files --stage -- /home/sss/SSS-HA/.env [2ms]
2024-01-12 12:47:36.169 [info] > git config --get commit.template [12ms]
2024-01-12 12:47:36.169 [info] > git for-each-ref --format=%(refname)%00%(upstream:short)%00%(objectname)%00%(upstream:track)%00%(upstream:remotename)%00%(upstream:remoteref) refs/heads/Task02-Creating-A-mockup-Layout refs/remotes/Task02-Creating-A-mockup-Layout [2ms]
2024-01-12 12:47:36.239 [info] > git status -z -uall [61ms]
2024-01-12 12:47:39.452 [info] > git check-ignore -v -z --stdin [5ms]
2024-01-12 12:47:40.371 [info] > git log --format=%H%n%aN%n%aE%n%at%n%ct%n%P%n%D%n%B -z -n120 -- /home/sss/SSS-HA/public/index.php [12ms]
2024-01-12 12:47:40.578 [info] > git show --textconv :SSS-HA/public/index.php [16ms]
2024-01-12 12:47:40.578 [info] > git ls-files --stage -- /home/sss/SSS-HA/public/index.php [2ms]
2024-01-12 12:47:40.590 [info] > git cat-file -s 1d69f3a2890599c4f51f93e1906f44d64f5eb928 [3ms]
2024-01-12 12:47:41.279 [info] > git for-each-ref --format=%(refname)%00%(upstream:short)%00%(objectname)%00%(upstream:track)%00%(upstream:remotename)%00%(upstream:remoteref) refs/heads/Task02-Creating-A-mockup-Layout refs/remotes/Task02-Creating-A-mockup-Layout [2ms]
2024-01-12 12:47:41.280 [info] > git config --get commit.template [15ms]
2024-01-12 12:47:41.341 [info] > git status -z -uall [50ms]
2024-01-12 12:47:41.987 [info] > git check-ignore -v -z --stdin [3ms]
2024-01-12 12:59:45.024 [info] > git config --get commit.template [9ms]
2024-01-12 12:59:45.029 [info] > git for-each-ref --format=%(refname)%00%(upstream:short)%00%(objectname)%00%(upstream:track)%00%(upstream:remotename)%00%(upstream:remoteref) refs/heads/Task02-Creating-A-mockup-Layout refs/remotes/Task02-Creating-A-mockup-Layout [6ms]
2024-01-12 12:59:45.098 [info] > git status -z -uall [62ms]
2024-01-12 12:59:45.609 [info] > git check-ignore -v -z --stdin [5ms]
2024-01-12 12:59:50.129 [info] > git config --get commit.template [1ms]
2024-01-12 12:59:50.143 [info] > git for-each-ref --format=%(refname)%00%(upstream:short)%00%(objectname)%00%(upstream:track)%00%(upstream:remotename)%00%(upstream:remoteref) refs/heads/Task02-Creating-A-mockup-Layout refs/remotes/Task02-Creating-A-mockup-Layout [5ms]
2024-01-12 12:59:50.238 [info] > git status -z -uall [79ms]
2024-01-12 12:59:55.951 [info] > git config --get commit.template [10ms]
2024-01-12 12:59:55.954 [info] > git for-each-ref --format=%(refname)%00%(upstream:short)%00%(objectname)%00%(upstream:track)%00%(upstream:remotename)%00%(upstream:remoteref) refs/heads/Task02-Creating-A-mockup-Layout refs/remotes/Task02-Creating-A-mockup-Layout [5ms]
2024-01-12 12:59:56.025 [info] > git status -z -uall [60ms]
2024-01-12 13:00:01.051 [info] > git config --get commit.template [8ms]
2024-01-12 13:00:01.056 [info] > git for-each-ref --format=%(refname)%00%(upstream:short)%00%(objectname)%00%(upstream:track)%00%(upstream:remotename)%00%(upstream:remoteref) refs/heads/Task02-Creating-A-mockup-Layout refs/remotes/Task02-Creating-A-mockup-Layout [6ms]
2024-01-12 13:00:01.117 [info] > git status -z -uall [53ms]
2024-01-12 13:00:06.157 [info] > git config --get commit.template [11ms]
2024-01-12 13:00:06.158 [info] > git for-each-ref --format=%(refname)%00%(upstream:short)%00%(objectname)%00%(upstream:track)%00%(upstream:remotename)%00%(upstream:remoteref) refs/heads/Task02-Creating-A-mockup-Layout refs/remotes/Task02-Creating-A-mockup-Layout [2ms]
2024-01-12 13:00:06.232 [info] > git status -z -uall [60ms]
2024-01-12 13:00:11.267 [info] > git config --get commit.template [13ms]
2024-01-12 13:00:11.268 [info] > git for-each-ref --format=%(refname)%00%(upstream:short)%00%(objectname)%00%(upstream:track)%00%(upstream:remotename)%00%(upstream:remoteref) refs/heads/Task02-Creating-A-mockup-Layout refs/remotes/Task02-Creating-A-mockup-Layout [2ms]
2024-01-12 13:00:11.329 [info] > git status -z -uall [51ms]
2024-01-12 13:01:08.934 [info] > git config --get commit.template [18ms]
2024-01-12 13:01:08.936 [info] > git for-each-ref --format=%(refname)%00%(upstream:short)%00%(objectname)%00%(upstream:track)%00%(upstream:remotename)%00%(upstream:remoteref) refs/heads/Task02-Creating-A-mockup-Layout refs/remotes/Task02-Creating-A-mockup-Layout [3ms]
2024-01-12 13:01:09.015 [info] > git status -z -uall [71ms]
2024-01-12 13:01:09.202 [info] > git log --format=%H%n%aN%n%aE%n%at%n%ct%n%P%n%D%n%B -z -n120 -- /home/sss/SSS-HA/app/Http/Controllers/CarController.php [14ms]
2024-01-12 13:01:09.438 [info] > git show --textconv :SSS-HA/app/Http/Controllers/CarController.php [9ms]
2024-01-12 13:01:09.441 [info] > git ls-files --stage -- /home/sss/SSS-HA/app/Http/Controllers/CarController.php [4ms]
2024-01-12 13:01:14.050 [info] > git for-each-ref --format=%(refname)%00%(upstream:short)%00%(objectname)%00%(upstream:track)%00%(upstream:remotename)%00%(upstream:remoteref) refs/heads/Task02-Creating-A-mockup-Layout refs/remotes/Task02-Creating-A-mockup-Layout [2ms]
2024-01-12 13:01:14.051 [info] > git config --get commit.template [14ms]
2024-01-12 13:01:14.117 [info] > git status -z -uall [53ms]
2024-01-12 13:01:19.157 [info] > git config --get commit.template [10ms]
2024-01-12 13:01:19.158 [info] > git for-each-ref --format=%(refname)%00%(upstream:short)%00%(objectname)%00%(upstream:track)%00%(upstream:remotename)%00%(upstream:remoteref) refs/heads/Task02-Creating-A-mockup-Layout refs/remotes/Task02-Creating-A-mockup-Layout [2ms]
2024-01-12 13:01:19.216 [info] > git status -z -uall [48ms]
2024-01-12 13:01:23.985 [info] > git check-ignore -v -z --stdin [4ms]
2024-01-12 13:01:24.245 [info] > git config --get commit.template [8ms]
2024-01-12 13:01:24.247 [info] > git for-each-ref --format=%(refname)%00%(upstream:short)%00%(objectname)%00%(upstream:track)%00%(upstream:remotename)%00%(upstream:remoteref) refs/heads/Task02-Creating-A-mockup-Layout refs/remotes/Task02-Creating-A-mockup-Layout [3ms]
2024-01-12 13:01:24.307 [info] > git status -z -uall [50ms]
2024-01-12 13:01:29.328 [info] > git config --get commit.template [1ms]
2024-01-12 13:01:29.342 [info] > git for-each-ref --format=%(refname)%00%(upstream:short)%00%(objectname)%00%(upstream:track)%00%(upstream:remotename)%00%(upstream:remoteref) refs/heads/Task02-Creating-A-mockup-Layout refs/remotes/Task02-Creating-A-mockup-Layout [1ms]
2024-01-12 13:01:29.402 [info] > git status -z -uall [48ms]
2024-01-12 13:01:32.585 [info] > git check-ignore -v -z --stdin [2ms]
2024-01-12 13:01:34.713 [info] > git config --get commit.template [10ms]
2024-01-12 13:01:34.716 [info] > git for-each-ref --format=%(refname)%00%(upstream:short)%00%(objectname)%00%(upstream:track)%00%(upstream:remotename)%00%(upstream:remoteref) refs/heads/Task02-Creating-A-mockup-Layout refs/remotes/Task02-Creating-A-mockup-Layout [4ms]
2024-01-12 13:01:34.783 [info] > git status -z -uall [53ms]
2024-01-12 13:05:02.491 [info] > git config --get commit.template [9ms]
2024-01-12 13:05:02.496 [info] > git for-each-ref --format=%(refname)%00%(upstream:short)%00%(objectname)%00%(upstream:track)%00%(upstream:remotename)%00%(upstream:remoteref) refs/heads/Task02-Creating-A-mockup-Layout refs/remotes/Task02-Creating-A-mockup-Layout [6ms]
2024-01-12 13:05:02.567 [info] > git status -z -uall [60ms]
2024-01-12 13:05:05.374 [info] > git log --format=%H%n%aN%n%aE%n%at%n%ct%n%P%n%D%n%B -z -n120 -- /home/sss/SSS-HA/resources/views/cars/details.blade.php [58ms]
2024-01-12 13:05:05.497 [info] > git show --textconv :SSS-HA/resources/views/cars/details.blade.php [10ms]
2024-01-12 13:05:05.502 [info] > git ls-files --stage -- /home/sss/SSS-HA/resources/views/cars/details.blade.php [7ms]
2024-01-12 13:05:05.758 [info] > git log --format=%H%n%aN%n%aE%n%at%n%ct%n%P%n%D%n%B -z -n120 -- /home/sss/SSS-HA/resources/views/layouts/main.blade.php [6ms]
2024-01-12 13:05:05.927 [info] > git show --textconv :SSS-HA/resources/views/layouts/main.blade.php [10ms]
2024-01-12 13:05:05.932 [info] > git ls-files --stage -- /home/sss/SSS-HA/resources/views/layouts/main.blade.php [8ms]
2024-01-12 13:05:06.140 [info] > git log --format=%H%n%aN%n%aE%n%at%n%ct%n%P%n%D%n%B -z -n120 -- /home/sss/SSS-HA/public/index.php [6ms]
2024-01-12 13:05:06.269 [info] > git show --textconv :SSS-HA/public/index.php [19ms]
2024-01-12 13:05:06.271 [info] > git ls-files --stage -- /home/sss/SSS-HA/public/index.php [12ms]
2024-01-12 13:05:06.284 [info] > git cat-file -s 1d69f3a2890599c4f51f93e1906f44d64f5eb928 [6ms]
2024-01-12 13:05:06.515 [info] > git log --format=%H%n%aN%n%aE%n%at%n%ct%n%P%n%D%n%B -z -n120 -- /home/sss/SSS-HA/resources/views/cars/create.blade.php [26ms]
2024-01-12 13:05:06.662 [info] > git show --textconv :SSS-HA/resources/views/cars/create.blade.php [16ms]
2024-01-12 13:05:06.666 [info] > git ls-files --stage -- /home/sss/SSS-HA/resources/views/cars/create.blade.php [7ms]
2024-01-12 13:05:06.907 [info] > git log --format=%H%n%aN%n%aE%n%at%n%ct%n%P%n%D%n%B -z -n120 -- /home/sss/SSS-HA/resources/views/cars/_filter.blade.php [11ms]
2024-01-12 13:05:07.088 [info] > git show --textconv :SSS-HA/resources/views/cars/_filter.blade.php [8ms]
2024-01-12 13:05:07.092 [info] > git ls-files --stage -- /home/sss/SSS-HA/resources/views/cars/_filter.blade.php [6ms]
2024-01-12 13:05:07.418 [info] > git log --format=%H%n%aN%n%aE%n%at%n%ct%n%P%n%D%n%B -z -n120 -- /home/sss/SSS-HA/routes/web.php [20ms]
2024-01-12 13:05:07.567 [info] > git show --textconv :SSS-HA/routes/web.php [6ms]
2024-01-12 13:05:07.570 [info] > git ls-files --stage -- /home/sss/SSS-HA/routes/web.php [3ms]
2024-01-12 13:05:07.595 [info] > git cat-file -s d259f33ea86c43a079839b711b6129d5798f38f4 [3ms]
2024-01-12 13:05:07.611 [info] > git config --get commit.template [1ms]
2024-01-12 13:05:07.627 [info] > git for-each-ref --format=%(refname)%00%(upstream:short)%00%(objectname)%00%(upstream:track)%00%(upstream:remotename)%00%(upstream:remoteref) refs/heads/Task02-Creating-A-mockup-Layout refs/remotes/Task02-Creating-A-mockup-Layout [4ms]
2024-01-12 13:05:07.680 [info] > git log --format=%H%n%aN%n%aE%n%at%n%ct%n%P%n%D%n%B -z -n120 -- /home/sss/SSS-HA/app/Http/Controllers/CarController.php [12ms]
2024-01-12 13:05:07.687 [info] > git status -z -uall [52ms]
2024-01-12 13:05:08.048 [info] > git show --textconv :SSS-HA/app/Http/Controllers/CarController.php [9ms]
2024-01-12 13:05:08.056 [info] > git ls-files --stage -- /home/sss/SSS-HA/app/Http/Controllers/CarController.php [10ms]
2024-01-12 13:05:11.033 [info] > git log --format=%H%n%aN%n%aE%n%at%n%ct%n%P%n%D%n%B -z -n120 -- /home/sss/SSS-HA/resources/views/cars/details.blade.php [6ms]
2024-01-12 13:05:11.220 [info] > git show --textconv :SSS-HA/resources/views/cars/details.blade.php [9ms]
2024-01-12 13:05:11.223 [info] > git ls-files --stage -- /home/sss/SSS-HA/resources/views/cars/details.blade.php [5ms]
2024-01-12 13:05:12.718 [info] > git config --get commit.template [9ms]
2024-01-12 13:05:12.722 [info] > git for-each-ref --format=%(refname)%00%(upstream:short)%00%(objectname)%00%(upstream:track)%00%(upstream:remotename)%00%(upstream:remoteref) refs/heads/Task02-Creating-A-mockup-Layout refs/remotes/Task02-Creating-A-mockup-Layout [6ms]
2024-01-12 13:05:12.773 [info] > git status -z -uall [41ms]
2024-01-12 13:05:14.449 [info] > git log --format=%H%n%aN%n%aE%n%at%n%ct%n%P%n%D%n%B -z -n120 -- /home/sss/SSS-HA/resources/views/cars/details.blade.php [7ms]
2024-01-12 13:05:17.799 [info] > git config --get commit.template [11ms]
2024-01-12 13:05:17.802 [info] > git for-each-ref --format=%(refname)%00%(upstream:short)%00%(objectname)%00%(upstream:track)%00%(upstream:remotename)%00%(upstream:remoteref) refs/heads/Task02-Creating-A-mockup-Layout refs/remotes/Task02-Creating-A-mockup-Layout [4ms]
2024-01-12 13:05:17.855 [info] > git status -z -uall [46ms]
2024-01-12 13:05:22.892 [info] > git config --get commit.template [13ms]
2024-01-12 13:05:22.896 [info] > git for-each-ref --format=%(refname)%00%(upstream:short)%00%(objectname)%00%(upstream:track)%00%(upstream:remotename)%00%(upstream:remoteref) refs/heads/Task02-Creating-A-mockup-Layout refs/remotes/Task02-Creating-A-mockup-Layout [5ms]
2024-01-12 13:05:22.963 [info] > git status -z -uall [56ms]
2024-01-12 13:05:27.992 [info] > git config --get commit.template [11ms]
2024-01-12 13:05:27.996 [info] > git for-each-ref --format=%(refname)%00%(upstream:short)%00%(objectname)%00%(upstream:track)%00%(upstream:remotename)%00%(upstream:remoteref) refs/heads/Task02-Creating-A-mockup-Layout refs/remotes/Task02-Creating-A-mockup-Layout [6ms]
2024-01-12 13:05:28.069 [info] > git status -z -uall [54ms]
2024-01-12 13:05:33.093 [info] > git config --get commit.template [9ms]
2024-01-12 13:05:33.096 [info] > git for-each-ref --format=%(refname)%00%(upstream:short)%00%(objectname)%00%(upstream:track)%00%(upstream:remotename)%00%(upstream:remoteref) refs/heads/Task02-Creating-A-mockup-Layout refs/remotes/Task02-Creating-A-mockup-Layout [4ms]
2024-01-12 13:05:33.149 [info] > git status -z -uall [46ms]
2024-01-12 13:06:12.093 [info] > git config --get commit.template [13ms]
2024-01-12 13:06:12.097 [info] > git for-each-ref --format=%(refname)%00%(upstream:short)%00%(objectname)%00%(upstream:track)%00%(upstream:remotename)%00%(upstream:remoteref) refs/heads/Task02-Creating-A-mockup-Layout refs/remotes/Task02-Creating-A-mockup-Layout [4ms]
2024-01-12 13:06:12.160 [info] > git status -z -uall [49ms]
2024-01-12 13:06:17.197 [info] > git config --get commit.template [16ms]
2024-01-12 13:06:17.206 [info] > git for-each-ref --format=%(refname)%00%(upstream:short)%00%(objectname)%00%(upstream:track)%00%(upstream:remotename)%00%(upstream:remoteref) refs/heads/Task02-Creating-A-mockup-Layout refs/remotes/Task02-Creating-A-mockup-Layout [9ms]
2024-01-12 13:06:17.274 [info] > git status -z -uall [60ms]
2024-01-12 13:06:21.704 [info] > git ls-files --stage -- /home/sss/SSS-HA/resources/views/cars/details.blade.php [4ms]
2024-01-12 13:06:21.720 [info] > git show --textconv :SSS-HA/resources/views/cars/details.blade.php [1ms]
2024-01-12 13:06:22.303 [info] > git config --get commit.template [8ms]
2024-01-12 13:06:22.305 [info] > git for-each-ref --format=%(refname)%00%(upstream:short)%00%(objectname)%00%(upstream:track)%00%(upstream:remotename)%00%(upstream:remoteref) refs/heads/Task02-Creating-A-mockup-Layout refs/remotes/Task02-Creating-A-mockup-Layout [3ms]
2024-01-12 13:06:22.355 [info] > git status -z -uall [45ms]
2024-01-12 13:06:27.381 [info] > git config --get commit.template [7ms]
2024-01-12 13:06:27.384 [info] > git for-each-ref --format=%(refname)%00%(upstream:short)%00%(objectname)%00%(upstream:track)%00%(upstream:remotename)%00%(upstream:remoteref) refs/heads/Task02-Creating-A-mockup-Layout refs/remotes/Task02-Creating-A-mockup-Layout [4ms]
2024-01-12 13:06:27.440 [info] > git status -z -uall [45ms]
2024-01-12 13:06:32.477 [info] > git config --get commit.template [13ms]
2024-01-12 13:06:32.482 [info] > git for-each-ref --format=%(refname)%00%(upstream:short)%00%(objectname)%00%(upstream:track)%00%(upstream:remotename)%00%(upstream:remoteref) refs/heads/Task02-Creating-A-mockup-Layout refs/remotes/Task02-Creating-A-mockup-Layout [6ms]
2024-01-12 13:06:32.546 [info] > git status -z -uall [53ms]
2024-01-12 13:06:51.579 [info] > git config --get commit.template [10ms]
2024-01-12 13:06:51.584 [info] > git for-each-ref --format=%(refname)%00%(upstream:short)%00%(objectname)%00%(upstream:track)%00%(upstream:remotename)%00%(upstream:remoteref) refs/heads/Task02-Creating-A-mockup-Layout refs/remotes/Task02-Creating-A-mockup-Layout [6ms]
2024-01-12 13:06:51.656 [info] > git status -z -uall [63ms]
2024-01-12 13:06:54.478 [info] > git for-each-ref --sort -committerdate --format %(refname) %(objectname) %(*objectname) [3ms]
2024-01-12 13:06:56.686 [info] > git config --get commit.template [1ms]
2024-01-12 13:06:56.700 [info] > git for-each-ref --format=%(refname)%00%(upstream:short)%00%(objectname)%00%(upstream:track)%00%(upstream:remotename)%00%(upstream:remoteref) refs/heads/Task02-Creating-A-mockup-Layout refs/remotes/Task02-Creating-A-mockup-Layout [4ms]
2024-01-12 13:06:56.774 [info] > git status -z -uall [65ms]
2024-01-12 13:07:01.809 [info] > git config --get commit.template [15ms]
2024-01-12 13:07:01.814 [info] > git for-each-ref --format=%(refname)%00%(upstream:short)%00%(objectname)%00%(upstream:track)%00%(upstream:remotename)%00%(upstream:remoteref) refs/heads/Task02-Creating-A-mockup-Layout refs/remotes/Task02-Creating-A-mockup-Layout [7ms]
2024-01-12 13:07:01.873 [info] > git status -z -uall [50ms]
2024-01-12 13:07:06.906 [info] > git for-each-ref --format=%(refname)%00%(upstream:short)%00%(objectname)%00%(upstream:track)%00%(upstream:remotename)%00%(upstream:remoteref) refs/heads/Task02-Creating-A-mockup-Layout refs/remotes/Task02-Creating-A-mockup-Layout [3ms]
2024-01-12 13:07:06.907 [info] > git config --get commit.template [16ms]
2024-01-12 13:07:06.975 [info] > git status -z -uall [46ms]
2024-01-12 13:07:12.010 [info] > git config --get commit.template [12ms]
2024-01-12 13:07:12.013 [info] > git for-each-ref --format=%(refname)%00%(upstream:short)%00%(objectname)%00%(upstream:track)%00%(upstream:remotename)%00%(upstream:remoteref) refs/heads/Task02-Creating-A-mockup-Layout refs/remotes/Task02-Creating-A-mockup-Layout [5ms]
2024-01-12 13:07:12.078 [info] > git status -z -uall [48ms]
2024-01-12 13:07:14.665 [info] > git ls-files --stage -- /home/sss/SSS-HA/resources/views/cars/details.blade.php [5ms]
2024-01-12 13:07:14.681 [info] > git show --textconv :SSS-HA/resources/views/cars/details.blade.php [5ms]
2024-01-12 13:07:17.102 [info] > git config --get commit.template [5ms]
2024-01-12 13:07:17.103 [info] > git for-each-ref --format=%(refname)%00%(upstream:short)%00%(objectname)%00%(upstream:track)%00%(upstream:remotename)%00%(upstream:remoteref) refs/heads/Task02-Creating-mockup-layout refs/remotes/Task02-Creating-mockup-layout [2ms]
2024-01-12 13:07:17.158 [info] > git status -z -uall [47ms]
2024-01-12 13:07:22.187 [info] > git config --get commit.template [10ms]
2024-01-12 13:07:22.188 [info] > git for-each-ref --format=%(refname)%00%(upstream:short)%00%(objectname)%00%(upstream:track)%00%(upstream:remotename)%00%(upstream:remoteref) refs/heads/Task02-Creating-mockup-layout refs/remotes/Task02-Creating-mockup-layout [3ms]
2024-01-12 13:07:22.244 [info] > git status -z -uall [39ms]
2024-01-12 13:07:25.906 [info] > git ls-files --stage -- /home/sss/SSS-HA/resources/views/cars/details.blade.php [6ms]
2024-01-12 13:07:25.918 [info] > git show --textconv :SSS-HA/resources/views/cars/details.blade.php [3ms]
2024-01-12 13:07:27.275 [info] > git config --get commit.template [14ms]
2024-01-12 13:07:27.276 [info] > git for-each-ref --format=%(refname)%00%(upstream:short)%00%(objectname)%00%(upstream:track)%00%(upstream:remotename)%00%(upstream:remoteref) refs/heads/Task02-Creating-mockup-layout refs/remotes/Task02-Creating-mockup-layout [2ms]
2024-01-12 13:07:27.338 [info] > git status -z -uall [44ms]
2024-01-12 13:08:35.871 [info] > git config --get commit.template [12ms]
2024-01-12 13:08:35.876 [info] > git for-each-ref --format=%(refname)%00%(upstream:short)%00%(objectname)%00%(upstream:track)%00%(upstream:remotename)%00%(upstream:remoteref) refs/heads/Task02-Creating-mockup-layout refs/remotes/Task02-Creating-mockup-layout [5ms]
2024-01-12 13:08:35.943 [info] > git status -z -uall [58ms]
2024-01-12 13:08:36.194 [info] > git for-each-ref --format=%(refname)%00%(upstream:short)%00%(objectname)%00%(upstream:track)%00%(upstream:remotename)%00%(upstream:remoteref) refs/heads/Task02-Creating-mockup-layout [46ms]
2024-01-12 13:08:36.214 [info] > git config --local branch.Task02-Creating-mockup-layout.vscode-merge-base [10ms]
2024-01-12 13:08:36.304 [info] > git reflog refs/heads/Task02-Creating-mockup-layout --grep-reflog=branch: Created from *. [79ms]
2024-01-12 13:08:36.327 [info] > git reflog HEAD --grep-reflog=checkout: moving from .* to Task02-Creating-mockup-layout [10ms]
2024-01-12 13:08:36.347 [info] > git for-each-ref --format=%(refname)%00%(upstream:short)%00%(objectname)%00%(upstream:track)%00%(upstream:remotename)%00%(upstream:remoteref) refs/heads/Task02-Creating-A-mockup-Layout refs/remotes/Task02-Creating-A-mockup-Layout [10ms]
2024-01-12 13:08:36.361 [info] > git config --local branch.Task02-Creating-mockup-layout.vscode-merge-base Task02-Creating-A-mockup-Layout [6ms]
2024-01-12 13:08:36.382 [info] > git config --get commit.template [10ms]
2024-01-12 13:08:36.384 [info] > git for-each-ref --format=%(refname)%00%(upstream:short)%00%(objectname)%00%(upstream:track)%00%(upstream:remotename)%00%(upstream:remoteref) refs/heads/Task02-Creating-mockup-layout refs/remotes/Task02-Creating-mockup-layout [4ms]
2024-01-12 13:08:36.455 [info] > git status -z -uall [63ms]
2024-01-12 13:08:36.521 [info] > git merge-base refs/heads/Task02-Creating-mockup-layout refs/heads/Task02-Creating-A-mockup-Layout [18ms]
2024-01-12 13:08:36.536 [info] > git rev-list --count --left-right refs/heads/Task02-Creating-mockup-layout...refs/heads/Task02-Creating-A-mockup-Layout [6ms]
2024-01-12 13:08:36.820 [info] > git check-ignore -v -z --stdin [7ms]
2024-01-12 13:08:37.648 [info] > git ls-files --stage -- /home/sss/SSS-HA/resources/views/cars/details.blade.php [3ms]
2024-01-12 13:08:37.660 [info] > git show --textconv :SSS-HA/resources/views/cars/details.blade.php [2ms]
2024-01-12 13:08:40.965 [info] > git config --get commit.template [1ms]
2024-01-12 13:08:40.978 [info] > git for-each-ref --format=%(refname)%00%(upstream:short)%00%(objectname)%00%(upstream:track)%00%(upstream:remotename)%00%(upstream:remoteref) refs/heads/Task02-Creating-mockup-layout refs/remotes/Task02-Creating-mockup-layout [4ms]
2024-01-12 13:08:41.042 [info] > git status -z -uall [57ms]
2024-01-12 13:08:41.888 [info] > git check-ignore -v -z --stdin [20ms]
2024-01-12 13:08:48.481 [info] > git config --get commit.template [10ms]
2024-01-12 13:08:48.482 [info] > git for-each-ref --format=%(refname)%00%(upstream:short)%00%(objectname)%00%(upstream:track)%00%(upstream:remotename)%00%(upstream:remoteref) refs/heads/Task02-Creating-mockup-layout refs/remotes/Task02-Creating-mockup-layout [3ms]
2024-01-12 13:08:48.544 [info] > git status -z -uall [55ms]
2024-01-12 13:08:48.588 [info] > git add -A -- . [77ms]
2024-01-12 13:08:48.588 [info] error: 'SSS-HA/SSS-HA/' does not have a commit checked out
fatal: adding files failed
2024-01-12 13:08:48.606 [info] > git config --get commit.template [10ms]
2024-01-12 13:08:48.608 [info] > git for-each-ref --format=%(refname)%00%(upstream:short)%00%(objectname)%00%(upstream:track)%00%(upstream:remotename)%00%(upstream:remoteref) refs/heads/Task02-Creating-mockup-layout refs/remotes/Task02-Creating-mockup-layout [3ms]
2024-01-12 13:08:48.678 [info] > git status -z -uall [63ms]
2024-01-12 13:08:53.576 [info] > git for-each-ref --format=%(refname)%00%(upstream:short)%00%(objectname)%00%(upstream:track)%00%(upstream:remotename)%00%(upstream:remoteref) refs/heads/Task02-Creating-mockup-layout refs/remotes/Task02-Creating-mockup-layout [1ms]
2024-01-12 13:08:53.576 [info] > git config --get commit.template [14ms]
2024-01-12 13:08:53.637 [info] > git status -z -uall [54ms]
2024-01-12 13:08:54.941 [info] > git add -A -- . [69ms]
2024-01-12 13:08:54.941 [info] error: 'SSS-HA/SSS-HA/' does not have a commit checked out
fatal: adding files failed
2024-01-12 13:08:54.960 [info] > git config --get commit.template [9ms]
2024-01-12 13:08:54.961 [info] > git for-each-ref --format=%(refname)%00%(upstream:short)%00%(objectname)%00%(upstream:track)%00%(upstream:remotename)%00%(upstream:remoteref) refs/heads/Task02-Creating-mockup-layout refs/remotes/Task02-Creating-mockup-layout [3ms]
2024-01-12 13:08:55.013 [info] > git status -z -uall [45ms]
2024-01-12 13:08:58.926 [info] > git config --get commit.template [13ms]
2024-01-12 13:08:58.952 [info] > git for-each-ref --format=%(refname)%00%(upstream:short)%00%(objectname)%00%(upstream:track)%00%(upstream:remotename)%00%(upstream:remoteref) refs/heads/Task02-Creating-mockup-layout refs/remotes/Task02-Creating-mockup-layout [13ms]
2024-01-12 13:08:59.016 [info] > git status -z -uall [53ms]
2024-01-12 13:08:59.029 [info] > git add -A -- . [78ms]
2024-01-12 13:08:59.029 [info] error: 'SSS-HA/SSS-HA/' does not have a commit checked out
fatal: adding files failed
2024-01-12 13:08:59.045 [info] > git config --get commit.template [8ms]
2024-01-12 13:08:59.047 [info] > git for-each-ref --format=%(refname)%00%(upstream:short)%00%(objectname)%00%(upstream:track)%00%(upstream:remotename)%00%(upstream:remoteref) refs/heads/Task02-Creating-mockup-layout refs/remotes/Task02-Creating-mockup-layout [3ms]
2024-01-12 13:08:59.104 [info] > git status -z -uall [50ms]
2024-01-12 13:09:04.734 [info] > git config --get commit.template [10ms]
2024-01-12 13:09:04.736 [info] > git for-each-ref --format=%(refname)%00%(upstream:short)%00%(objectname)%00%(upstream:track)%00%(upstream:remotename)%00%(upstream:remoteref) refs/heads/Task02-Creating-mockup-layout refs/remotes/Task02-Creating-mockup-layout [3ms]
2024-01-12 13:09:04.802 [info] > git status -z -uall [58ms]
2024-01-12 13:09:13.698 [info] > git config --get commit.template [11ms]
2024-01-12 13:09:13.698 [info] > git for-each-ref --format=%(refname)%00%(upstream:short)%00%(objectname)%00%(upstream:track)%00%(upstream:remotename)%00%(upstream:remoteref) refs/heads/Task02-Creating-mockup-layout refs/remotes/Task02-Creating-mockup-layout [4ms]
2024-01-12 13:09:13.775 [info] > git status -z -uall [70ms]
2024-01-12 13:10:04.945 [info] > git config --get commit.template [10ms]
2024-01-12 13:10:04.947 [info] > git for-each-ref --format=%(refname)%00%(upstream:short)%00%(objectname)%00%(upstream:track)%00%(upstream:remotename)%00%(upstream:remoteref) refs/heads/Task02-Creating-mockup-layout refs/remotes/Task02-Creating-mockup-layout [5ms]
2024-01-12 13:10:05.005 [info] > git status -z -uall [50ms]
2024-01-12 13:10:10.040 [info] > git config --get commit.template [14ms]
2024-01-12 13:10:10.042 [info] > git for-each-ref --format=%(refname)%00%(upstream:short)%00%(objectname)%00%(upstream:track)%00%(upstream:remotename)%00%(upstream:remoteref) refs/heads/Task02-Creating-mockup-layout refs/remotes/Task02-Creating-mockup-layout [4ms]
2024-01-12 13:10:10.102 [info] > git status -z -uall [49ms]
2024-01-12 13:10:15.134 [info] > git config --get commit.template [14ms]
2024-01-12 13:10:15.135 [info] > git for-each-ref --format=%(refname)%00%(upstream:short)%00%(objectname)%00%(upstream:track)%00%(upstream:remotename)%00%(upstream:remoteref) refs/heads/Task02-Creating-mockup-layout refs/remotes/Task02-Creating-mockup-layout [2ms]
2024-01-12 13:10:15.203 [info] > git status -z -uall [61ms]
2024-01-12 13:10:20.238 [info] > git config --get commit.template [9ms]
2024-01-12 13:10:20.240 [info] > git for-each-ref --format=%(refname)%00%(upstream:short)%00%(objectname)%00%(upstream:track)%00%(upstream:remotename)%00%(upstream:remoteref) refs/heads/Task02-Creating-mockup-layout refs/remotes/Task02-Creating-mockup-layout [3ms]
2024-01-12 13:10:20.294 [info] > git status -z -uall [43ms]
2024-01-12 13:10:25.318 [info] > git config --get commit.template [10ms]
2024-01-12 13:10:25.320 [info] > git for-each-ref --format=%(refname)%00%(upstream:short)%00%(objectname)%00%(upstream:track)%00%(upstream:remotename)%00%(upstream:remoteref) refs/heads/Task02-Creating-mockup-layout refs/remotes/Task02-Creating-mockup-layout [3ms]
2024-01-12 13:10:25.375 [info] > git status -z -uall [48ms]
2024-01-12 13:10:30.402 [info] > git config --get commit.template [11ms]
2024-01-12 13:10:30.403 [info] > git for-each-ref --format=%(refname)%00%(upstream:short)%00%(objectname)%00%(upstream:track)%00%(upstream:remotename)%00%(upstream:remoteref) refs/heads/Task02-Creating-mockup-layout refs/remotes/Task02-Creating-mockup-layout [2ms]
2024-01-12 13:10:30.455 [info] > git status -z -uall [46ms]
2024-01-12 13:10:35.482 [info] > git config --get commit.template [11ms]
2024-01-12 13:10:35.485 [info] > git for-each-ref --format=%(refname)%00%(upstream:short)%00%(objectname)%00%(upstream:track)%00%(upstream:remotename)%00%(upstream:remoteref) refs/heads/Task02-Creating-mockup-layout refs/remotes/Task02-Creating-mockup-layout [4ms]
2024-01-12 13:10:35.540 [info] > git status -z -uall [44ms]
2024-01-12 13:10:40.566 [info] > git config --get commit.template [12ms]
2024-01-12 13:10:40.570 [info] > git for-each-ref --format=%(refname)%00%(upstream:short)%00%(objectname)%00%(upstream:track)%00%(upstream:remotename)%00%(upstream:remoteref) refs/heads/Task02-Creating-mockup-layout refs/remotes/Task02-Creating-mockup-layout [6ms]
2024-01-12 13:10:40.627 [info] > git status -z -uall [49ms]
2024-01-12 13:10:45.662 [info] > git config --get commit.template [15ms]
2024-01-12 13:10:45.663 [info] > git for-each-ref --format=%(refname)%00%(upstream:short)%00%(objectname)%00%(upstream:track)%00%(upstream:remotename)%00%(upstream:remoteref) refs/heads/Task02-Creating-mockup-layout refs/remotes/Task02-Creating-mockup-layout [3ms]
2024-01-12 13:10:45.720 [info] > git status -z -uall [48ms]
2024-01-12 13:10:45.759 [info] > git merge-base refs/heads/Task02-Creating-mockup-layout refs/remotes/origin/Task02-Creating-mockup-layout [8ms]
2024-01-12 13:10:45.767 [info] > git ls-files --stage -- /home/sss/SSS-HA/resources/views/cars/details.blade.php [9ms]
2024-01-12 13:10:45.769 [info] > git rev-list --count --left-right refs/heads/Task02-Creating-mockup-layout...refs/remotes/origin/Task02-Creating-mockup-layout [3ms]
2024-01-12 13:10:45.783 [info] > git show --textconv :SSS-HA/resources/views/cars/details.blade.php [4ms]
2024-01-12 13:10:50.751 [info] > git config --get commit.template [12ms]
2024-01-12 13:10:50.752 [info] > git for-each-ref --format=%(refname)%00%(upstream:short)%00%(objectname)%00%(upstream:track)%00%(upstream:remotename)%00%(upstream:remoteref) refs/heads/Task02-Creating-mockup-layout refs/remotes/Task02-Creating-mockup-layout [2ms]
2024-01-12 13:10:50.825 [info] > git status -z -uall [58ms]
2024-01-12 13:10:57.463 [info] > git config --get commit.template [10ms]
2024-01-12 13:10:57.465 [info] > git for-each-ref --format=%(refname)%00%(upstream:short)%00%(objectname)%00%(upstream:track)%00%(upstream:remotename)%00%(upstream:remoteref) refs/heads/Task02-Creating-mockup-layout refs/remotes/Task02-Creating-mockup-layout [3ms]
2024-01-12 13:10:57.522 [info] > git status -z -uall [50ms]
2024-01-12 13:11:02.544 [info] > git config --get commit.template [8ms]
2024-01-12 13:11:02.548 [info] > git for-each-ref --format=%(refname)%00%(upstream:short)%00%(objectname)%00%(upstream:track)%00%(upstream:remotename)%00%(upstream:remoteref) refs/heads/Task02-Creating-mockup-layout refs/remotes/Task02-Creating-mockup-layout [5ms]
2024-01-12 13:11:02.600 [info] > git status -z -uall [45ms]
2024-01-12 13:11:07.620 [info] > git config --get commit.template [3ms]
2024-01-12 13:11:07.643 [info] > git for-each-ref --format=%(refname)%00%(upstream:short)%00%(objectname)%00%(upstream:track)%00%(upstream:remotename)%00%(upstream:remoteref) refs/heads/Task02-Creating-mockup-layout refs/remotes/Task02-Creating-mockup-layout [7ms]
2024-01-12 13:11:07.702 [info] > git status -z -uall [50ms]
2024-01-12 13:11:12.725 [info] > git config --get commit.template [5ms]
2024-01-12 13:11:12.728 [info] > git for-each-ref --format=%(refname)%00%(upstream:short)%00%(objectname)%00%(upstream:track)%00%(upstream:remotename)%00%(upstream:remoteref) refs/heads/Task02-Creating-mockup-layout refs/remotes/Task02-Creating-mockup-layout [4ms]
2024-01-12 13:11:12.800 [info] > git status -z -uall [44ms]
2024-01-12 13:11:17.831 [info] > git for-each-ref --format=%(refname)%00%(upstream:short)%00%(objectname)%00%(upstream:track)%00%(upstream:remotename)%00%(upstream:remoteref) refs/heads/Task02-Creating-mockup-layout refs/remotes/Task02-Creating-mockup-layout [1ms]
2024-01-12 13:11:17.832 [info] > git config --get commit.template [13ms]
2024-01-12 13:11:17.895 [info] > git status -z -uall [53ms]
2024-01-12 13:11:22.923 [info] > git config --get commit.template [10ms]
2024-01-12 13:11:22.924 [info] > git for-each-ref --format=%(refname)%00%(upstream:short)%00%(objectname)%00%(upstream:track)%00%(upstream:remotename)%00%(upstream:remoteref) refs/heads/Task02-Creating-mockup-layout refs/remotes/Task02-Creating-mockup-layout [3ms]
2024-01-12 13:11:22.980 [info] > git status -z -uall [47ms]
2024-01-12 13:11:27.999 [info] > git config --get commit.template [5ms]
2024-01-12 13:11:28.012 [info] > git for-each-ref --format=%(refname)%00%(upstream:short)%00%(objectname)%00%(upstream:track)%00%(upstream:remotename)%00%(upstream:remoteref) refs/heads/Task02-Creating-mockup-layout refs/remotes/Task02-Creating-mockup-layout [6ms]
2024-01-12 13:11:28.064 [info] > git status -z -uall [43ms]
2024-01-12 13:11:33.090 [info] > git config --get commit.template [10ms]
2024-01-12 13:11:33.091 [info] > git for-each-ref --format=%(refname)%00%(upstream:short)%00%(objectname)%00%(upstream:track)%00%(upstream:remotename)%00%(upstream:remoteref) refs/heads/Task02-Creating-mockup-layout refs/remotes/Task02-Creating-mockup-layout [3ms]
2024-01-12 13:11:33.152 [info] > git status -z -uall [51ms]
2024-01-12 13:11:34.174 [info] > git ls-files --stage -- /home/sss/SSS-HA/resources/views/cars/details.blade.php [5ms]
2024-01-12 13:11:34.189 [info] > git show --textconv :SSS-HA/resources/views/cars/details.blade.php [3ms]
2024-01-12 13:12:07.033 [info] > git config --get commit.template [3ms]
2024-01-12 13:12:07.049 [info] > git for-each-ref --format=%(refname)%00%(upstream:short)%00%(objectname)%00%(upstream:track)%00%(upstream:remotename)%00%(upstream:remoteref) refs/heads/Task02-Creating-mockup-layout refs/remotes/Task02-Creating-mockup-layout [3ms]
2024-01-12 13:12:07.108 [info] > git status -z -uall [52ms]
2024-01-12 13:12:38.809 [info] > git config --get commit.template [10ms]
2024-01-12 13:12:38.811 [info] > git for-each-ref --format=%(refname)%00%(upstream:short)%00%(objectname)%00%(upstream:track)%00%(upstream:remotename)%00%(upstream:remoteref) refs/heads/Task02-Creating-mockup-layout refs/remotes/Task02-Creating-mockup-layout [3ms]
2024-01-12 13:12:38.866 [info] > git status -z -uall [47ms]
2024-01-12 13:12:43.899 [info] > git config --get commit.template [11ms]
2024-01-12 13:12:43.901 [info] > git for-each-ref --format=%(refname)%00%(upstream:short)%00%(objectname)%00%(upstream:track)%00%(upstream:remotename)%00%(upstream:remoteref) refs/heads/Task02-Creating-mockup-layout refs/remotes/Task02-Creating-mockup-layout [5ms]
2024-01-12 13:12:43.963 [info] > git status -z -uall [49ms]
2024-01-12 13:12:48.992 [info] > git config --get commit.template [2ms]
2024-01-12 13:12:49.004 [info] > git for-each-ref --format=%(refname)%00%(upstream:short)%00%(objectname)%00%(upstream:track)%00%(upstream:remotename)%00%(upstream:remoteref) refs/heads/Task02-Creating-mockup-layout refs/remotes/Task02-Creating-mockup-layout [5ms]
2024-01-12 13:12:49.066 [info] > git status -z -uall [51ms]
2024-01-12 13:12:54.089 [info] > git config --get commit.template [9ms]
2024-01-12 13:12:54.090 [info] > git for-each-ref --format=%(refname)%00%(upstream:short)%00%(objectname)%00%(upstream:track)%00%(upstream:remotename)%00%(upstream:remoteref) refs/heads/Task02-Creating-mockup-layout refs/remotes/Task02-Creating-mockup-layout [3ms]
2024-01-12 13:12:54.141 [info] > git status -z -uall [44ms]
2024-01-12 13:12:59.167 [info] > git config --get commit.template [9ms]
2024-01-12 13:12:59.168 [info] > git for-each-ref --format=%(refname)%00%(upstream:short)%00%(objectname)%00%(upstream:track)%00%(upstream:remotename)%00%(upstream:remoteref) refs/heads/Task02-Creating-mockup-layout refs/remotes/Task02-Creating-mockup-layout [2ms]
2024-01-12 13:12:59.224 [info] > git status -z -uall [47ms]
2024-01-12 13:13:17.371 [info] > git config --get commit.template [11ms]
2024-01-12 13:13:17.372 [info] > git for-each-ref --format=%(refname)%00%(upstream:short)%00%(objectname)%00%(upstream:track)%00%(upstream:remotename)%00%(upstream:remoteref) refs/heads/Task02-Creating-mockup-layout refs/remotes/Task02-Creating-mockup-layout [4ms]
2024-01-12 13:13:17.428 [info] > git status -z -uall [49ms]
2024-01-12 13:13:23.455 [info] > git config --get commit.template [9ms]
2024-01-12 13:13:23.458 [info] > git for-each-ref --format=%(refname)%00%(upstream:short)%00%(objectname)%00%(upstream:track)%00%(upstream:remotename)%00%(upstream:remoteref) refs/heads/Task02-Creating-mockup-layout refs/remotes/Task02-Creating-mockup-layout [5ms]
2024-01-12 13:13:23.525 [info] > git status -z -uall [60ms]
2024-01-12 13:13:28.544 [info] > git config --get commit.template [1ms]
2024-01-12 13:13:28.557 [info] > git for-each-ref --format=%(refname)%00%(upstream:short)%00%(objectname)%00%(upstream:track)%00%(upstream:remotename)%00%(upstream:remoteref) refs/heads/Task02-Creating-mockup-layout refs/remotes/Task02-Creating-mockup-layout [3ms]
2024-01-12 13:13:28.610 [info] > git status -z -uall [45ms]
2024-01-12 13:13:38.581 [info] > git config --get commit.template [9ms]
2024-01-12 13:13:38.583 [info] > git for-each-ref --format=%(refname)%00%(upstream:short)%00%(objectname)%00%(upstream:track)%00%(upstream:remotename)%00%(upstream:remoteref) refs/heads/Task02-Creating-mockup-layout refs/remotes/Task02-Creating-mockup-layout [3ms]
2024-01-12 13:13:38.640 [info] > git status -z -uall [49ms]
2024-01-12 13:13:43.673 [info] > git config --get commit.template [13ms]
2024-01-12 13:13:43.676 [info] > git for-each-ref --format=%(refname)%00%(upstream:short)%00%(objectname)%00%(upstream:track)%00%(upstream:remotename)%00%(upstream:remoteref) refs/heads/Task02-Creating-mockup-layout refs/remotes/Task02-Creating-mockup-layout [5ms]
2024-01-12 13:13:43.731 [info] > git status -z -uall [47ms]
2024-01-12 13:13:48.759 [info] > git config --get commit.template [1ms]
2024-01-12 13:13:48.773 [info] > git for-each-ref --format=%(refname)%00%(upstream:short)%00%(objectname)%00%(upstream:track)%00%(upstream:remotename)%00%(upstream:remoteref) refs/heads/Task02-Creating-mockup-layout refs/remotes/Task02-Creating-mockup-layout [4ms]
2024-01-12 13:13:48.829 [info] > git status -z -uall [43ms]
2024-01-12 13:13:53.867 [info] > git config --get commit.template [10ms]
2024-01-12 13:13:53.871 [info] > git for-each-ref --format=%(refname)%00%(upstream:short)%00%(objectname)%00%(upstream:track)%00%(upstream:remotename)%00%(upstream:remoteref) refs/heads/Task02-Creating-mockup-layout refs/remotes/Task02-Creating-mockup-layout [5ms]
2024-01-12 13:13:53.930 [info] > git status -z -uall [49ms]
2024-01-12 13:14:05.257 [info] > git config --get commit.template [10ms]
2024-01-12 13:14:05.259 [info] > git for-each-ref --format=%(refname)%00%(upstream:short)%00%(objectname)%00%(upstream:track)%00%(upstream:remotename)%00%(upstream:remoteref) refs/heads/Task02-Creating-mockup-layout refs/remotes/Task02-Creating-mockup-layout [3ms]
2024-01-12 13:14:05.321 [info] > git status -z -uall [54ms]
2024-01-12 13:14:05.881 [info] > git for-each-ref --sort -committerdate --format %(refname) %(objectname) %(*objectname) [1ms]
2024-01-12 13:14:10.360 [info] > git config --get commit.template [12ms]
2024-01-12 13:14:10.366 [info] > git for-each-ref --format=%(refname)%00%(upstream:short)%00%(objectname)%00%(upstream:track)%00%(upstream:remotename)%00%(upstream:remoteref) refs/heads/Task02-Creating-mockup-layout refs/remotes/Task02-Creating-mockup-layout [7ms]
2024-01-12 13:14:10.433 [info] > git status -z -uall [50ms]
2024-01-12 13:14:17.421 [info] > git config --get commit.template [12ms]
2024-01-12 13:14:17.425 [info] > git for-each-ref --format=%(refname)%00%(upstream:short)%00%(objectname)%00%(upstream:track)%00%(upstream:remotename)%00%(upstream:remoteref) refs/heads/Task02-Creating-mockup-layout refs/remotes/Task02-Creating-mockup-layout [6ms]
2024-01-12 13:14:17.483 [info] > git status -z -uall [51ms]
2024-01-12 13:14:19.067 [info] > git for-each-ref --sort -committerdate --format %(refname) %(objectname) %(*objectname) [5ms]
2024-01-12 13:14:22.514 [info] > git config --get commit.template [9ms]
2024-01-12 13:14:22.516 [info] > git for-each-ref --format=%(refname)%00%(upstream:short)%00%(objectname)%00%(upstream:track)%00%(upstream:remotename)%00%(upstream:remoteref) refs/heads/Task02-Creating-mockup-layout refs/remotes/Task02-Creating-mockup-layout [4ms]
2024-01-12 13:14:22.573 [info] > git status -z -uall [47ms]
2024-01-12 13:14:23.218 [info] > git for-each-ref --format %(refname:short)%00%(upstream:short) refs/heads [4ms]
2024-01-12 13:14:23.263 [info] > git checkout -q Task02-Creating-mockup-layout [35ms]
2024-01-12 13:14:23.279 [info] > git config --get commit.template [8ms]
2024-01-12 13:14:23.283 [info] > git for-each-ref --format=%(refname)%00%(upstream:short)%00%(objectname)%00%(upstream:track)%00%(upstream:remotename)%00%(upstream:remoteref) refs/heads/Task02-Creating-mockup-layout refs/remotes/Task02-Creating-mockup-layout [5ms]
2024-01-12 13:14:23.344 [info] > git status -z -uall [46ms]
2024-01-12 13:14:25.229 [info] > git log --oneline --cherry Task02-Creating-mockup-layout...Task02-Creating-mockup-layout@{upstream} -- [12ms]
2024-01-12 13:14:25.239 [info] > git ls-files --stage -- /home/sss/SSS-HA/resources/views/cars/details.blade.php [12ms]
2024-01-12 13:14:25.271 [info] > git show --textconv :SSS-HA/resources/views/cars/details.blade.php [5ms]
2024-01-12 13:14:26.255 [info] > git pull --tags origin Task02-Creating-mockup-layout [1018ms]
2024-01-12 13:14:26.255 [info] fatal: couldn't find remote ref Task02-Creating-mockup-layout
2024-01-12 13:14:26.266 [info] > git config --get commit.template [1ms]
2024-01-12 13:14:26.277 [info] > git for-each-ref --format=%(refname)%00%(upstream:short)%00%(objectname)%00%(upstream:track)%00%(upstream:remotename)%00%(upstream:remoteref) refs/heads/Task02-Creating-mockup-layout refs/remotes/Task02-Creating-mockup-layout [3ms]
2024-01-12 13:14:26.340 [info] > git status -z -uall [51ms]
2024-01-12 13:14:29.706 [info] > git config --get commit.template [13ms]
2024-01-12 13:14:29.715 [info] > git for-each-ref --format=%(refname)%00%(upstream:short)%00%(objectname)%00%(upstream:track)%00%(upstream:remotename)%00%(upstream:remoteref) refs/heads/Task02-Creating-mockup-layout refs/remotes/Task02-Creating-mockup-layout [12ms]
2024-01-12 13:14:29.727 [info] > git ls-files --stage -- /home/sss/SSS-HA/resources/views/cars/details.blade.php [12ms]
2024-01-12 13:14:29.751 [info] > git show --textconv :SSS-HA/resources/views/cars/details.blade.php [6ms]
2024-01-12 13:14:29.778 [info] > git status -z -uall [54ms]
2024-01-12 13:14:34.815 [info] > git config --get commit.template [3ms]
2024-01-12 13:14:34.831 [info] > git for-each-ref --format=%(refname)%00%(upstream:short)%00%(objectname)%00%(upstream:track)%00%(upstream:remotename)%00%(upstream:remoteref) refs/heads/Task02-Creating-mockup-layout refs/remotes/Task02-Creating-mockup-layout [8ms]
2024-01-12 13:14:34.889 [info] > git status -z -uall [46ms]
2024-01-12 13:14:35.793 [info] > git ls-files --stage -- /home/sss/SSS-HA/resources/views/cars/details.blade.php [4ms]
2024-01-12 13:14:35.804 [info] > git show --textconv :SSS-HA/resources/views/cars/details.blade.php [2ms]
2024-01-12 13:14:39.924 [info] > git config --get commit.template [15ms]
2024-01-12 13:14:39.925 [info] > git for-each-ref --format=%(refname)%00%(upstream:short)%00%(objectname)%00%(upstream:track)%00%(upstream:remotename)%00%(upstream:remoteref) refs/heads/Task02-Creating-mockup-layout refs/remotes/Task02-Creating-mockup-layout [3ms]
2024-01-12 13:14:39.979 [info] > git status -z -uall [47ms]
2024-01-12 13:14:59.681 [info] > git config --get commit.template [11ms]
2024-01-12 13:14:59.682 [info] > git for-each-ref --format=%(refname)%00%(upstream:short)%00%(objectname)%00%(upstream:track)%00%(upstream:remotename)%00%(upstream:remoteref) refs/heads/Task02-Creating-mockup-layout refs/remotes/Task02-Creating-mockup-layout [3ms]
2024-01-12 13:14:59.740 [info] > git status -z -uall [51ms]
2024-01-12 13:25:05.981 [info] > git config --get commit.template [10ms]
2024-01-12 13:25:05.986 [info] > git for-each-ref --format=%(refname)%00%(upstream:short)%00%(objectname)%00%(upstream:track)%00%(upstream:remotename)%00%(upstream:remoteref) refs/heads/Task02-Creating-mockup-layout refs/remotes/Task02-Creating-mockup-layout [5ms]
2024-01-12 13:25:06.044 [info] > git status -z -uall [51ms]
2024-01-12 13:25:42.254 [info] > git config --get commit.template [11ms]
2024-01-12 13:25:42.256 [info] > git for-each-ref --format=%(refname)%00%(upstream:short)%00%(objectname)%00%(upstream:track)%00%(upstream:remotename)%00%(upstream:remoteref) refs/heads/Task02-Creating-mockup-layout refs/remotes/Task02-Creating-mockup-layout [4ms]
2024-01-12 13:25:42.322 [info] > git status -z -uall [55ms]
2024-01-12 13:25:45.115 [info] > git for-each-ref --sort -committerdate --format %(refname) %(objectname) %(*objectname) [6ms]
2024-01-12 13:25:47.358 [info] > git config --get commit.template [14ms]
2024-01-12 13:25:47.358 [info] > git for-each-ref --format=%(refname)%00%(upstream:short)%00%(objectname)%00%(upstream:track)%00%(upstream:remotename)%00%(upstream:remoteref) refs/heads/Task02-Creating-mockup-layout refs/remotes/Task02-Creating-mockup-layout [5ms]
2024-01-12 13:25:47.417 [info] > git status -z -uall [48ms]
2024-01-12 13:25:48.133 [info] > git for-each-ref --format %(refname:short)%00%(upstream:short) refs/heads [5ms]
2024-01-12 13:25:48.177 [info] > git checkout -q Task02-Creating-mockup-layout [34ms]
2024-01-12 13:25:48.195 [info] > git config --get commit.template [10ms]
2024-01-12 13:25:48.198 [info] > git for-each-ref --format=%(refname)%00%(upstream:short)%00%(objectname)%00%(upstream:track)%00%(upstream:remotename)%00%(upstream:remoteref) refs/heads/Task02-Creating-mockup-layout refs/remotes/Task02-Creating-mockup-layout [5ms]
2024-01-12 13:25:48.253 [info] > git status -z -uall [47ms]
2024-01-12 13:25:50.577 [info] > git ls-files --stage -- /home/sss/SSS-HA/resources/views/cars/details.blade.php [6ms]
2024-01-12 13:25:50.612 [info] > git add -A -- . [60ms]
2024-01-12 13:25:50.612 [info] error: 'SSS-HA/SSS-HA/' does not have a commit checked out
fatal: adding files failed
2024-01-12 13:25:50.629 [info] > git config --get commit.template [9ms]
2024-01-12 13:25:50.639 [info] > git for-each-ref --format=%(refname)%00%(upstream:short)%00%(objectname)%00%(upstream:track)%00%(upstream:remotename)%00%(upstream:remoteref) refs/heads/Task02-Creating-mockup-layout refs/remotes/Task02-Creating-mockup-layout [11ms]
2024-01-12 13:25:50.648 [info] > git show --textconv :SSS-HA/resources/views/cars/details.blade.php [11ms]
2024-01-12 13:25:50.694 [info] > git status -z -uall [46ms]
2024-01-12 13:26:09.564 [info] > git config --get commit.template [2ms]
2024-01-12 13:26:09.575 [info] > git for-each-ref --format=%(refname)%00%(upstream:short)%00%(objectname)%00%(upstream:track)%00%(upstream:remotename)%00%(upstream:remoteref) refs/heads/Task02-Creating-mockup-layout refs/remotes/Task02-Creating-mockup-layout [2ms]
2024-01-12 13:26:09.635 [info] > git status -z -uall [51ms]
2024-01-12 13:26:21.616 [info] > git config --get commit.template [18ms]
2024-01-12 13:26:21.636 [info] > git for-each-ref --format=%(refname)%00%(upstream:short)%00%(objectname)%00%(upstream:track)%00%(upstream:remotename)%00%(upstream:remoteref) refs/heads/Task02-Creating-mockup-layout refs/remotes/Task02-Creating-mockup-layout [23ms]
2024-01-12 13:26:21.726 [info] > git add -A -- . [95ms]
2024-01-12 13:26:21.727 [info] error: 'SSS-HA/SSS-HA/' does not have a commit checked out
fatal: adding files failed
2024-01-12 13:26:21.737 [info] > git status -z -uall [85ms] (cancelled)
2024-01-12 13:26:21.750 [info] > git config --get commit.template [12ms]
2024-01-12 13:26:21.752 [info] > git for-each-ref --format=%(refname)%00%(upstream:short)%00%(objectname)%00%(upstream:track)%00%(upstream:remotename)%00%(upstream:remoteref) refs/heads/Task02-Creating-mockup-layout refs/remotes/Task02-Creating-mockup-layout [4ms]
2024-01-12 13:26:21.818 [info] > git status -z -uall [58ms]
2024-01-12 13:26:59.379 [info] > git config --get commit.template [12ms]
2024-01-12 13:26:59.380 [info] > git for-each-ref --format=%(refname)%00%(upstream:short)%00%(objectname)%00%(upstream:track)%00%(upstream:remotename)%00%(upstream:remoteref) refs/heads/Task02-Creating-mockup-layout refs/remotes/Task02-Creating-mockup-layout [4ms]
2024-01-12 13:26:59.437 [info] > git status -z -uall [49ms]
2024-01-12 13:27:46.070 [info] > git config --get commit.template [11ms]
2024-01-12 13:27:46.072 [info] > git for-each-ref --format=%(refname)%00%(upstream:short)%00%(objectname)%00%(upstream:track)%00%(upstream:remotename)%00%(upstream:remoteref) refs/heads/Task02-Creating-mockup-layout refs/remotes/Task02-Creating-mockup-layout [4ms]
2024-01-12 13:27:46.137 [info] > git status -z -uall [57ms]
2024-01-12 13:27:48.314 [info] > git add -A -- . [73ms]
2024-01-12 13:27:48.314 [info] error: 'SSS-HA/SSS-HA/' does not have a commit checked out
fatal: adding files failed
2024-01-12 13:27:48.333 [info] > git config --get commit.template [10ms]
2024-01-12 13:27:48.335 [info] > git for-each-ref --format=%(refname)%00%(upstream:short)%00%(objectname)%00%(upstream:track)%00%(upstream:remotename)%00%(upstream:remoteref) refs/heads/Task02-Creating-mockup-layout refs/remotes/Task02-Creating-mockup-layout [3ms]
2024-01-12 13:27:48.404 [info] > git status -z -uall [55ms]
2024-01-12 13:27:51.165 [info] > git config --get commit.template [2ms]
2024-01-12 13:27:51.177 [info] > git for-each-ref --format=%(refname)%00%(upstream:short)%00%(objectname)%00%(upstream:track)%00%(upstream:remotename)%00%(upstream:remoteref) refs/heads/Task02-Creating-mockup-layout refs/remotes/Task02-Creating-mockup-layout [2ms]
2024-01-12 13:27:51.236 [info] > git status -z -uall [50ms]
2024-01-12 13:27:56.271 [info] > git for-each-ref --format=%(refname)%00%(upstream:short)%00%(objectname)%00%(upstream:track)%00%(upstream:remotename)%00%(upstream:remoteref) refs/heads/Task02-Creating-mockup-layout refs/remotes/Task02-Creating-mockup-layout [1ms]
2024-01-12 13:27:56.271 [info] > git config --get commit.template [15ms]
2024-01-12 13:27:56.341 [info] > git status -z -uall [56ms]
2024-01-12 13:28:01.370 [info] > git config --get commit.template [9ms]
2024-01-12 13:28:01.372 [info] > git for-each-ref --format=%(refname)%00%(upstream:short)%00%(objectname)%00%(upstream:track)%00%(upstream:remotename)%00%(upstream:remoteref) refs/heads/Task02-Creating-mockup-layout refs/remotes/Task02-Creating-mockup-layout [3ms]
2024-01-12 13:28:01.435 [info] > git status -z -uall [47ms]
2024-01-12 13:28:06.786 [info] > git config --get commit.template [12ms]
2024-01-12 13:28:06.798 [info] > git for-each-ref --format=%(refname)%00%(upstream:short)%00%(objectname)%00%(upstream:track)%00%(upstream:remotename)%00%(upstream:remoteref) refs/heads/Task02-Creating-mockup-layout refs/remotes/Task02-Creating-mockup-layout [14ms]
2024-01-12 13:28:06.864 [info] > git add -A -- . [68ms]
2024-01-12 13:28:06.864 [info] error: 'SSS-HA/SSS-HA/' does not have a commit checked out
fatal: adding files failed
2024-01-12 13:28:06.873 [info] > git status -z -uall [60ms] (cancelled)
2024-01-12 13:28:06.883 [info] > git config --get commit.template [10ms]
2024-01-12 13:28:06.885 [info] > git for-each-ref --format=%(refname)%00%(upstream:short)%00%(objectname)%00%(upstream:track)%00%(upstream:remotename)%00%(upstream:remoteref) refs/heads/Task02-Creating-mockup-layout refs/remotes/Task02-Creating-mockup-layout [4ms]
2024-01-12 13:28:06.942 [info] > git status -z -uall [49ms]
2024-01-12 13:28:11.995 [info] > git config --get commit.template [10ms]
2024-01-12 13:28:11.997 [info] > git for-each-ref --format=%(refname)%00%(upstream:short)%00%(objectname)%00%(upstream:track)%00%(upstream:remotename)%00%(upstream:remoteref) refs/heads/Task02-Creating-mockup-layout refs/remotes/Task02-Creating-mockup-layout [4ms]
2024-01-12 13:28:12.052 [info] > git status -z -uall [48ms]
2024-01-12 13:28:17.075 [info] > git config --get commit.template [8ms]
2024-01-12 13:28:17.085 [info] > git for-each-ref --format=%(refname)%00%(upstream:short)%00%(objectname)%00%(upstream:track)%00%(upstream:remotename)%00%(upstream:remoteref) refs/heads/Task02-Creating-mockup-layout refs/remotes/Task02-Creating-mockup-layout [11ms]
2024-01-12 13:28:17.155 [info] > git status -z -uall [61ms]
2024-01-12 13:28:22.191 [info] > git config --get commit.template [16ms]
2024-01-12 13:28:22.194 [info] > git for-each-ref --format=%(refname)%00%(upstream:short)%00%(objectname)%00%(upstream:track)%00%(upstream:remotename)%00%(upstream:remoteref) refs/heads/Task02-Creating-mockup-layout refs/remotes/Task02-Creating-mockup-layout [6ms]
2024-01-12 13:28:22.272 [info] > git status -z -uall [65ms]
2024-01-12 13:28:27.299 [info] > git config --get commit.template [4ms]
2024-01-12 13:28:27.314 [info] > git for-each-ref --format=%(refname)%00%(upstream:short)%00%(objectname)%00%(upstream:track)%00%(upstream:remotename)%00%(upstream:remoteref) refs/heads/Task02-Creating-mockup-layout refs/remotes/Task02-Creating-mockup-layout [3ms]
2024-01-12 13:28:27.383 [info] > git status -z -uall [47ms]
2024-01-12 13:28:32.410 [info] > git config --get commit.template [10ms]
2024-01-12 13:28:32.412 [info] > git for-each-ref --format=%(refname)%00%(upstream:short)%00%(objectname)%00%(upstream:track)%00%(upstream:remotename)%00%(upstream:remoteref) refs/heads/Task02-Creating-mockup-layout refs/remotes/Task02-Creating-mockup-layout [3ms]
2024-01-12 13:28:32.470 [info] > git status -z -uall [50ms]
2024-01-12 13:28:37.491 [info] > git config --get commit.template [8ms]
2024-01-12 13:28:37.496 [info] > git for-each-ref --format=%(refname)%00%(upstream:short)%00%(objectname)%00%(upstream:track)%00%(upstream:remotename)%00%(upstream:remoteref) refs/heads/Task02-Creating-mockup-layout refs/remotes/Task02-Creating-mockup-layout [5ms]
2024-01-12 13:28:37.573 [info] > git status -z -uall [56ms]
2024-01-12 13:28:42.607 [info] > git config --get commit.template [15ms]
2024-01-12 13:28:42.610 [info] > git for-each-ref --format=%(refname)%00%(upstream:short)%00%(objectname)%00%(upstream:track)%00%(upstream:remotename)%00%(upstream:remoteref) refs/heads/Task02-Creating-mockup-layout refs/remotes/Task02-Creating-mockup-layout [4ms]
2024-01-12 13:28:42.685 [info] > git status -z -uall [64ms]
2024-01-12 13:28:47.718 [info] > git config --get commit.template [10ms]
2024-01-12 13:28:47.719 [info] > git for-each-ref --format=%(refname)%00%(upstream:short)%00%(objectname)%00%(upstream:track)%00%(upstream:remotename)%00%(upstream:remoteref) refs/heads/Task02-Creating-mockup-layout refs/remotes/Task02-Creating-mockup-layout [2ms]
2024-01-12 13:28:47.792 [info] > git status -z -uall [65ms]
2024-01-12 13:28:52.252 [info] > git for-each-ref --sort -committerdate --format %(refname) %(objectname) %(*objectname) [3ms]
2024-01-12 13:28:52.819 [info] > git config --get commit.template [10ms]
2024-01-12 13:28:52.821 [info] > git for-each-ref --format=%(refname)%00%(upstream:short)%00%(objectname)%00%(upstream:track)%00%(upstream:remotename)%00%(upstream:remoteref) refs/heads/Task02-Creating-mockup-layout refs/remotes/Task02-Creating-mockup-layout [4ms]
2024-01-12 13:28:52.877 [info] > git status -z -uall [48ms]
2024-01-12 13:28:57.911 [info] > git config --get commit.template [11ms]
2024-01-12 13:28:57.913 [info] > git for-each-ref --format=%(refname)%00%(upstream:short)%00%(objectname)%00%(upstream:track)%00%(upstream:remotename)%00%(upstream:remoteref) refs/heads/Task02-Creating-mockup-layout refs/remotes/Task02-Creating-mockup-layout [3ms]
2024-01-12 13:28:57.973 [info] > git status -z -uall [51ms]
2024-01-12 13:29:03.003 [info] > git config --get commit.template [1ms]
2024-01-12 13:29:03.019 [info] > git for-each-ref --format=%(refname)%00%(upstream:short)%00%(objectname)%00%(upstream:track)%00%(upstream:remotename)%00%(upstream:remoteref) refs/heads/Task02-Creating-mockup-layout refs/remotes/Task02-Creating-mockup-layout [2ms]
2024-01-12 13:29:03.082 [info] > git status -z -uall [49ms]
2024-01-12 13:29:06.380 [info] > git checkout -q -b Task02-Creating-mockup-layout --no-track HEAD [3ms]
2024-01-12 13:29:06.381 [info] fatal: 'HEAD' is not a commit and a branch 'Task02-Creating-mockup-layout' cannot be created from it
2024-01-12 13:29:06.398 [info] > git config --get commit.template [9ms]
2024-01-12 13:29:06.399 [info] > git for-each-ref --format=%(refname)%00%(upstream:short)%00%(objectname)%00%(upstream:track)%00%(upstream:remotename)%00%(upstream:remoteref) refs/heads/main refs/remotes/main [3ms]
2024-01-12 13:29:06.407 [info] > git status -z -uall [3ms]
2024-01-12 13:29:10.210 [info] > git config --get commit.template [10ms]
2024-01-12 13:29:10.212 [info] > git for-each-ref --format=%(refname)%00%(upstream:short)%00%(objectname)%00%(upstream:track)%00%(upstream:remotename)%00%(upstream:remoteref) refs/heads/Task02-Creating-mockup-layout refs/remotes/Task02-Creating-mockup-layout [4ms]
2024-01-12 13:29:10.271 [info] > git status -z -uall [50ms]
2024-01-12 13:29:12.052 [info] > git config --get commit.template [10ms]
2024-01-12 13:29:12.057 [info] > git for-each-ref --format=%(refname)%00%(upstream:short)%00%(objectname)%00%(upstream:track)%00%(upstream:remotename)%00%(upstream:remoteref) refs/heads/main refs/remotes/main [6ms]
2024-01-12 13:29:12.066 [info] > git status -z -uall [3ms]
2024-01-12 13:29:15.305 [info] > git config --get commit.template [10ms]
2024-01-12 13:29:15.310 [info] > git for-each-ref --format=%(refname)%00%(upstream:short)%00%(objectname)%00%(upstream:track)%00%(upstream:remotename)%00%(upstream:remoteref) refs/heads/Task02-Creating-mockup-layout refs/remotes/Task02-Creating-mockup-layout [6ms]
2024-01-12 13:29:15.367 [info] > git status -z -uall [48ms]
2024-01-12 13:29:20.388 [info] > git config --get commit.template [2ms]
2024-01-12 13:29:20.404 [info] > git for-each-ref --format=%(refname)%00%(upstream:short)%00%(objectname)%00%(upstream:track)%00%(upstream:remotename)%00%(upstream:remoteref) refs/heads/Task02-Creating-mockup-layout refs/remotes/Task02-Creating-mockup-layout [2ms]
2024-01-12 13:29:20.461 [info] > git status -z -uall [48ms]
2024-01-12 13:29:25.483 [info] > git config --get commit.template [2ms]
2024-01-12 13:29:25.497 [info] > git for-each-ref --format=%(refname)%00%(upstream:short)%00%(objectname)%00%(upstream:track)%00%(upstream:remotename)%00%(upstream:remoteref) refs/heads/Task02-Creating-mockup-layout refs/remotes/Task02-Creating-mockup-layout [4ms]
2024-01-12 13:29:25.555 [info] > git status -z -uall [48ms]
2024-01-12 13:29:30.584 [info] > git config --get commit.template [9ms]
2024-01-12 13:29:30.589 [info] > git for-each-ref --format=%(refname)%00%(upstream:short)%00%(objectname)%00%(upstream:track)%00%(upstream:remotename)%00%(upstream:remoteref) refs/heads/Task02-Creating-mockup-layout refs/remotes/Task02-Creating-mockup-layout [6ms]
2024-01-12 13:29:30.648 [info] > git status -z -uall [51ms]
2024-01-12 13:29:33.329 [info] > git add -A -- . [60ms]
2024-01-12 13:29:33.329 [info] error: 'SSS-HA/SSS-HA/' does not have a commit checked out
fatal: adding files failed
2024-01-12 13:29:33.349 [info] > git for-each-ref --format=%(refname)%00%(upstream:short)%00%(objectname)%00%(upstream:track)%00%(upstream:remotename)%00%(upstream:remoteref) refs/heads/Task02-Creating-mockup-layout refs/remotes/Task02-Creating-mockup-layout [2ms]
2024-01-12 13:29:33.350 [info] > git config --get commit.template [13ms]
2024-01-12 13:29:33.408 [info] > git status -z -uall [51ms]
2024-01-12 13:29:35.669 [info] > git config --get commit.template [6ms]
2024-01-12 13:29:35.672 [info] > git for-each-ref --format=%(refname)%00%(upstream:short)%00%(objectname)%00%(upstream:track)%00%(upstream:remotename)%00%(upstream:remoteref) refs/heads/Task02-Creating-mockup-layout refs/remotes/Task02-Creating-mockup-layout [3ms]
2024-01-12 13:29:35.738 [info] > git status -z -uall [57ms]
2024-01-12 13:29:40.768 [info] > git config --get commit.template [9ms]
2024-01-12 13:29:40.771 [info] > git for-each-ref --format=%(refname)%00%(upstream:short)%00%(objectname)%00%(upstream:track)%00%(upstream:remotename)%00%(upstream:remoteref) refs/heads/Task02-Creating-mockup-layout refs/remotes/Task02-Creating-mockup-layout [4ms]
2024-01-12 13:29:40.847 [info] > git status -z -uall [52ms]
2024-01-12 13:29:45.872 [info] > git config --get commit.template [6ms]
2024-01-12 13:29:45.874 [info] > git for-each-ref --format=%(refname)%00%(upstream:short)%00%(objectname)%00%(upstream:track)%00%(upstream:remotename)%00%(upstream:remoteref) refs/heads/Task02-Creating-mockup-layout refs/remotes/Task02-Creating-mockup-layout [3ms]
2024-01-12 13:29:45.936 [info] > git status -z -uall [52ms]
2024-01-12 13:29:50.961 [info] > git config --get commit.template [2ms]
2024-01-12 13:29:50.983 [info] > git for-each-ref --format=%(refname)%00%(upstream:short)%00%(objectname)%00%(upstream:track)%00%(upstream:remotename)%00%(upstream:remoteref) refs/heads/Task02-Creating-mockup-layout refs/remotes/Task02-Creating-mockup-layout [5ms]
2024-01-12 13:29:51.050 [info] > git status -z -uall [54ms]
2024-01-12 13:29:51.511 [info] > git for-each-ref --sort -committerdate --format %(refname) %(objectname) %(*objectname) [3ms]
2024-01-12 13:29:53.082 [info] > git for-each-ref --sort -committerdate --format %(refname) %(objectname) %(*objectname) [3ms]
2024-01-12 13:29:56.071 [info] > git config --get commit.template [8ms]
2024-01-12 13:29:56.073 [info] > git for-each-ref --format=%(refname)%00%(upstream:short)%00%(objectname)%00%(upstream:track)%00%(upstream:remotename)%00%(upstream:remoteref) refs/heads/Task02-Creating-mockup-layout refs/remotes/Task02-Creating-mockup-layout [4ms]
2024-01-12 13:29:56.143 [info] > git status -z -uall [54ms]
2024-01-12 13:29:59.356 [info] > git add -A -- . [63ms]
2024-01-12 13:29:59.356 [info] error: 'SSS-HA/SSS-HA/' does not have a commit checked out
fatal: adding files failed
2024-01-12 13:29:59.378 [info] > git config --get commit.template [14ms]
2024-01-12 13:29:59.384 [info] > git for-each-ref --format=%(refname)%00%(upstream:short)%00%(objectname)%00%(upstream:track)%00%(upstream:remotename)%00%(upstream:remoteref) refs/heads/Task02-Creating-mockup-layout refs/remotes/Task02-Creating-mockup-layout [9ms]
2024-01-12 13:29:59.445 [info] > git status -z -uall [52ms]
2024-01-12 13:30:01.175 [info] > git config --get commit.template [10ms]
2024-01-12 13:30:01.178 [info] > git for-each-ref --format=%(refname)%00%(upstream:short)%00%(objectname)%00%(upstream:track)%00%(upstream:remotename)%00%(upstream:remoteref) refs/heads/Task02-Creating-mockup-layout refs/remotes/Task02-Creating-mockup-layout [5ms]
2024-01-12 13:30:01.247 [info] > git status -z -uall [51ms]
2024-01-12 13:30:06.271 [info] > git config --get commit.template [6ms]
2024-01-12 13:30:06.274 [info] > git for-each-ref --format=%(refname)%00%(upstream:short)%00%(objectname)%00%(upstream:track)%00%(upstream:remotename)%00%(upstream:remoteref) refs/heads/Task02-Creating-mockup-layout refs/remotes/Task02-Creating-mockup-layout [5ms]
2024-01-12 13:30:06.343 [info] > git status -z -uall [57ms]
2024-01-12 13:30:11.371 [info] > git config --get commit.template [11ms]
2024-01-12 13:30:11.375 [info] > git for-each-ref --format=%(refname)%00%(upstream:short)%00%(objectname)%00%(upstream:track)%00%(upstream:remotename)%00%(upstream:remoteref) refs/heads/Task02-Creating-mockup-layout refs/remotes/Task02-Creating-mockup-layout [5ms]
2024-01-12 13:30:11.447 [info] > git status -z -uall [63ms]
2024-01-12 13:30:16.484 [info] > git config --get commit.template [12ms]
2024-01-12 13:30:16.486 [info] > git for-each-ref --format=%(refname)%00%(upstream:short)%00%(objectname)%00%(upstream:track)%00%(upstream:remotename)%00%(upstream:remoteref) refs/heads/Task02-Creating-mockup-layout refs/remotes/Task02-Creating-mockup-layout [3ms]
2024-01-12 13:30:16.542 [info] > git status -z -uall [47ms]
2024-01-12 13:30:21.567 [info] > git config --get commit.template [2ms]
2024-01-12 13:30:21.580 [info] > git for-each-ref --format=%(refname)%00%(upstream:short)%00%(objectname)%00%(upstream:track)%00%(upstream:remotename)%00%(upstream:remoteref) refs/heads/Task02-Creating-mockup-layout refs/remotes/Task02-Creating-mockup-layout [3ms]
2024-01-12 13:30:21.633 [info] > git status -z -uall [42ms]
2024-01-12 13:30:26.668 [info] > git config --get commit.template [15ms]
2024-01-12 13:30:26.673 [info] > git for-each-ref --format=%(refname)%00%(upstream:short)%00%(objectname)%00%(upstream:track)%00%(upstream:remotename)%00%(upstream:remoteref) refs/heads/Task02-Creating-mockup-layout refs/remotes/Task02-Creating-mockup-layout [8ms]
2024-01-12 13:30:26.737 [info] > git status -z -uall [52ms]
2024-01-12 13:30:31.766 [info] > git config --get commit.template [10ms]
2024-01-12 13:30:31.767 [info] > git for-each-ref --format=%(refname)%00%(upstream:short)%00%(objectname)%00%(upstream:track)%00%(upstream:remotename)%00%(upstream:remoteref) refs/heads/Task02-Creating-mockup-layout refs/remotes/Task02-Creating-mockup-layout [3ms]
2024-01-12 13:30:31.828 [info] > git status -z -uall [48ms]
2024-01-12 13:30:36.856 [info] > git for-each-ref --format=%(refname)%00%(upstream:short)%00%(objectname)%00%(upstream:track)%00%(upstream:remotename)%00%(upstream:remoteref) refs/heads/Task02-Creating-mockup-layout refs/remotes/Task02-Creating-mockup-layout [1ms]
2024-01-12 13:30:36.856 [info] > git config --get commit.template [13ms]
2024-01-12 13:30:36.913 [info] > git status -z -uall [47ms]
2024-01-12 13:31:18.987 [info] > git config --get commit.template [6ms]
2024-01-12 13:31:19.000 [info] > git for-each-ref --format=%(refname)%00%(upstream:short)%00%(objectname)%00%(upstream:track)%00%(upstream:remotename)%00%(upstream:remoteref) refs/heads/Task02-Creating-mockup-layout refs/remotes/Task02-Creating-mockup-layout [4ms]
2024-01-12 13:31:19.069 [info] > git status -z -uall [60ms]
2024-01-12 13:31:24.108 [info] > git config --get commit.template [15ms]
2024-01-12 13:31:24.111 [info] > git for-each-ref --format=%(refname)%00%(upstream:short)%00%(objectname)%00%(upstream:track)%00%(upstream:remotename)%00%(upstream:remoteref) refs/heads/Task02-Creating-mockup-layout refs/remotes/Task02-Creating-mockup-layout [5ms]
2024-01-12 13:31:24.173 [info] > git status -z -uall [52ms]
2024-01-12 13:31:29.213 [info] > git config --get commit.template [16ms]
2024-01-12 13:31:29.214 [info] > git for-each-ref --format=%(refname)%00%(upstream:short)%00%(objectname)%00%(upstream:track)%00%(upstream:remotename)%00%(upstream:remoteref) refs/heads/Task02-Creating-mockup-layout refs/remotes/Task02-Creating-mockup-layout [2ms]
2024-01-12 13:31:29.274 [info] > git status -z -uall [54ms]
2024-01-12 13:31:34.304 [info] > git config --get commit.template [10ms]
2024-01-12 13:31:34.306 [info] > git for-each-ref --format=%(refname)%00%(upstream:short)%00%(objectname)%00%(upstream:track)%00%(upstream:remotename)%00%(upstream:remoteref) refs/heads/Task02-Creating-mockup-layout refs/remotes/Task02-Creating-mockup-layout [3ms]
2024-01-12 13:31:34.364 [info] > git status -z -uall [51ms]
2024-01-12 13:31:36.749 [warning] ENOENT: no such file or directory, open '/home/sss/SSS-HA/SSS-HA/.git/HEAD'
2024-01-12 13:31:36.757 [warning] getRemotes() - ENOENT: no such file or directory, open '/home/sss/SSS-HA/SSS-HA/.git/config'
2024-01-12 13:31:36.768 [warning] ENOENT: no such file or directory, open '/home/sss/SSS-HA/SSS-HA/.git/HEAD'
2024-01-12 13:31:36.777 [warning] getRemotes() - ENOENT: no such file or directory, open '/home/sss/SSS-HA/SSS-HA/.git/config'
2024-01-12 13:31:37.732 [info] > git check-ignore -v -z --stdin [9ms]
2024-01-12 13:31:39.392 [info] > git config --get commit.template [1ms]
2024-01-12 13:31:39.403 [info] > git for-each-ref --format=%(refname)%00%(upstream:short)%00%(objectname)%00%(upstream:track)%00%(upstream:remotename)%00%(upstream:remoteref) refs/heads/Task02-Creating-mockup-layout refs/remotes/Task02-Creating-mockup-layout [3ms]
2024-01-12 13:31:39.476 [info] > git status -z -uall [49ms]
2024-01-12 13:31:39.686 [info] > git check-ignore -v -z --stdin [3ms]
2024-01-12 13:31:43.610 [info] > git check-ignore -v -z --stdin [14ms]
2024-01-12 13:31:44.544 [info] > git config --get commit.template [21ms]
2024-01-12 13:31:44.545 [info] > git for-each-ref --format=%(refname)%00%(upstream:short)%00%(objectname)%00%(upstream:track)%00%(upstream:remotename)%00%(upstream:remoteref) refs/heads/Task02-Creating-mockup-layout refs/remotes/Task02-Creating-mockup-layout [12ms]
